
Debian GNU/Linux 11 syzkaller ttyS0

Warning: Permanently added '[localhost]:55468' (ED25519) to the list of known hosts.
executing program
syzkaller login: [   35.437716][ T8216] loop0: detected capacity change from 0 to 512
[   35.442912][ T8216] EXT4-fs (loop0): mounted filesystem 00000000-0000-0000-0000-000000000000 r/w without journal. Quota mode: none.
[   35.445763][ T8216] FAULT_INJECTION: forcing a failure.
[   35.445763][ T8216] name failslab, interval 1, probability 0, space 0, times 1
[   35.446888][ T8216] CPU: 0 UID: 0 PID: 8216 Comm: syz-executor300 Not tainted 6.12.0-rc1 #5
[   35.447693][ T8216] Hardware name: QEMU Standard PC (i440FX + PIIX, 1996), BIOS 1.15.0-1 04/01/2014
[   35.448540][ T8216] Call Trace:
[   35.448854][ T8216]  <TASK>
[   35.449149][ T8216]  dump_stack_lvl+0xba/0xf0
[   35.449625][ T8216]  dump_stack+0x19/0x20
[   35.450054][ T8216]  should_fail_ex+0x13a/0x140
[   35.450547][ T8216]  should_failslab+0x48/0x70
[   35.451022][ T8216]  kmem_cache_alloc_noprof+0x41/0x2a0
[   35.451593][ T8216]  ? delete_node+0x105/0x3a0
[   35.452074][ T8216]  radix_tree_node_alloc.constprop.0+0x7f/0x180
[   35.452715][ T8216]  idr_get_free+0x321/0x4a0
[   35.453200][ T8216]  idr_alloc_u32+0xa7/0x130
[   35.453657][ T8216]  ? sprintf+0x5c/0x70
[   35.454090][ T8216]  l2tp_session_register+0xcf/0x6b0
[   35.454621][ T8216]  ? srso_return_thunk+0x5/0x5f
[   35.455100][ T8216]  ? __sanitizer_cov_trace_const_cmp1+0x1e/0x30
[   35.455735][ T8216]  pppol2tp_connect+0x4b6/0x870
[   35.456239][ T8216]  __sys_connect_file+0xa0/0xb0
[   35.456736][ T8216]  __sys_connect+0x107/0x130
[   35.457222][ T8216]  ? audit_list_rules_send+0x460/0x580
[   35.457738][ T8216]  ? srso_return_thunk+0x5/0x5f
[   35.458227][ T8216]  ? srso_return_thunk+0x5/0x5f
[   35.458719][ T8216]  ? __sanitizer_cov_trace_const_cmp8+0x1c/0x30
[   35.459357][ T8216]  ? srso_return_thunk+0x5/0x5f
[   35.459836][ T8216]  ? ksys_write+0xf7/0x150
[   35.460310][ T8216]  ? srso_return_thunk+0x5/0x5f
[   35.460787][ T8216]  __x64_sys_connect+0x20/0x30
[   35.461291][ T8216]  x64_sys_call+0x1e12/0x20d0
[   35.461778][ T8216]  do_syscall_64+0x9e/0x1d0
[   35.462240][ T8216]  entry_SYSCALL_64_after_hwframe+0x77/0x7f
[   35.462831][ T8216] RIP: 0033:0x7f9e080f4e7d
[   35.463272][ T8216] Code: c3 e8 d7 23 00 00 0f 1f 80 00 00 00 00 f3 0f 1e fa 48 89 f8 48 89 f7 48 89 d6 48 89 ca 4d 89 c2 4d 89 c8 4c 8b 4c 24 08 0f 05 <48> 3d 01 f0 ff ff 73 01 c3 48 c7 c1 b8 ff ff ff f7 d8 64 89 01 48
[   35.465028][ T8216] RSP: 002b:00007ffefb9ca328 EFLAGS: 00000246 ORIG_RAX: 000000000000002a
[   35.465820][ T8216] RAX: ffffffffffffffda RBX: 0000000000000003 RCX: 00007f9e080f4e7d
[   35.466560][ T8216] RDX: 0000000000000032 RSI: 00000000200000c0 RDI: 0000000000000005
[   35.467299][ T8216] RBP: 00007ffefb9ca360 R08: 0000000000000000 R09: 0000000120080522
[   35.468037][ T8216] R10: 0000000000000000 R11: 0000000000000246 R12: 0000000000000006
[   35.468780][ T8216] R13: 00007f9e08146176 R14: 00007f9e081733f0 R15: 0000000000000001
[   35.469525][ T8216]  </TASK>
[   35.472691][ T8241] EXT4-fs (loop0): unmounting filesystem 00000000-0000-0000-0000-000000000000.
[   35.561276][ T3222] ------------[ cut here ]------------
[   35.562293][ T3222] WARNING: CPU: 1 PID: 3222 at net/l2tp/l2tp_core.c:1877 l2tp_exit_net+0x42/0x120
[   35.563973][ T3222] Modules linked in:
[   35.564711][ T3222] CPU: 1 UID: 0 PID: 3222 Comm: kworker/u8:8 Not tainted 6.12.0-rc1 #5
[   35.566197][ T3222] Hardware name: QEMU Standard PC (i440FX + PIIX, 1996), BIOS 1.15.0-1 04/01/2014
[   35.567820][ T3222] Workqueue: netns cleanup_net
[   35.568808][ T3222] RIP: 0010:l2tp_exit_net+0x42/0x120
[   35.569821][ T3222] Code: a2 5e 03 e8 e0 b8 75 fc 49 8b 84 24 18 0d 00 00 48 8b 1c d8 e8 ff f9 75 fc 48 83 7b 30 00 4c 8d 63 28 74 63 e8 7f 8b 80 fc 90 <0f> 0b 90 e8 76 8b 80 fc 4c 89 e7 e8 fe e7 4d 00 48 83 7b 48 00 4c
[   35.573194][ T3222] RSP: 0018:ffff88800ec1fd78 EFLAGS: 00010293
[   35.574306][ T3222] RAX: 0000000000000000 RBX: ffff88800f423f00 RCX: 0000000000001d91
[   35.575727][ T3222] RDX: ffff88800ec39100 RSI: ffffffff84b45e81 RDI: ffff88800ec39100
[   35.577136][ T3222] RBP: ffff88800ec1fd90 R08: 0000000000000000 R09: 0000000000000000
[   35.578614][ T3222] R10: 0000000000008000 R11: 0000000000000000 R12: ffff88800f423f28
[   35.580038][ T3222] R13: ffff88800ec1fde0 R14: ffffffff86eb5c40 R15: ffffffffffffffc8
[   35.581468][ T3222] FS:  0000000000000000(0000) GS:ffff88807ee00000(0000) knlGS:0000000000000000
[   35.583057][ T3222] CS:  0010 DS: 0000 ES: 0000 CR0: 0000000080050033
[   35.584263][ T3222] CR2: 00007f099b0fa328 CR3: 0000000006a60000 CR4: 0000000000350ef0
[   35.585676][ T3222] Call Trace:
[   35.586294][ T3222]  <TASK>
[   35.586847][ T3222]  ? show_regs+0x68/0x80
[   35.587697][ T3222]  ? __warn+0xaa/0x1c0
[   35.588588][ T3222]  ? l2tp_exit_net+0x42/0x120
[   35.589507][ T3222]  ? report_bug+0x1fc/0x2d0
[   35.590384][ T3222]  ? l2tp_exit_net+0x42/0x120
[   35.591293][ T3222]  ? l2tp_exit_net+0x43/0x120
[   35.592089][ T3222]  ? handle_bug+0xf0/0x160
[   35.592855][ T3222]  ? exc_invalid_op+0x3c/0xb0
[   35.593659][ T3222]  ? asm_exc_invalid_op+0x1f/0x30
[   35.594526][ T3222]  ? l2tp_exit_net+0x41/0x120
[   35.595318][ T3222]  ? l2tp_exit_net+0x42/0x120
[   35.596101][ T3222]  ? l2tp_exit_net+0x41/0x120
[   35.596653][ T3222]  ? __pfx_l2tp_exit_net+0x10/0x10
[   35.597143][ T3222]  ops_exit_list+0x4a/0x90
[   35.597586][ T3222]  cleanup_net+0x33f/0x5f0
[   35.598028][ T3222]  ? __schedule+0x3dc/0x1220
[   35.598533][ T3222]  process_one_work+0x237/0x5c0
[   35.599028][ T3222]  ? srso_return_thunk+0x5/0x5f
[   35.599511][ T3222]  worker_thread+0x3c6/0x5f0
[   35.599983][ T3222]  ? __pfx_worker_thread+0x10/0x10
[   35.600507][ T3222]  kthread+0x11d/0x160
[   35.600913][ T3222]  ? __pfx_kthread+0x10/0x10
[   35.601372][ T3222]  ret_from_fork+0x54/0x60
[   35.601821][ T3222]  ? __pfx_kthread+0x10/0x10
[   35.602282][ T3222]  ret_from_fork_asm+0x1a/0x30
[   35.602785][ T3222]  </TASK>
[   35.603081][ T3222] ---[ end trace 0000000000000000 ]---

VM DIAGNOSIS:
20:32:45  Registers:
info registers vcpu 0
RAX=ffff88803ea00000 RBX=ffffffff86a2a940 RCX=ffffffff812eddb5 RDX=0000000000000000
RSI=0000000000000001 RDI=00000000002e382c RBP=ffffffff86a03e40 RSP=ffffffff86a03e40
R8 =00000000ffff9c82 R9 =0000000000000007 R10=0000000000000002 R11=0000000000001ac6
R12=0000000000000000 R13=0000000000000000 R14=0000000000000000 R15=0000000000000000
RIP=ffffffff8504dcf2 RFL=00000212 [----A--] CPL=0 II=0 A20=1 SMM=0 HLT=1
ES =0000 0000000000000000 00000000 00000000
CS =0010 0000000000000000 ffffffff 00a09b00 DPL=0 CS64 [-RA]
SS =0018 0000000000000000 ffffffff 00c09300 DPL=0 DS   [-WA]
DS =0000 0000000000000000 00000000 00000000
FS =0000 0000000000000000 00000000 00000000
GS =0000 ffff88803ea00000 00000000 00000000
LDT=0000 fffffe0000000000 00000000 00000000
TR =0040 fffffe0000003000 00004087 00008b00 DPL=0 TSS64-busy
GDT=     fffffe0000001000 0000007f
IDT=     fffffe0000000000 00000fff
CR0=80050033 CR2=00007f6453b1d6f8 CR3=000000000f40e000 CR4=00350ef0
DR0=0000000000000000 DR1=0000000000000000 DR2=0000000000000000 DR3=0000000000000000 
DR6=00000000ffff0ff0 DR7=0000000000000400
EFER=0000000000001d01
FCW=037f FSW=0000 [ST=0] FTW=00 MXCSR=00001f80
FPR0=0000000000000000 0000 FPR1=0000000000000000 0000
FPR2=0000000000000000 0000 FPR3=0000000000000000 0000
FPR4=0000000000000000 0000 FPR5=0000000000000000 0000
FPR6=0000000000000000 0000 FPR7=0000000000000000 0000
YMM00=0000000000000000 0000000000000000 0000000000000000 0000000000000000
YMM01=0000000000000000 0000000000000000 ffffffffffffffff 0000559354c9c0f0
YMM02=0000000000000000 0000000000000000 ffffff0f0e0d0c0b 0a09080706050403
YMM03=0000000000000000 0000000000000000 696e656420737365 636341002f737973
YMM04=0000000000000000 0000000000000000 4c414954494e495f 4345535500353737
YMM05=0000000000000000 0000000000000000 6765723a6d726f66 74616c703d534149
YMM06=0000000000000000 0000000000000000 006d726f6674616c 703d4d4554535953
YMM07=0000000000000000 0000000000000000 2f6d726f6674616c 702f736563697665
YMM08=0000000000000000 0000000000000000 3a56000a73253a51 000a73253a47000a
YMM09=0000000000000000 0000000000000000 0000000000000000 0000000000000000
YMM10=0000000000000000 0000000000000000 0000000000000000 0000000000000000
YMM11=0000000000000000 0000000000000000 0000000000000000 0000000000000000
YMM12=0000000000000000 0000000000000000 0000000000000000 0000000000000000
YMM13=0000000000000000 0000000000000000 0000000000000000 0000000000000000
YMM14=0000000000000000 0000000000000000 0000000000000000 0000000000000000
YMM15=0000000000000000 0000000000000000 0000000000000000 0000000000000000
info registers vcpu 1
RAX=ffff88807ee00000 RBX=ffff8880404a8000 RCX=ffffffff812eddb5 RDX=0000000000000001
RSI=0000000000000001 RDI=000000000001002c RBP=ffff888040647eb8 RSP=ffff888040647eb8
R8 =00000000ffff9c74 R9 =0000000000000007 R10=0000000000000002 R11=0000000000000001
R12=0000000000000001 R13=0000000000000000 R14=0000000000000000 R15=0000000000000000
RIP=ffffffff8504dcf2 RFL=00000212 [----A--] CPL=0 II=0 A20=1 SMM=0 HLT=1
ES =0000 0000000000000000 00000000 00000000
CS =0010 0000000000000000 ffffffff 00a09b00 DPL=0 CS64 [-RA]
SS =0018 0000000000000000 ffffffff 00c09300 DPL=0 DS   [-WA]
DS =0000 0000000000000000 00000000 00000000
FS =0000 0000000000000000 00000000 00000000
GS =0000 ffff88807ee00000 00000000 00000000
LDT=0000 fffffe0000000000 00000000 00000000
TR =0040 fffffe000003e000 00004087 00008b00 DPL=0 TSS64-busy
GDT=     fffffe000003c000 0000007f
IDT=     fffffe0000000000 00000fff
CR0=80050033 CR2=00007fba0bc04588 CR3=000000000dcc0000 CR4=00350ef0
DR0=0000000000000000 DR1=0000000000000000 DR2=0000000000000000 DR3=0000000000000000 
DR6=00000000ffff0ff0 DR7=0000000000000400
EFER=0000000000001d01
FCW=037f FSW=0000 [ST=0] FTW=00 MXCSR=00001f80
FPR0=0000000000000000 0000 FPR1=0000000000000000 0000
FPR2=0000000000000000 0000 FPR3=0000000000000000 0000
FPR4=0000000000000000 0000 FPR5=0000000000000000 0000
FPR6=0000000000000000 0000 FPR7=0000000000000000 0000
YMM00=0000000000000000 0000000000000000 0000000000000000 0000000000000000
YMM01=0000000000000000 0000000000000000 6576652d7372656b 726f772d6c6c696b
YMM02=0000000000000000 0000000000000000 ffffff0f0e0d0c0b 0a09080706050403
YMM03=0000000000000000 0000000000000000 696e656420737365 636341002f737973
YMM04=0000000000000000 0000000000000000 0000000000000000 0000000000000000
YMM05=0000000000000000 0000000000000000 0000559354c877e0 0000559354c89ae0
YMM06=0000000000000000 0000000000000000 0000559354d74690 0000000300000002
YMM07=0000000000000000 0000000000000000 0000000000000000 0000000000000000
YMM08=0000000000000000 0000000000000000 616c702f73656369 7665642f7379732f
YMM09=0000000000000000 0000000000000000 0000000000000000 0000000000000000
YMM10=0000000000000000 0000000000000000 0000000000000000 0000000000000000
YMM11=0000000000000000 0000000000000000 0000000000000000 0000000000000000
YMM12=0000000000000000 0000000000000000 0000000000000000 0000000000000000
YMM13=0000000000000000 0000000000000000 0000000000000000 0000000000000000
YMM14=0000000000000000 0000000000000000 0000000000000000 0000000000000000
YMM15=0000000000000000 0000000000000000 0000000000000000 0000000000000000
