Warning: Permanently added '[localhost]:65159' (ED25519) to the list of known hosts.
[   67.935092][   T60] audit: type=1400 audit(1742110252.491:21): avc:  denied  { execmem } for  pid=9589 comm="syz-executor238" scontext=unconfined_u:unconfined_r:unconfined_t:s0-s0:c0.c1023 tcontext=unconfined_u:unconfined_r:unconfined_t:s0-s0:c0.c1023 tclass=process permissive=1
executing program
[   67.981173][ T9589] Oops: general protection fault, probably for non-canonical address 0xdffffc0000000056: 0000 [#1] PREEMPT SMP KASAN NOPTI
[   67.982984][ T9589] KASAN: null-ptr-deref in range [0x00000000000002b0-0x00000000000002b7]
[   67.983991][ T9589] CPU: 4 UID: 0 PID: 9589 Comm: syz-executor238 Not tainted 6.14.0-rc6 #1
[   67.985438][ T9589] Hardware name: QEMU Standard PC (i440FX + PIIX, 1996), BIOS 1.15.0-1 04/01/2014
[   67.987275][ T9589] RIP: 0010:afs_atcell_get_link+0x33e/0x480
[   67.988280][ T9589] Code: 89 c3 89 c6 e8 43 2a 41 fe 85 db 75 64 e8 4a 2f 41 fe 48 8d bd b0 02 00 00 48 b8 00 00 00 00 00 fc ff df 48 89 fa 48 c1 ea 03 <80> 3c 02 00 0f 85 1f 01 00 00 4c 89 f6 bf 03 00 00 00 4c 8b a5 b0
[   67.991391][ T9589] RSP: 0018:ffffc900175b7990 EFLAGS: 00010216
[   67.992158][ T9589] RAX: dffffc0000000000 RBX: 0000000000000001 RCX: ffffffff8377085a
[   67.993134][ T9589] RDX: 0000000000000056 RSI: ffffffff837707e6 RDI: 00000000000002b0
[   67.994100][ T9589] RBP: 0000000000000000 R08: 0000000000000001 R09: fffffbfff2083d82
[   67.995068][ T9589] R10: 0000000000000001 R11: 0000000000000000 R12: 0000000000000000
[   67.996029][ T9589] R13: ffff88810b84e000 R14: 0000000000000003 R15: ffffffff837704c0
[   67.996998][ T9589] FS:  000055557774b3c0(0000) GS:ffff888062900000(0000) knlGS:0000000000000000
[   67.998076][ T9589] CS:  0010 DS: 0000 ES: 0000 CR0: 0000000080050033
[   67.998880][ T9589] CR2: 00007ffefb423f88 CR3: 000000003159c000 CR4: 0000000000350ef0
[   67.999846][ T9589] Call Trace:
[   68.000261][ T9589]  <TASK>
[   68.000645][ T9589]  ? die_addr+0x3c/0xa0
[   68.001201][ T9589]  ? exc_general_protection+0x1a3/0x320
[   68.001929][ T9589]  ? asm_exc_general_protection+0x26/0x30
[   68.002665][ T9589]  ? __pfx_afs_atcell_get_link+0x10/0x10
[   68.003379][ T9589]  ? afs_atcell_get_link+0x39a/0x480
[   68.004053][ T9589]  ? afs_atcell_get_link+0x326/0x480
[   68.004728][ T9589]  ? afs_atcell_get_link+0x33e/0x480
[   68.005393][ T9589]  ? __pfx_afs_atcell_get_link+0x10/0x10
[   68.006103][ T9589]  step_into+0x1882/0x2090
[   68.006675][ T9589]  ? __pfx_step_into+0x10/0x10
[   68.007278][ T9589]  ? srso_return_thunk+0x5/0x5f
[   68.007907][ T9589]  ? lookup_fast+0x152/0x5d0
[   68.008497][ T9589]  path_openat+0x54a/0x2960
[   68.009082][ T9589]  ? __pfx_path_openat+0x10/0x10
[   68.009715][ T9589]  ? __pfx___lock_acquire+0x10/0x10
[   68.010398][ T9589]  ? srso_return_thunk+0x5/0x5f
[   68.011034][ T9589]  ? find_held_lock+0x2d/0x120
[   68.011658][ T9589]  do_filp_open+0x1f8/0x460
[   68.012244][ T9589]  ? __pfx_do_filp_open+0x10/0x10
[   68.012895][ T9589]  ? alloc_fd+0x3a3/0x750
[   68.013467][ T9589]  ? srso_return_thunk+0x5/0x5f
[   68.014093][ T9589]  ? do_raw_spin_unlock+0x174/0x230
[   68.014758][ T9589]  ? alloc_fd+0x3a3/0x750
[   68.015320][ T9589]  do_sys_openat2+0x164/0x1d0
[   68.015938][ T9589]  ? __pfx_do_sys_openat2+0x10/0x10
[   68.016614][ T9589]  ? __pfx_do_unlinkat+0x10/0x10
[   68.017241][ T9589]  ? srso_return_thunk+0x5/0x5f
[   68.017871][ T9589]  __x64_sys_openat+0x140/0x1f0
[   68.018506][ T9589]  ? __pfx___x64_sys_openat+0x10/0x10
[   68.019200][ T9589]  do_syscall_64+0xcb/0x250
[   68.019800][ T9589]  entry_SYSCALL_64_after_hwframe+0x77/0x7f
[   68.020552][ T9589] RIP: 0033:0x7fb100d4fc0b
[   68.021106][ T9589] Code: 25 00 00 41 00 3d 00 00 41 00 74 4b 64 8b 04 25 18 00 00 00 85 c0 75 67 44 89 e2 48 89 ee bf 9c ff ff ff b8 01 01 00 00 0f 05 <48> 3d 00 f0 ff ff 0f 87 91 00 00 00 48 8b 54 24 28 64 48 2b 14 25
[   68.023382][ T9589] RSP: 002b:00007ffefb4246f0 EFLAGS: 00000246 ORIG_RAX: 0000000000000101
[   68.024396][ T9589] RAX: ffffffffffffffda RBX: 0000000000000000 RCX: 00007fb100d4fc0b
[   68.025361][ T9589] RDX: 0000000000000000 RSI: 00007ffefb424820 RDI: 00000000ffffff9c
[   68.026323][ T9589] RBP: 00007ffefb424820 R08: 0000000000000000 R09: 00007ffefb4245f0
[   68.027276][ T9589] R10: 0000000000000000 R11: 0000000000000246 R12: 0000000000000000
[   68.028420][ T9589] R13: 00005555777547b0 R14: 00007ffefb424788 R15: 000055557774b378
[   68.029527][ T9589]  </TASK>
[   68.030010][ T9589] Modules linked in:
[   68.030722][ T9589] ---[ end trace 0000000000000000 ]---
[   68.031500][ T9589] RIP: 0010:afs_atcell_get_link+0x33e/0x480
[   68.033116][ T9589] Code: 89 c3 89 c6 e8 43 2a 41 fe 85 db 75 64 e8 4a 2f 41 fe 48 8d bd b0 02 00 00 48 b8 00 00 00 00 00 fc ff df 48 89 fa 48 c1 ea 03 <80> 3c 02 00 0f 85 1f 01 00 00 4c 89 f6 bf 03 00 00 00 4c 8b a5 b0
[   68.035963][ T9589] RSP: 0018:ffffc900175b7990 EFLAGS: 00010216
[   68.037032][ T9589] RAX: dffffc0000000000 RBX: 0000000000000001 RCX: ffffffff8377085a
[   68.038260][ T9589] RDX: 0000000000000056 RSI: ffffffff837707e6 RDI: 00000000000002b0
[   68.039576][ T9589] RBP: 0000000000000000 R08: 0000000000000001 R09: fffffbfff2083d82
[   68.040674][ T9589] R10: 0000000000000001 R11: 0000000000000000 R12: 0000000000000000
[   68.041820][ T9589] R13: ffff88810b84e000 R14: 0000000000000003 R15: ffffffff837704c0
[   68.043134][ T9589] FS:  000055557774b3c0(0000) GS:ffff888062900000(0000) knlGS:0000000000000000
[   68.044513][ T9589] CS:  0010 DS: 0000 ES: 0000 CR0: 0000000080050033
[   68.045400][ T9589] CR2: 00007ffefb423f88 CR3: 000000003159c000 CR4: 0000000000350ef0
[   68.046608][ T9589] Kernel panic - not syncing: Fatal exception
[   68.047765][ T9589] Kernel Offset: disabled
[   68.048441][ T9589] Rebooting in 86400 seconds..

VM DIAGNOSIS:
07:30:52  Registers:
info registers vcpu 0
RAX=0000000000023cec RBX=0000000000000000 RCX=ffffffff8b3be8a9 RDX=ffffed100c506f86
RSI=0000000000000000 RDI=ffffffff818f5732 RBP=dffffc0000000000 RSP=ffffffff8dc07e10
R8 =0000000000000000 R9 =ffffed100c506f85 R10=ffff888062837c2b R11=0000000000000000
R12=0000000000000000 R13=ffffffff9041ec10 R14=0000000000000000 R15=0000000000000000
RIP=ffffffff8b3c021e RFL=00000246 [---Z-P-] CPL=0 II=0 A20=1 SMM=0 HLT=1
ES =0000 0000000000000000 00000000 00000000
CS =0010 0000000000000000 ffffffff 00a09b00 DPL=0 CS64 [-RA]
SS =0018 0000000000000000 ffffffff 00c09300 DPL=0 DS   [-WA]
DS =0000 0000000000000000 00000000 00000000
FS =0000 0000000000000000 00000000 00000000
GS =0000 ffff888062800000 00000000 00000000
LDT=0000 fffffe0000000000 00000000 00000000
TR =0040 fffffe0000003000 00004087 00008b00 DPL=0 TSS64-busy
GDT=     fffffe0000001000 0000007f
IDT=     fffffe0000000000 00000fff
CR0=80050033 CR2=00007fb100dd5110 CR3=000000000dd80000 CR4=00350ef0
DR0=0000000000000000 DR1=0000000000000000 DR2=0000000000000000 DR3=0000000000000000 
DR6=00000000ffff0ff0 DR7=0000000000000400
EFER=0000000000001d01
FCW=037f FSW=0000 [ST=0] FTW=00 MXCSR=00001f80
FPR0=0000000000000000 0000 FPR1=0000000000000000 0000
FPR2=0000000000000000 0000 FPR3=0000000000000000 0000
FPR4=0000000000000000 0000 FPR5=0000000000000000 0000
FPR6=0000000000000000 0000 FPR7=0000000000000000 0000
YMM00=0000000000000000 0000000000000000 0000000000000000 0000000000000000
YMM01=0000000000000000 0000000000000000 ffffffffffffffff ffffffff00000000
YMM02=0000000000000000 0000000000000000 0000000000000000 000000ff00000000
YMM03=0000000000000000 0000000000000000 00007ffefb426480 00007ffefb426480
YMM04=0000000000000000 0000000000000000 0000000000000000 00007ffefb42687f
YMM05=0000000000000000 0000000000000000 0000000000000000 00007fb100dce4b0
YMM06=0000000000000000 0000000000000000 0000000000000000 0000000000000000
YMM07=0000000000000000 0000000000000000 0000000000000000 0000000000000000
YMM08=0000000000000000 0000000000000000 2f666c65732f636f 72702f0030303031
YMM09=0000000000000000 0000000000000000 0000000000000000 0000000000000000
YMM10=0000000000000000 0000000000000000 0000000000000000 0000000000000000
YMM11=0000000000000000 0000000000000000 0000000000000000 0000000000000000
YMM12=0000000000000000 0000000000000000 0000000000000000 0000000000000000
YMM13=0000000000000000 0000000000000000 0000000000000000 0000000000000000
YMM14=0000000000000000 0000000000000000 0000000000000000 0000000000000000
YMM15=0000000000000000 0000000000000000 0000000000000000 0000000000000000
info registers vcpu 1
RAX=000000000002f9e1 RBX=0000000000000001 RCX=ffffffff8b3be8a9 RDX=0000000000000000
RSI=0000000000000001 RDI=0000000000000000 RBP=dffffc0000000000 RSP=ffffc9000018fe00
R8 =0000000000000001 R9 =ffffed1026bc6f85 R10=ffff888135e37c2b R11=0000000000000000
R12=0000000000000001 R13=ffffffff9041ec10 R14=0000000000000000 R15=0000000000000000
RIP=ffffffff8b3c021e RFL=00000206 [-----P-] CPL=0 II=0 A20=1 SMM=0 HLT=1
ES =0000 0000000000000000 00000000 00000000
CS =0010 0000000000000000 ffffffff 00a09b00 DPL=0 CS64 [-RA]
SS =0018 0000000000000000 ffffffff 00c09300 DPL=0 DS   [-WA]
DS =0000 0000000000000000 00000000 00000000
FS =0000 0000000000000000 00000000 00000000
GS =0000 ffff888135e00000 00000000 00000000
LDT=0000 fffffe0000000000 00000000 00000000
TR =0040 fffffe000004a000 00004087 00008b00 DPL=0 TSS64-busy
GDT=     fffffe0000048000 0000007f
IDT=     fffffe0000000000 00000fff
CR0=80050033 CR2=000055f1b731e3f8 CR3=000000000dd80000 CR4=00350ef0
DR0=0000000000000000 DR1=0000000000000000 DR2=0000000000000000 DR3=0000000000000000 
DR6=00000000ffff0ff0 DR7=0000000000000400
EFER=0000000000001d01
FCW=037f FSW=0000 [ST=0] FTW=00 MXCSR=00001f80
FPR0=0000000000000000 0000 FPR1=0000000000000000 0000
FPR2=0000000000000000 0000 FPR3=0000000000000000 0000
FPR4=0000000000000000 0000 FPR5=0000000000000000 0000
FPR6=0000000000000000 0000 FPR7=0000000000000000 0000
YMM00=0000000000000000 0000000000000000 0000000000000000 0000000000000000
YMM01=0000000000000000 0000000000000000 0000000000000000 00000000000000ff
YMM02=0000000000000000 0000000000000000 0000000000000000 00000000000000ff
YMM03=0000000000000000 0000000000000000 666e6f636e753d74 7865746e6f637320
YMM04=0000000000000000 0000000000000000 205b5d3239303533 392e37362020205b
YMM05=0000000000000000 0000000000000000 636f72703d737361 6c63742033323031
YMM06=0000000000000000 0000000000000000 69666e6f636e753a 725f64656e69666e
YMM07=0000000000000000 0000000000000000 753d747865746e6f 6374203332303163
YMM08=0000000000000000 0000000000000000 313d65707974203a 7469647561205d00
YMM09=0000000000000000 0000000000000000 0000000000000000 0000000000000000
YMM10=0000000000000000 0000000000000000 0000000000000000 0000000000000000
YMM11=0000000000000000 0000000000000000 0000000000000000 0000000000000000
YMM12=0000000000000000 0000000000000000 0000000000000000 0000000000000000
YMM13=0000000000000000 0000000000000000 0000000000000000 0000000000000000
YMM14=0000000000000000 0000000000000000 0000000000000000 0000000000000000
YMM15=0000000000000000 0000000000000000 0000000000000000 0000000000000000
info registers vcpu 2
RAX=000000000001b74c RBX=0000000000000002 RCX=ffffffff8b3be8a9 RDX=ffffed100c516f86
RSI=0000000000000000 RDI=ffffffff818f5732 RBP=dffffc0000000000 RSP=ffffc9000019fe00
R8 =0000000000000000 R9 =ffffed100c516f85 R10=ffff8880628b7c2b R11=0000000000000000
R12=0000000000000002 R13=ffffffff9041ec10 R14=0000000000000000 R15=0000000000000000
RIP=ffffffff8b3c021e RFL=00000246 [---Z-P-] CPL=0 II=0 A20=1 SMM=0 HLT=1
ES =0000 0000000000000000 00000000 00000000
CS =0010 0000000000000000 ffffffff 00a09b00 DPL=0 CS64 [-RA]
SS =0018 0000000000000000 ffffffff 00c09300 DPL=0 DS   [-WA]
DS =0000 0000000000000000 00000000 00000000
FS =0000 0000000000000000 00000000 00000000
GS =0000 ffff888062880000 00000000 00000000
LDT=0000 fffffe0000000000 00000000 00000000
TR =0040 fffffe0000091000 00004087 00008b00 DPL=0 TSS64-busy
GDT=     fffffe000008f000 0000007f
IDT=     fffffe0000000000 00000fff
CR0=80050033 CR2=00007fb100d90b80 CR3=0000000031650000 CR4=00350ef0
DR0=0000000000000000 DR1=0000000000000000 DR2=0000000000000000 DR3=0000000000000000 
DR6=00000000ffff0ff0 DR7=0000000000000400
EFER=0000000000001d01
FCW=037f FSW=0000 [ST=0] FTW=00 MXCSR=00001f80
FPR0=0000000000000000 0000 FPR1=0000000000000000 0000
FPR2=0000000000000000 0000 FPR3=0000000000000000 0000
FPR4=0000000000000000 0000 FPR5=0000000000000000 0000
FPR6=0000000000000000 0000 FPR7=0000000000000000 0000
YMM00=0000000000000000 0000000000000000 0000000008f0d180 0000000000000000
YMM01=0000000000000000 0000000000000000 0000000000000000 0000000008f0d180
YMM02=0000000000000000 0000000000000000 0000000000000000 000000ff00000000
YMM03=0000000000000000 0000000000000000 00007ffefb426480 00007ffefb426480
YMM04=0000000000000000 0000000000000000 0000000000000000 00007ffefb42687f
YMM05=0000000000000000 0000000000000000 0000000000000000 00007fb100dce4b0
YMM06=0000000000000000 0000000000000000 0000000000000000 0000000000000000
YMM07=0000000000000000 0000000000000000 0000000000000000 0000000000000000
YMM08=0000000000000000 0000000000000000 2f666c65732f636f 72702f0030303031
YMM09=0000000000000000 0000000000000000 0000000000000000 0000000000000000
YMM10=0000000000000000 0000000000000000 0000000000000000 0000000000000000
YMM11=0000000000000000 0000000000000000 0000000000000000 0000000000000000
YMM12=0000000000000000 0000000000000000 0000000000000000 0000000000000000
YMM13=0000000000000000 0000000000000000 0000000000000000 0000000000000000
YMM14=0000000000000000 0000000000000000 0000000000000000 0000000000000000
YMM15=0000000000000000 0000000000000000 0000000000000000 0000000000000000
info registers vcpu 3
RAX=00000000000280dc RBX=0000000000000003 RCX=ffffffff8b3be8a9 RDX=ffffed1026bd6f86
RSI=0000000000000000 RDI=ffffffff818f5732 RBP=dffffc0000000000 RSP=ffffc900001afe00
R8 =0000000000000000 R9 =ffffed1026bd6f85 R10=ffff888135eb7c2b R11=0000000000000000
R12=0000000000000003 R13=ffffffff9041ec10 R14=0000000000000000 R15=0000000000000000
RIP=ffffffff8b3c021e RFL=00000246 [---Z-P-] CPL=0 II=0 A20=1 SMM=0 HLT=1
ES =0000 0000000000000000 00000000 00000000
CS =0010 0000000000000000 ffffffff 00a09b00 DPL=0 CS64 [-RA]
SS =0018 0000000000000000 ffffffff 00c09300 DPL=0 DS   [-WA]
DS =0000 0000000000000000 00000000 00000000
FS =0000 0000000000000000 00000000 00000000
GS =0000 ffff888135e80000 00000000 00000000
LDT=0000 fffffe0000000000 00000000 00000000
TR =0040 fffffe00000d8000 00004087 00008b00 DPL=0 TSS64-busy
GDT=     fffffe00000d6000 0000007f
IDT=     fffffe0000000000 00000fff
CR0=80050033 CR2=000055b294b0e9b0 CR3=0000000031098000 CR4=00350ef0
DR0=0000000000000000 DR1=0000000000000000 DR2=0000000000000000 DR3=0000000000000000 
DR6=00000000ffff0ff0 DR7=0000000000000400
EFER=0000000000001d01
FCW=037f FSW=0000 [ST=0] FTW=00 MXCSR=00001f80
FPR0=0000000000000000 0000 FPR1=0000000000000000 0000
FPR2=0000000000000000 0000 FPR3=0000000000000000 0000
FPR4=0000000000000000 0000 FPR5=0000000000000000 0000
FPR6=0000000000000000 0000 FPR7=0000000000000000 0000
YMM00=0000000000000000 0000000000000000 0000000000000000 0000000000000000
YMM01=0000000000000000 0000000000000000 7465677261742e79 636e656772656d65
YMM02=0000000000000000 0000000000000000 ffffffffffffffff 0f0e0d0c0b0a0908
YMM03=0000000000000000 0000000000000000 000055b294af0073 66626c7465677568
YMM04=0000000000000000 0000000000000000 2e2e2e2e2e2e2e2e 2e2e2e2e2e2e2e2e
YMM05=0000000000000000 0000000000000000 5a5a5a5a5a5a5a5a 5a5a5a5a5a5a5a5a
YMM06=0000000000000000 0000000000000000 2020202020202020 2020202020202020
YMM07=0000000000000000 0000000000000000 0000000000000000 0000000000000000
YMM08=0000000000000000 0000000000000000 6564636261393837 3635343332313040
YMM09=0000000000000000 0000000000000000 0000000000000000 0000000000000000
YMM10=0000000000000000 0000000000000000 0000000000000000 0000000000000000
YMM11=0000000000000000 0000000000000000 0000000000000000 0000000000000000
YMM12=0000000000000000 0000000000000000 0000000000000000 0000000000000000
YMM13=0000000000000000 0000000000000000 0000000000000000 0000000000000000
YMM14=0000000000000000 0000000000000000 0000000000000000 0000000000000000
YMM15=0000000000000000 0000000000000000 0000000000000000 0000000000000000
info registers vcpu 4
RAX=0000000000000035 RBX=00000000000003f8 RCX=0000000000000000 RDX=00000000000003f8
RSI=ffffffff8533e8d5 RDI=ffffffff9a9607c0 RBP=ffffffff9a960780 RSP=ffffc900175b7298
R8 =0000000000000000 R9 =ffffed1004b25046 R10=0000000000000000 R11=205d393835395420
R12=0000000000000000 R13=0000000000000035 R14=ffffffff9a960780 R15=0000000000000000
RIP=ffffffff8533e8ff RFL=00000002 [-------] CPL=0 II=0 A20=1 SMM=0 HLT=0
ES =0000 0000000000000000 00000000 00000000
CS =0010 0000000000000000 ffffffff 00a09b00 DPL=0 CS64 [-RA]
SS =0018 0000000000000000 ffffffff 00c09300 DPL=0 DS   [-WA]
DS =0000 0000000000000000 00000000 00000000
FS =0000 000055557774b3c0 00000000 00000000
GS =0000 ffff888062900000 00000000 00000000
LDT=0000 fffffe0000000000 00000000 00000000
TR =0040 fffffe000011f000 00004087 00008b00 DPL=0 TSS64-busy
GDT=     fffffe000011d000 0000007f
IDT=     fffffe0000000000 00000fff
CR0=80050033 CR2=00007ffefb423f88 CR3=000000003159c000 CR4=00350ef0
DR0=0000000000000000 DR1=0000000000000000 DR2=0000000000000000 DR3=0000000000000000 
DR6=00000000ffff0ff0 DR7=0000000000000400
EFER=0000000000001d01
FCW=037f FSW=0000 [ST=0] FTW=00 MXCSR=00001f80
FPR0=0000000000000000 0000 FPR1=0000000000000000 0000
FPR2=0000000000000000 0000 FPR3=0000000000000000 0000
FPR4=0000000000000000 0000 FPR5=0000000000000000 0000
FPR6=0000000000000000 0000 FPR7=0000000000000000 0000
YMM00=0000000000000000 0000000000000000 2525252525252525 2525252525252525
YMM01=0000000000000000 0000000000000000 0000000000000000 0000ff00000000ff
YMM02=0000000000000000 0000000000000000 0000000000000000 0000ff00000000ff
YMM03=0000000000000000 0000000000000000 00007ffefb424820 00007ffefb424820
YMM04=0000000000000000 0000000000000000 0000000000000000 00007ffefb42581f
YMM05=0000000000000000 0000000000000000 0000000000000000 00007fb100dce4b0
YMM06=0000000000000000 0000000000000000 0000000000000000 0000000000000000
YMM07=0000000000000000 0000000000000000 0000000000000000 0000000000000000
YMM08=0000000000000000 0000000000000000 666c65732f636f72 702f003030303100
YMM09=0000000000000000 0000000000000000 0000000000000000 0000000000000000
YMM10=0000000000000000 0000000000000000 0000000000000000 0000000000000000
YMM11=0000000000000000 0000000000000000 0000000000000000 0000000000000000
YMM12=0000000000000000 0000000000000000 0000000000000000 0000000000000000
YMM13=0000000000000000 0000000000000000 0000000000000000 0000000000000000
YMM14=0000000000000000 0000000000000000 0000000000000000 0000000000000000
YMM15=0000000000000000 0000000000000000 0000000000000000 0000000000000000
info registers vcpu 5
RAX=000000000001e9cc RBX=0000000000000005 RCX=ffffffff8b3be8a9 RDX=ffffed1026be6f86
RSI=0000000000000000 RDI=ffffffff818f5732 RBP=dffffc0000000000 RSP=ffffc900001cfe00
R8 =0000000000000000 R9 =ffffed1026be6f85 R10=ffff888135f37c2b R11=0000000000000000
R12=0000000000000005 R13=ffffffff9041ec10 R14=0000000000000000 R15=0000000000000000
RIP=ffffffff8b3c021e RFL=00000246 [---Z-P-] CPL=0 II=0 A20=1 SMM=0 HLT=1
ES =0000 0000000000000000 00000000 00000000
CS =0010 0000000000000000 ffffffff 00a09b00 DPL=0 CS64 [-RA]
SS =0018 0000000000000000 ffffffff 00c09300 DPL=0 DS   [-WA]
DS =0000 0000000000000000 00000000 00000000
FS =0000 0000000000000000 00000000 00000000
GS =0000 ffff888135f00000 00000000 00000000
LDT=0000 fffffe0000000000 00000000 00000000
TR =0040 fffffe0000166000 00004087 00008b00 DPL=0 TSS64-busy
GDT=     fffffe0000164000 0000007f
IDT=     fffffe0000000000 00000fff
CR0=80050033 CR2=00007f33e6549180 CR3=0000000022f06000 CR4=00350ef0
DR0=0000000000000000 DR1=0000000000000000 DR2=0000000000000000 DR3=0000000000000000 
DR6=00000000ffff0ff0 DR7=0000000000000400
EFER=0000000000001d01
FCW=037f FSW=0000 [ST=0] FTW=00 MXCSR=00001f80
FPR0=0000000000000000 0000 FPR1=0000000000000000 0000
FPR2=0000000000000000 0000 FPR3=0000000000000000 0000
FPR4=0000000000000000 0000 FPR5=0000000000000000 0000
FPR6=0000000000000000 0000 FPR7=0000000000000000 0000
YMM00=0000000000000000 0000000000000000 0000000000000000 0000000000000000
YMM01=0000000000000000 0000000000000000 6576652d7372656b 726f772d6c6c696b
YMM02=0000000000000000 0000000000000000 ffffff0f0e0d0c0b 0a09080706050403
YMM03=0000000000000000 0000000000000000 696e656420737365 636341002f737973
YMM04=0000000000000000 0000000000000000 0000000300000001 0000564af220a990
YMM05=0000000000000000 0000000000000000 0000564af2124ef0 0000564af20b2db0
YMM06=0000000000000000 0000000000000000 0000000000000000 0000000400000000
YMM07=0000000000000000 0000000000000000 0000000000000000 0000000000000000
YMM08=0000000000000000 0000000000000000 0000000000000030 0000000000013190
YMM09=0000000000000000 0000000000000000 0000000000000000 0000000000000000
YMM10=0000000000000000 0000000000000000 0000000000000000 0000000000000000
YMM11=0000000000000000 0000000000000000 0000000000000000 0000000000000000
YMM12=0000000000000000 0000000000000000 0000000000000000 0000000000000000
YMM13=0000000000000000 0000000000000000 0000000000000000 0000000000000000
YMM14=0000000000000000 0000000000000000 0000000000000000 0000000000000000
YMM15=0000000000000000 0000000000000000 0000000000000000 0000000000000000
info registers vcpu 6
RAX=000000000001ea04 RBX=0000000000000006 RCX=ffffffff8b3be8a9 RDX=ffffed100c536f86
RSI=0000000000000000 RDI=ffffffff818f5732 RBP=dffffc0000000000 RSP=ffffc900001dfe00
R8 =0000000000000000 R9 =ffffed100c536f85 R10=ffff8880629b7c2b R11=0000000000000000
R12=0000000000000006 R13=ffffffff9041ec10 R14=0000000000000000 R15=0000000000000000
RIP=ffffffff8b3c021e RFL=00000246 [---Z-P-] CPL=0 II=0 A20=1 SMM=0 HLT=1
ES =0000 0000000000000000 00000000 00000000
CS =0010 0000000000000000 ffffffff 00a09b00 DPL=0 CS64 [-RA]
SS =0018 0000000000000000 ffffffff 00c09300 DPL=0 DS   [-WA]
DS =0000 0000000000000000 00000000 00000000
FS =0000 0000000000000000 00000000 00000000
GS =0000 ffff888062980000 00000000 00000000
LDT=0000 fffffe0000000000 00000000 00000000
TR =0040 fffffe00001ad000 00004087 00008b00 DPL=0 TSS64-busy
GDT=     fffffe00001ab000 0000007f
IDT=     fffffe0000000000 00000fff
CR0=80050033 CR2=00007f19cb0142f0 CR3=0000000031e74000 CR4=00350ef0
DR0=0000000000000000 DR1=0000000000000000 DR2=0000000000000000 DR3=0000000000000000 
DR6=00000000ffff0ff0 DR7=0000000000000400
EFER=0000000000001d01
FCW=037f FSW=0000 [ST=0] FTW=00 MXCSR=00001f80
FPR0=0000000000000000 0000 FPR1=0000000000000000 0000
FPR2=0000000000000000 0000 FPR3=0000000000000000 0000
FPR4=0000000000000000 0000 FPR5=0000000000000000 0000
FPR6=0000000000000000 0000 FPR7=0000000000000000 0000
YMM00=0000000000000000 0000000000000000 0000000000000000 0000000000000000
YMM01=0000000000000000 0000000000000000 f6fc15792b849ba0 1f431eb76adc2944
YMM02=0000000000000000 0000000000000000 f41aa29c6557d832 00000000002c5830
YMM03=0000000000000000 0000000000000000 d3fdd5f48436fbd7 00000000002c5978
YMM04=0000000000000000 0000000000000000 a01f4a6ef520b599 0000000000451c58
YMM05=0000000000000000 0000000000000000 22ba204eea562bb6 00000000002c58d0
YMM06=0000000000000000 0000000000000000 8ca0b852b1c7c8e1 00000000002c5668
YMM07=0000000000000000 0000000000000000 15c32259ea588043 00000000002c5558
YMM08=0000000000000000 0000000000000000 636f72703d737361 6c63742033323031
YMM09=0000000000000000 0000000000000000 0000000000000000 0000000000000000
YMM10=0000000000000000 0000000000000000 2020000000002020 2020202020200000
YMM11=0000000000000000 0000000000000000 0000000000000000 0000000000000000
YMM12=0000000000000000 0000000000000000 0000000000000000 0000000000000000
YMM13=0000000000000000 0000000000000000 0000000000000000 0000000000000000
YMM14=0000000000000000 0000000000000000 0000000000000000 0000000000000000
YMM15=0000000000000000 0000000000000000 0000000000000000 0000000000000000
info registers vcpu 7
RAX=0000000000023131 RBX=0000000000000007 RCX=ffffffff8b3be8a9 RDX=0000000000000000
RSI=0000000000000001 RDI=0000000000000000 RBP=dffffc0000000000 RSP=ffffc900001efe00
R8 =0000000000000001 R9 =ffffed1026bf6f85 R10=ffff888135fb7c2b R11=0000000000000000
R12=0000000000000007 R13=ffffffff9041ec10 R14=0000000000000000 R15=0000000000000000
RIP=ffffffff8b3c021e RFL=00000202 [-------] CPL=0 II=0 A20=1 SMM=0 HLT=1
ES =0000 0000000000000000 00000000 00000000
CS =0010 0000000000000000 ffffffff 00a09b00 DPL=0 CS64 [-RA]
SS =0018 0000000000000000 ffffffff 00c09300 DPL=0 DS   [-WA]
DS =0000 0000000000000000 00000000 00000000
FS =0000 0000000000000000 00000000 00000000
GS =0000 ffff888135f80000 00000000 00000000
LDT=0000 fffffe0000000000 00000000 00000000
TR =0040 fffffe00001f4000 00004087 00008b00 DPL=0 TSS64-busy
GDT=     fffffe00001f2000 0000007f
IDT=     fffffe0000000000 00000fff
CR0=80050033 CR2=00007f33e65c7260 CR3=000000002484c000 CR4=00350ef0
DR0=0000000000000000 DR1=0000000000000000 DR2=0000000000000000 DR3=0000000000000000 
DR6=00000000ffff0ff0 DR7=0000000000000400
EFER=0000000000001d01
FCW=037f FSW=0000 [ST=0] FTW=00 MXCSR=00001f80
FPR0=0000000000000000 0000 FPR1=0000000000000000 0000
FPR2=0000000000000000 0000 FPR3=0000000000000000 0000
FPR4=0000000000000000 0000 FPR5=0000000000000000 0000
FPR6=0000000000000000 0000 FPR7=0000000000000000 0000
YMM00=0000000000000000 0000000000000000 6f636e753d747865 746e6f6373202238
YMM01=0000000000000000 0000000000000000 64656e69666e6f63 6e753a725f64656e
YMM02=0000000000000000 0000000000000000 6e6f636e753d7478 65746e6f63742033
YMM03=0000000000000000 0000000000000000 5f64656e69666e6f 636e753a725f6465
YMM04=0000000000000000 0000000000000000 2032353a30333a37 302036312072614d
YMM05=0000000000000000 0000000000000000 65636f72703d7373 616c637420333230
YMM06=0000000000000000 0000000000000000 6e69666e6f636e75 3a725f64656e6966
YMM07=0000000000000000 0000000000000000 6e753d747865746e 6f63742033323031
YMM08=0000000000000000 0000000000000000 69666e6f636e753a 725f64656e69666e
YMM09=0000000000000000 0000000000000000 0000000000000000 0000000000000000
YMM10=0000000000000000 0000000000000000 0000000000000000 0000000000000000
YMM11=0000000000000000 0000000000000000 0000000000000000 0000000000000000
YMM12=0000000000000000 0000000000000000 0000000000000000 0000000000000000
YMM13=0000000000000000 0000000000000000 0000000000000000 0000000000000000
YMM14=0000000000000000 0000000000000000 0000000000000000 0000000000000000
YMM15=0000000000000000 0000000000000000 0000000000000000 0000000000000000
