
Debian GNU/Linux 11 syzkaller ttyS0

Warning: Permanently added '[localhost]:53081' (ED25519) to the list of known hosts.
syzkaller login: [   67.265705][   T60] audit: type=1400 audit(1742739376.470:9): avc:  denied  { execmem } for  pid=9581 comm="syz-executor129" scontext=unconfined_u:unconfined_r:unconfined_t:s0-s0:c0.c1023 tcontext=unconfined_u:unconfined_r:unconfined_t:s0-s0:c0.c1023 tclass=process permissive=1
executing program
[   67.530973][ T9582] loop0: detected capacity change from 0 to 32768
[   67.597591][ T9582] bcachefs (loop0): starting version 1.7: mi_btree_bitmap opts=metadata_checksum=none,data_checksum=xxhash,nojournal_transaction_names
[   67.600049][ T9582] bcachefs (loop0): recovering from clean shutdown, journal seq 10
[   67.601518][ T9582] bcachefs (loop0): Doing compatible version upgrade from 1.7: mi_btree_bitmap to 1.20: directory_size
[   67.601518][ T9582]   running recovery passes: check_allocations,check_extents_to_backpointers,check_inodes
[   67.620352][ T9582] bcachefs (loop0): error validating btree node on loop0 at btree alloc level 0/0
[   67.620392][ T9582]   u64s 11 type btree_ptr_v2 SPOS_MAX len 0 ver 0: seq 4fe84214937890c3 written 32 min_key POS_MIN durability: 1 ptr: 0:26:0 gen 0  
[   67.620424][ T9582]   node offset 8/32 bset u64s 375: checksum error, type chacha20_poly1305_128: got 5125f248dce6c8583c1006bcb40e6d91 should be 56f8c5dd15dee062262778682ebef4d2, shutting down
[   67.626515][ T9582] bcachefs (loop0): inconsistency detected - emergency read only at journal seq 10
[   67.627850][ T9582] bcachefs (loop0): flagging btree alloc lost data
[   67.628884][ T9582] bcachefs (loop0): running explicit recovery pass check_topology (2), currently at recovery_pass_empty (0)
[   67.630367][ T9582] bcachefs (loop0): running explicit recovery pass check_lrus (14), currently at recovery_pass_empty (0)
[   67.631754][ T9582] bcachefs (loop0): running explicit recovery pass check_backpointers_to_extents (16), currently at recovery_pass_empty (0)
[   67.633383][ T9582] bcachefs (loop0): running explicit recovery pass check_alloc_info (13), currently at recovery_pass_empty (0)
[   67.638324][ T9582] error reading btree root btree=alloc level=0: btree_node_read_error, fixing
[   67.642741][ T9582] ==================================================================
[   67.643755][ T9582] BUG: KASAN: use-after-free in poly1305_update_arch+0x2c4/0x380
[   67.644952][ T9582] Read of size 8 at addr ffff888050387050 by task syz-executor129/9582
[   67.646264][ T9582] 
[   67.646637][ T9582] CPU: 4 UID: 0 PID: 9582 Comm: syz-executor129 Not tainted 6.14.0-rc7-00205-g586de92313fc #1
[   67.646682][ T9582] Hardware name: QEMU Standard PC (i440FX + PIIX, 1996), BIOS 1.15.0-1 04/01/2014
[   67.646718][ T9582] Call Trace:
[   67.646730][ T9582]  <TASK>
[   67.646744][ T9582]  dump_stack_lvl+0x116/0x1b0
[   67.646805][ T9582]  print_report+0xc1/0x630
[   67.646855][ T9582]  ? srso_return_thunk+0x5/0x5f
[   67.646913][ T9582]  ? __phys_addr+0xc9/0x150
[   67.646957][ T9582]  ? poly1305_update_arch+0x2c4/0x380
[   67.647013][ T9582]  ? poly1305_update_arch+0x2c4/0x380
[   67.647070][ T9582]  kasan_report+0xbd/0xf0
[   67.647123][ T9582]  ? poly1305_update_arch+0x2c4/0x380
[   67.647186][ T9582]  kasan_check_range+0xf4/0x1a0
[   67.647248][ T9582]  __asan_memcpy+0x24/0x60
[   67.647288][ T9582]  poly1305_update_arch+0x2c4/0x380
[   67.647348][ T9582]  crypto_poly1305_update+0x25/0x30
[   67.647405][ T9582]  bch2_checksum+0x1da/0x2c0
[   67.647458][ T9582]  ? __pfx_bch2_checksum+0x10/0x10
[   67.647515][ T9582]  ? srso_return_thunk+0x5/0x5f
[   67.647572][ T9582]  ? rcu_is_watching+0x12/0xc0
[   67.647618][ T9582]  ? srso_return_thunk+0x5/0x5f
[   67.647676][ T9582]  ? kfree+0x283/0x4d0
[   67.647766][ T9582]  ? srso_return_thunk+0x5/0x5f
[   67.647824][ T9582]  ? bch2_journal_seq_is_blacklisted+0x257/0x370
[   67.647888][ T9582]  bch2_btree_node_read_done+0x2894/0x4b80
[   67.647971][ T9582]  ? bch2_bkey_pick_read_device+0x8b4/0x1810
[   67.648023][ T9582]  ? srso_return_thunk+0x5/0x5f
[   67.648084][ T9582]  ? __pfx_bch2_btree_node_read_done+0x10/0x10
[   67.648153][ T9582]  ? srso_return_thunk+0x5/0x5f
[   67.648210][ T9582]  ? bch2_bkey_pick_read_device+0x8c3/0x1810
[   67.648254][ T9582]  ? __pfx___lock_acquire+0x10/0x10
[   67.648327][ T9582]  ? __pfx_bch2_bkey_pick_read_device+0x10/0x10
[   67.648382][ T9582]  ? srso_return_thunk+0x5/0x5f
[   67.648439][ T9582]  ? bch2_mark_io_failure+0x200/0x400
[   67.648484][ T9582]  ? btree_node_read_work+0x670/0x1050
[   67.648521][ T9582]  btree_node_read_work+0x670/0x1050
[   67.648557][ T9582]  ? lockdep_hardirqs_on+0x7c/0x110
[   67.648618][ T9582]  ? __pfx_btree_node_read_work+0x10/0x10
[   67.648659][ T9582]  ? srso_untrain_ret+0x2/0x2
[   67.648726][ T9582]  ? bch2_latency_acct+0x2f2/0x4d0
[   67.648779][ T9582]  ? __pfx_bch2_latency_acct+0x10/0x10
[   67.648835][ T9582]  bch2_btree_node_read+0x8ad/0xea0
[   67.648880][ T9582]  ? __pfx_bch2_btree_node_read+0x10/0x10
[   67.648918][ T9582]  ? find_held_lock+0x2d/0x120
[   67.648967][ T9582]  ? __pfx_lock_release+0x10/0x10
[   67.649027][ T9582]  ? srso_return_thunk+0x5/0x5f
[   67.649085][ T9582]  ? __bch2_trans_unlock+0xf4/0x4b0
[   67.649130][ T9582]  ? __pfx_bch2_btree_cache_cmp_fn+0x10/0x10
[   67.649184][ T9582]  bch2_btree_root_read+0x2c6/0x460
[   67.649223][ T9582]  ? __pfx___mutex_unlock_slowpath+0x10/0x10
[   67.649280][ T9582]  ? __pfx_bch2_btree_root_read+0x10/0x10
[   67.649331][ T9582]  ? srso_return_thunk+0x5/0x5f
[   67.649392][ T9582]  bch2_fs_recovery+0x222b/0x4340
[   67.649467][ T9582]  ? __pfx_bch2_fs_recovery+0x10/0x10
[   67.649528][ T9582]  ? srso_return_thunk+0x5/0x5f
[   67.649587][ T9582]  ? srso_return_thunk+0x5/0x5f
[   67.649648][ T9582]  ? srso_return_thunk+0x5/0x5f
[   67.649719][ T9582]  ? bch2_get_next_online_dev+0x475/0x820
[   67.649770][ T9582]  ? __pfx_lock_release+0x10/0x10
[   67.649829][ T9582]  ? srso_return_thunk+0x5/0x5f
[   67.649898][ T9582]  ? srso_return_thunk+0x5/0x5f
[   67.649955][ T9582]  ? bch2_get_next_online_dev+0x47f/0x820
[   67.650008][ T9582]  ? srso_return_thunk+0x5/0x5f
[   67.650064][ T9582]  ? llist_reverse_order+0x4d/0x70
[   67.650129][ T9582]  ? srso_return_thunk+0x5/0x5f
[   67.650185][ T9582]  ? __closure_wake_up+0x31/0x3f0
[   67.650227][ T9582]  bch2_fs_start+0x332/0x690
[   67.650296][ T9582]  bch2_fs_get_tree+0x1118/0x1720
[   67.650332][ T9582]  ? srso_return_thunk+0x5/0x5f
[   67.650396][ T9582]  ? __pfx_bch2_fs_get_tree+0x10/0x10
[   67.650435][ T9582]  ? lock_acquire+0x32/0xc0
[   67.650512][ T9582]  ? srso_return_thunk+0x5/0x5f
[   67.650569][ T9582]  ? rcu_is_watching+0x12/0xc0
[   67.650625][ T9582]  ? srso_return_thunk+0x5/0x5f
[   67.650682][ T9582]  ? srso_return_thunk+0x5/0x5f
[   67.650750][ T9582]  ? security_capable+0x210/0x250
[   67.650814][ T9582]  vfs_get_tree+0x93/0x340
[   67.650876][ T9582]  path_mount+0x6b2/0x1ea0
[   67.650929][ T9582]  ? srso_return_thunk+0x5/0x5f
[   67.650987][ T9582]  ? kmem_cache_free+0x151/0x4d0
[   67.651031][ T9582]  ? __pfx_path_mount+0x10/0x10
[   67.651085][ T9582]  ? srso_return_thunk+0x5/0x5f
[   67.651142][ T9582]  ? putname.part.0+0x105/0x150
[   67.651204][ T9582]  __x64_sys_mount+0x27d/0x300
[   67.651257][ T9582]  ? __pfx___x64_sys_mount+0x10/0x10
[   67.651420][ T9582]  do_syscall_64+0xcb/0x250
[   67.651480][ T9582]  entry_SYSCALL_64_after_hwframe+0x77/0x7f
[   67.651539][ T9582] RIP: 0033:0x7f1317a6cb3e
[   67.651568][ T9582] Code: 48 c7 c0 ff ff ff ff eb aa e8 fe 06 00 00 66 2e 0f 1f 84 00 00 00 00 00 0f 1f 40 00 f3 0f 1e fa 49 89 ca b8 a5 00 00 00 0f 05 <48> 3d 01 f0 ff ff 73 01 c3 48 c7 c1 b8 ff ff ff f7 d8 64 89 01 48
[   67.651607][ T9582] RSP: 002b:00007fffb6d639b8 EFLAGS: 00000282 ORIG_RAX: 00000000000000a5
[   67.651643][ T9582] RAX: ffffffffffffffda RBX: 0000555556e56378 RCX: 00007f1317a6cb3e
[   67.651670][ T9582] RDX: 0000000020011a00 RSI: 0000000020000000 RDI: 00007fffb6d639d0
[   67.651713][ T9582] RBP: 00007fffb6d639d0 R08: 00007fffb6d63a10 R09: 00000000000119ee
[   67.651738][ T9582] R10: 0000000000000000 R11: 0000000000000282 R12: 0000000000000000
[   67.651762][ T9582] R13: 00007fffb6d63a10 R14: 0000000000000003 R15: 0000000000000000
[   67.651801][ T9582]  </TASK>
[   67.651814][ T9582] 
[   67.719834][ T9582] The buggy address belongs to the physical page:
[   67.720601][ T9582] page: refcount:0 mapcount:0 mapping:0000000000000000 index:0x0 pfn:0x50387
[   67.721656][ T9582] flags: 0xfff00000000000(node=0|zone=1|lastcpupid=0x7ff)
[   67.722537][ T9582] raw: 00fff00000000000 0000000000000000 ffffea000140e1c8 0000000000000000
[   67.723591][ T9582] raw: 0000000000000000 0000000000000000 00000000ffffffff 0000000000000000
[   67.724627][ T9582] page dumped because: kasan: bad access detected
[   67.725413][ T9582] page_owner tracks the page as freed
[   67.726082][ T9582] page last allocated via order 5, migratetype Reclaimable, gfp_mask 0x452cd0(GFP_KERNEL_ACCOUNT|__GFP_NOWARN|__GFP_NORETRY|__GFP_COMP|__GFP_RECLAIMABLE), pid 9582, tgid 9582 (syz-executor129), ts 67557047425, free_ts 67641619968
[   67.728683][ T9582]  post_alloc_hook+0x193/0x1c0
[   67.729304][ T9582]  get_page_from_freelist+0xe4e/0x2b20
[   67.730001][ T9582]  __alloc_frozen_pages_noprof+0x219/0x21f0
[   67.730747][ T9582]  __alloc_pages_noprof+0xc/0x1b0
[   67.731382][ T9582]  ___kmalloc_large_node+0x8b/0x1b0
[   67.732067][ T9582]  __kmalloc_large_node_noprof+0x1a/0x70
[   67.732781][ T9582]  __kmalloc_node_noprof+0x38a/0x530
[   67.733450][ T9582]  __kvmalloc_node_noprof+0x7e/0x1b0
[   67.734120][ T9582]  btree_node_data_alloc.constprop.0+0xe9/0x2a0
[   67.734900][ T9582]  __bch2_btree_node_mem_alloc+0x37/0xa0
[   67.735625][ T9582]  bch2_fs_btree_cache_init+0x10c/0x550
[   67.736353][ T9582]  bch2_fs_alloc+0x171d/0x2380
[   67.737001][ T9582]  bch2_fs_open+0x91b/0x1100
[   67.737601][ T9582]  bch2_fs_get_tree+0x1041/0x1720
[   67.738269][ T9582]  vfs_get_tree+0x93/0x340
[   67.738876][ T9582]  path_mount+0x6b2/0x1ea0
[   67.739471][ T9582] page last free pid 9582 tgid 9582 stack trace:
[   67.740275][ T9582]  __free_pages_ok+0x618/0xe80
[   67.740907][ T9582]  __folio_put+0x321/0x440
[   67.741498][ T9582]  kvfree+0x46/0x50
[   67.742018][ T9582]  bch2_btree_node_read_done+0x3ab2/0x4b80
[   67.742804][ T9582]  btree_node_read_work+0x670/0x1050
[   67.743500][ T9582]  bch2_btree_node_read+0x8ad/0xea0
[   67.744307][ T9582]  bch2_btree_root_read+0x2c6/0x460
[   67.744997][ T9582]  bch2_fs_recovery+0x222b/0x4340
[   67.745677][ T9582]  bch2_fs_start+0x332/0x690
[   67.746313][ T9582]  bch2_fs_get_tree+0x1118/0x1720
[   67.746974][ T9582]  vfs_get_tree+0x93/0x340
[   67.747578][ T9582]  path_mount+0x6b2/0x1ea0
[   67.748179][ T9582]  __x64_sys_mount+0x27d/0x300
[   67.748819][ T9582]  do_syscall_64+0xcb/0x250
[   67.749428][ T9582]  entry_SYSCALL_64_after_hwframe+0x77/0x7f
[   67.750203][ T9582] 
[   67.750515][ T9582] Memory state around the buggy address:
[   67.751230][ T9582]  ffff888050386f00: ff ff ff ff ff ff ff ff ff ff ff ff ff ff ff ff
[   67.752238][ T9582]  ffff888050386f80: ff ff ff ff ff ff ff ff ff ff ff ff ff ff ff ff
[   67.753271][ T9582] >ffff888050387000: ff ff ff ff ff ff ff ff ff ff ff ff ff ff ff ff
[   67.754278][ T9582]                                                  ^
[   67.755120][ T9582]  ffff888050387080: ff ff ff ff ff ff ff ff ff ff ff ff ff ff ff ff
[   67.756136][ T9582]  ffff888050387100: ff ff ff ff ff ff ff ff ff ff ff ff ff ff ff ff
[   67.757141][ T9582] ==================================================================
[   67.758288][ T9582] Kernel panic - not syncing: KASAN: panic_on_warn set ...
[   67.759207][ T9582] CPU: 4 UID: 0 PID: 9582 Comm: syz-executor129 Not tainted 6.14.0-rc7-00205-g586de92313fc #1
[   67.760492][ T9582] Hardware name: QEMU Standard PC (i440FX + PIIX, 1996), BIOS 1.15.0-1 04/01/2014
[   67.761637][ T9582] Call Trace:
[   67.762087][ T9582]  <TASK>
[   67.762477][ T9582]  dump_stack_lvl+0x3d/0x1b0
[   67.763115][ T9582]  panic+0x6fd/0x7b0
[   67.763722][ T9582]  ? mark_held_locks+0x9f/0xe0
[   67.764376][ T9582]  ? __pfx_panic+0x10/0x10
[   67.764979][ T9582]  ? irqentry_exit+0x3b/0x90
[   67.765599][ T9582]  ? lockdep_hardirqs_on+0x7c/0x110
[   67.766306][ T9582]  ? check_panic_on_warn+0x1f/0xc0
[   67.766997][ T9582]  check_panic_on_warn+0xb1/0xc0
[   67.767658][ T9582]  end_report+0x117/0x180
[   67.768252][ T9582]  ? poly1305_update_arch+0x2c4/0x380
[   67.768974][ T9582]  kasan_report+0xcd/0xf0
[   67.769562][ T9582]  ? poly1305_update_arch+0x2c4/0x380
[   67.770293][ T9582]  kasan_check_range+0xf4/0x1a0
[   67.770962][ T9582]  __asan_memcpy+0x24/0x60
[   67.771548][ T9582]  poly1305_update_arch+0x2c4/0x380
[   67.772255][ T9582]  crypto_poly1305_update+0x25/0x30
[   67.772958][ T9582]  bch2_checksum+0x1da/0x2c0
[   67.773596][ T9582]  ? __pfx_bch2_checksum+0x10/0x10
[   67.774284][ T9582]  ? srso_return_thunk+0x5/0x5f
[   67.774938][ T9582]  ? rcu_is_watching+0x12/0xc0
[   67.775563][ T9582]  ? srso_return_thunk+0x5/0x5f
[   67.776219][ T9582]  ? kfree+0x283/0x4d0
[   67.776802][ T9582]  ? srso_return_thunk+0x5/0x5f
[   67.777460][ T9582]  ? bch2_journal_seq_is_blacklisted+0x257/0x370
[   67.778309][ T9582]  bch2_btree_node_read_done+0x2894/0x4b80
[   67.779114][ T9582]  ? bch2_bkey_pick_read_device+0x8b4/0x1810
[   67.779913][ T9582]  ? srso_return_thunk+0x5/0x5f
[   67.780574][ T9582]  ? __pfx_bch2_btree_node_read_done+0x10/0x10
[   67.781405][ T9582]  ? srso_return_thunk+0x5/0x5f
[   67.782069][ T9582]  ? bch2_bkey_pick_read_device+0x8c3/0x1810
[   67.782914][ T9582]  ? __pfx___lock_acquire+0x10/0x10
[   67.783788][ T9582]  ? __pfx_bch2_bkey_pick_read_device+0x10/0x10
[   67.784785][ T9582]  ? srso_return_thunk+0x5/0x5f
[   67.785578][ T9582]  ? bch2_mark_io_failure+0x200/0x400
[   67.786439][ T9582]  ? btree_node_read_work+0x670/0x1050
[   67.787300][ T9582]  btree_node_read_work+0x670/0x1050
[   67.788137][ T9582]  ? lockdep_hardirqs_on+0x7c/0x110
[   67.788979][ T9582]  ? __pfx_btree_node_read_work+0x10/0x10
[   67.789871][ T9582]  ? srso_untrain_ret+0x2/0x2
[   67.790624][ T9582]  ? bch2_latency_acct+0x2f2/0x4d0
[   67.791459][ T9582]  ? __pfx_bch2_latency_acct+0x10/0x10
[   67.792341][ T9582]  bch2_btree_node_read+0x8ad/0xea0
[   67.793175][ T9582]  ? __pfx_bch2_btree_node_read+0x10/0x10
[   67.794083][ T9582]  ? find_held_lock+0x2d/0x120
[   67.794867][ T9582]  ? __pfx_lock_release+0x10/0x10
[   67.795677][ T9582]  ? srso_return_thunk+0x5/0x5f
[   67.796474][ T9582]  ? __bch2_trans_unlock+0xf4/0x4b0
[   67.797302][ T9582]  ? __pfx_bch2_btree_cache_cmp_fn+0x10/0x10
[   67.798256][ T9582]  bch2_btree_root_read+0x2c6/0x460
[   67.799089][ T9582]  ? __pfx___mutex_unlock_slowpath+0x10/0x10
[   67.800053][ T9582]  ? __pfx_bch2_btree_root_read+0x10/0x10
[   67.800963][ T9582]  ? srso_return_thunk+0x5/0x5f
[   67.801761][ T9582]  bch2_fs_recovery+0x222b/0x4340
[   67.802587][ T9582]  ? __pfx_bch2_fs_recovery+0x10/0x10
[   67.803459][ T9582]  ? srso_return_thunk+0x5/0x5f
[   67.804301][ T9582]  ? srso_return_thunk+0x5/0x5f
[   67.805108][ T9582]  ? srso_return_thunk+0x5/0x5f
[   67.805906][ T9582]  ? bch2_get_next_online_dev+0x475/0x820
[   67.806814][ T9582]  ? __pfx_lock_release+0x10/0x10
[   67.807627][ T9582]  ? srso_return_thunk+0x5/0x5f
[   67.808438][ T9582]  ? srso_return_thunk+0x5/0x5f
[   67.809235][ T9582]  ? bch2_get_next_online_dev+0x47f/0x820
[   67.810151][ T9582]  ? srso_return_thunk+0x5/0x5f
[   67.810941][ T9582]  ? llist_reverse_order+0x4d/0x70
[   67.811784][ T9582]  ? srso_return_thunk+0x5/0x5f
[   67.812586][ T9582]  ? __closure_wake_up+0x31/0x3f0
[   67.813396][ T9582]  bch2_fs_start+0x332/0x690
[   67.814181][ T9582]  bch2_fs_get_tree+0x1118/0x1720
[   67.814990][ T9582]  ? srso_return_thunk+0x5/0x5f
[   67.815801][ T9582]  ? __pfx_bch2_fs_get_tree+0x10/0x10
[   67.816645][ T9582]  ? lock_acquire+0x32/0xc0
[   67.817427][ T9582]  ? srso_return_thunk+0x5/0x5f
[   67.818235][ T9582]  ? rcu_is_watching+0x12/0xc0
[   67.819024][ T9582]  ? srso_return_thunk+0x5/0x5f
[   67.819827][ T9582]  ? srso_return_thunk+0x5/0x5f
[   67.820619][ T9582]  ? security_capable+0x210/0x250
[   67.821466][ T9582]  vfs_get_tree+0x93/0x340
[   67.822213][ T9582]  path_mount+0x6b2/0x1ea0
[   67.822946][ T9582]  ? srso_return_thunk+0x5/0x5f
[   67.823750][ T9582]  ? kmem_cache_free+0x151/0x4d0
[   67.824555][ T9582]  ? __pfx_path_mount+0x10/0x10
[   67.825357][ T9582]  ? srso_return_thunk+0x5/0x5f
[   67.826153][ T9582]  ? putname.part.0+0x105/0x150
[   67.826952][ T9582]  __x64_sys_mount+0x27d/0x300
[   67.827735][ T9582]  ? __pfx___x64_sys_mount+0x10/0x10
[   67.828584][ T9582]  do_syscall_64+0xcb/0x250
[   67.829331][ T9582]  entry_SYSCALL_64_after_hwframe+0x77/0x7f
[   67.830269][ T9582] RIP: 0033:0x7f1317a6cb3e
[   67.830972][ T9582] Code: 48 c7 c0 ff ff ff ff eb aa e8 fe 06 00 00 66 2e 0f 1f 84 00 00 00 00 00 0f 1f 40 00 f3 0f 1e fa 49 89 ca b8 a5 00 00 00 0f 05 <48> 3d 01 f0 ff ff 73 01 c3 48 c7 c1 b8 ff ff ff f7 d8 64 89 01 48
[   67.833841][ T9582] RSP: 002b:00007fffb6d639b8 EFLAGS: 00000282 ORIG_RAX: 00000000000000a5
[   67.835128][ T9582] RAX: ffffffffffffffda RBX: 0000555556e56378 RCX: 00007f1317a6cb3e
[   67.836333][ T9582] RDX: 0000000020011a00 RSI: 0000000020000000 RDI: 00007fffb6d639d0
[   67.837541][ T9582] RBP: 00007fffb6d639d0 R08: 00007fffb6d63a10 R09: 00000000000119ee
[   67.838760][ T9582] R10: 0000000000000000 R11: 0000000000000282 R12: 0000000000000000
[   67.839968][ T9582] R13: 00007fffb6d63a10 R14: 0000000000000003 R15: 0000000000000000
[   67.841201][ T9582]  </TASK>
[   67.841986][ T9582] Kernel Offset: disabled
[   67.842659][ T9582] Rebooting in 86400 seconds..

VM DIAGNOSIS:
14:16:16  Registers:
info registers vcpu 0
RAX=000000000007aedb RBX=0000000000000000 RCX=ffffffff8b3be8a9 RDX=0000000000000000
RSI=0000000000000001 RDI=0000000000000000 RBP=dffffc0000000000 RSP=ffffffff8dc07e10
R8 =0000000000000001 R9 =ffffed100c506f85 R10=ffff888062837c2b R11=0000000000000000
R12=0000000000000000 R13=ffffffff9041f310 R14=0000000000000000 R15=0000000000000000
RIP=ffffffff8b3c021e RFL=00000206 [-----P-] CPL=0 II=0 A20=1 SMM=0 HLT=1
ES =0000 0000000000000000 00000000 00000000
CS =0010 0000000000000000 ffffffff 00a09b00 DPL=0 CS64 [-RA]
SS =0018 0000000000000000 ffffffff 00c09300 DPL=0 DS   [-WA]
DS =0000 0000000000000000 00000000 00000000
FS =0000 0000000000000000 00000000 00000000
GS =0000 ffff888062800000 00000000 00000000
LDT=0000 fffffe0000000000 00000000 00000000
TR =0040 fffffe0000003000 00004087 00008b00 DPL=0 TSS64-busy
GDT=     fffffe0000001000 0000007f
IDT=     fffffe0000000000 00000fff
CR0=80050033 CR2=000055f95af683a9 CR3=0000000026822000 CR4=00350ef0
DR0=0000000000000000 DR1=0000000000000000 DR2=0000000000000000 DR3=0000000000000000 
DR6=00000000ffff0ff0 DR7=0000000000000400
EFER=0000000000001d01
FCW=037f FSW=0000 [ST=0] FTW=00 MXCSR=00001f80
FPR0=0000000000000000 0000 FPR1=0000000000000000 0000
FPR2=0000000000000000 0000 FPR3=0000000000000000 0000
FPR4=0000000000000000 0000 FPR5=0000000000000000 0000
FPR6=0000000000000000 0000 FPR7=0000000000000000 0000
YMM00=0000000000000000 0000000000000000 0000000000000000 0000000000000000
YMM01=0000000000000000 0000000000000000 7465677261742e79 636e656772656d65
YMM02=0000000000000000 0000000000000000 0000000000000000 0000000000000000
YMM03=0000000000000000 0000000000000000 0000000000000401 0000000000000000
YMM04=0000000000000000 0000000000000000 2e2e2e2e2e2e2e2e 2e2e2e2e2e2e2e2e
YMM05=0000000000000000 0000000000000000 ffffffff00000009 000055f95af77a80
YMM06=0000000000000000 0000000000000000 0000000000000041 0000656369766564
YMM07=0000000000000000 0000000000000000 0000000000000000 0000000000000000
YMM08=0000000000000000 0000000000000000 6564636261393837 3635343332313040
YMM09=0000000000000000 0000000000000000 0000000000000000 0000000000000000
YMM10=0000000000000000 0000000000000000 0000000000000000 0000200020000000
YMM11=0000000000000000 0000000000000000 0000000000000000 0000000000000000
YMM12=0000000000000000 0000000000000000 0000000000000000 0000000000000000
YMM13=0000000000000000 0000000000000000 0000000000000000 0000000000000000
YMM14=0000000000000000 0000000000000000 0000000000000000 0000000000000000
YMM15=0000000000000000 0000000000000000 0000000000000000 0000000000000000
info registers vcpu 1
RAX=0000000000000000 RBX=0000000000000004 RCX=ffffffff81ac2762 RDX=ffff88801ceb5a00
RSI=ffffffff81ac273c RDI=0000000000000005 RBP=ffff888062946b40 RSP=ffffc900000ef938
R8 =0000000000000001 R9 =fffffbfff2d94598 R10=0000000000000001 R11=0000000000000000
R12=0000000000000003 R13=ffffed100c528d69 R14=0000000000000001 R15=dffffc0000000000
RIP=ffffffff81ac273e RFL=00000293 [--S-A-C] CPL=0 II=0 A20=1 SMM=0 HLT=0
ES =0000 0000000000000000 00000000 00000000
CS =0010 0000000000000000 ffffffff 00a09b00 DPL=0 CS64 [-RA]
SS =0018 0000000000000000 ffffffff 00c09300 DPL=0 DS   [-WA]
DS =0000 0000000000000000 00000000 00000000
FS =0000 0000000000000000 00000000 00000000
GS =0000 ffff888135e00000 00000000 00000000
LDT=0000 fffffe0000000000 00000000 00000000
TR =0040 fffffe000004a000 00004087 00008b00 DPL=0 TSS64-busy
GDT=     fffffe0000048000 0000007f
IDT=     fffffe0000000000 00000fff
CR0=80050033 CR2=0000555556e56d68 CR3=000000000dd80000 CR4=00350ef0
DR0=0000000000000000 DR1=0000000000000000 DR2=0000000000000000 DR3=0000000000000000 
DR6=00000000ffff0ff0 DR7=0000000000000400
EFER=0000000000001d01
FCW=037f FSW=0000 [ST=0] FTW=00 MXCSR=00001f80
FPR0=0000000000000000 0000 FPR1=0000000000000000 0000
FPR2=0000000000000000 0000 FPR3=0000000000000000 0000
FPR4=0000000000000000 0000 FPR5=0000000000000000 0000
FPR6=0000000000000000 0000 FPR7=0000000000000000 0000
YMM00=0000000000000000 0000000000000000 0000000000989680 0000000000000000
YMM01=0000000000000000 0000000000000000 0000000000000000 0000000000989680
YMM02=0000000000000000 0000000000000000 00007f1317b05b00 00007f1317b05b00
YMM03=0000000000000000 0000000000000000 00007fffb6d63b90 00007fffb6d63b90
YMM04=0000000000000000 0000000000000000 0000000000000000 00007fffb6d63bcf
YMM05=0000000000000000 0000000000000000 0000000000000000 00007f1317afa4d0
YMM06=0000000000000000 0000000000000000 0000000000000000 0000000000000000
YMM07=0000000000000000 0000000000000000 0000000000000000 0000000000000000
YMM08=0000000000000000 0000000000000000 36396f7369007265 6c6c616b7a797300
YMM09=0000000000000000 0000000000000000 0000000000000000 0000000000000000
YMM10=0000000000000000 0000000000000000 0000000000000000 0000000000000000
YMM11=0000000000000000 0000000000000000 0000000000000000 0000000000000000
YMM12=0000000000000000 0000000000000000 0000000000000000 0000000000000000
YMM13=0000000000000000 0000000000000000 0000000000000000 0000000000000000
YMM14=0000000000000000 0000000000000000 0000000000000000 0000000000000000
YMM15=0000000000000000 0000000000000000 0000000000000000 0000000000000000
info registers vcpu 2
RAX=00000000000241df RBX=0000000000000002 RCX=ffffffff8b3be8a9 RDX=0000000000000000
RSI=0000000000000001 RDI=0000000000000000 RBP=dffffc0000000000 RSP=ffffc9000019fe00
R8 =0000000000000001 R9 =ffffed100c516f85 R10=ffff8880628b7c2b R11=0000000000000000
R12=0000000000000002 R13=ffffffff9041f310 R14=0000000000000000 R15=0000000000000000
RIP=ffffffff8b3c021e RFL=00000202 [-------] CPL=0 II=0 A20=1 SMM=0 HLT=1
ES =0000 0000000000000000 00000000 00000000
CS =0010 0000000000000000 ffffffff 00a09b00 DPL=0 CS64 [-RA]
SS =0018 0000000000000000 ffffffff 00c09300 DPL=0 DS   [-WA]
DS =0000 0000000000000000 00000000 00000000
FS =0000 0000000000000000 00000000 00000000
GS =0000 ffff888062880000 00000000 00000000
LDT=0000 fffffe0000000000 00000000 00000000
TR =0040 fffffe0000091000 00004087 00008b00 DPL=0 TSS64-busy
GDT=     fffffe000008f000 0000007f
IDT=     fffffe0000000000 00000fff
CR0=80050033 CR2=00007ff848eae8c0 CR3=000000000dd80000 CR4=00350ef0
DR0=0000000000000000 DR1=0000000000000000 DR2=0000000000000000 DR3=0000000000000000 
DR6=00000000ffff0ff0 DR7=0000000000000400
EFER=0000000000001d01
FCW=037f FSW=0000 [ST=0] FTW=00 MXCSR=00001f80
FPR0=0000000000000000 0000 FPR1=0000000000000000 0000
FPR2=0000000000000000 0000 FPR3=0000000000000000 0000
FPR4=0000000000000000 0000 FPR5=0000000000000000 0000
FPR6=0000000000000000 0000 FPR7=0000000000000000 0000
YMM00=0000000000000000 0000000000000000 ffffffffffffffff ffffffffffffffff
YMM01=0000000000000000 0000000000000000 ffff000000000000 ffffffffffffffff
YMM02=0000000000000000 0000000000000000 ffffffffffffffff 0f0e0d0c0b0a0908
YMM03=0000000000000000 0000000000000000 6374652f006e6962 2f3a6e6962732f3a
YMM04=0000000000000000 0000000000000000 ffffffffffffffff ffffffffffffffff
YMM05=0000000000000000 0000000000000000 ffffffffffffffff ffffffffffffffff
YMM06=0000000000000000 0000000000000000 ffffffffffffffff ffffffffffffffff
YMM07=0000000000000000 0000000000000000 0000000000000000 0000000000000000
YMM08=0000000000000000 0000000000000000 000055bfd7538878 000000656d616e75
YMM09=0000000000000000 0000000000000000 0000000000000000 0000000000000000
YMM10=0000000000000000 0000000000000000 0000000000000000 0000000000000000
YMM11=0000000000000000 0000000000000000 0000000000000000 0000000000000000
YMM12=0000000000000000 0000000000000000 0000000000000000 0000000000000000
YMM13=0000000000000000 0000000000000000 0000000000000000 0000000000000000
YMM14=0000000000000000 0000000000000000 0000000000000000 0000000000000000
YMM15=0000000000000000 0000000000000000 0000000000000000 0000000000000000
info registers vcpu 3
RAX=000000000003e37b RBX=0000000000000003 RCX=ffffffff8b3be8a9 RDX=0000000000000000
RSI=0000000000000001 RDI=0000000000000000 RBP=dffffc0000000000 RSP=ffffc900001afe00
R8 =0000000000000001 R9 =ffffed1026bd6f85 R10=ffff888135eb7c2b R11=0000000000000000
R12=0000000000000003 R13=ffffffff9041f310 R14=0000000000000000 R15=0000000000000000
RIP=ffffffff8b3c021e RFL=00000206 [-----P-] CPL=0 II=0 A20=1 SMM=0 HLT=1
ES =0000 0000000000000000 00000000 00000000
CS =0010 0000000000000000 ffffffff 00a09b00 DPL=0 CS64 [-RA]
SS =0018 0000000000000000 ffffffff 00c09300 DPL=0 DS   [-WA]
DS =0000 0000000000000000 00000000 00000000
FS =0000 0000000000000000 00000000 00000000
GS =0000 ffff888135e80000 00000000 00000000
LDT=0000 fffffe0000000000 00000000 00000000
TR =0040 fffffe00000d8000 00004087 00008b00 DPL=0 TSS64-busy
GDT=     fffffe00000d6000 0000007f
IDT=     fffffe0000000000 00000fff
CR0=80050033 CR2=00007f1317a400c0 CR3=0000000049ce4000 CR4=00350ef0
DR0=0000000000000000 DR1=0000000000000000 DR2=0000000000000000 DR3=0000000000000000 
DR6=00000000ffff0ff0 DR7=0000000000000400
EFER=0000000000001d01
FCW=037f FSW=0000 [ST=0] FTW=00 MXCSR=00001f80
FPR0=0000000000000000 0000 FPR1=0000000000000000 0000
FPR2=0000000000000000 0000 FPR3=0000000000000000 0000
FPR4=0000000000000000 0000 FPR5=0000000000000000 0000
FPR6=0000000000000000 0000 FPR7=0000000000000000 0000
YMM00=0000000000000000 0000000000000000 ffffffffffffffff ffffffffffffffff
YMM01=0000000000000000 0000000000000000 0000000000000000 7366656863616362
YMM02=0000000000000000 0000000000000000 78783d6d75736b63 6568635f61746164
YMM03=0000000000000000 0000000000000000 002c687361687878 3d6d75736b636568
YMM04=0000000000000000 0000000000000000 0000000000000000 00007fffb6d63a0f
YMM05=0000000000000000 0000000000000000 0000000000000000 0000000000000000
YMM06=0000000000000000 0000000000000000 0000000000000000 0000000000000000
YMM07=0000000000000000 0000000000000000 0000000000000000 0000000000000000
YMM08=0000000000000000 0000000000000000 36396f7369007265 6c6c616b7a797300
YMM09=0000000000000000 0000000000000000 0000000000000000 0000000000000000
YMM10=0000000000000000 0000000000000000 0000000000000000 0000000000000000
YMM11=0000000000000000 0000000000000000 0000000000000000 0000000000000000
YMM12=0000000000000000 0000000000000000 0000000000000000 0000000000000000
YMM13=0000000000000000 0000000000000000 0000000000000000 0000000000000000
YMM14=0000000000000000 0000000000000000 0000000000000000 0000000000000000
YMM15=0000000000000000 0000000000000000 0000000000000000 0000000000000000
info registers vcpu 4
RAX=0000000000000000 RBX=ffffc9001702e2b3 RCX=ffffffff8b3884b6 RDX=ffff888023dc0000
RSI=ffffffff8b388436 RDI=0000000000000001 RBP=ffffc9001702e91f RSP=ffffc9001702e238
R8 =0000000000000001 R9 =fffff52002e05c59 R10=0000000000000070 R11=00000000000a3f8a
R12=0000000000000070 R13=0000000000000002 R14=dffffc0000000000 R15=ffffc9001702e2b0
RIP=ffffffff8b3ea200 RFL=00000093 [--S-A-C] CPL=0 II=0 A20=1 SMM=0 HLT=0
ES =0000 0000000000000000 00000000 00000000
CS =0010 0000000000000000 ffffffff 00a09b00 DPL=0 CS64 [-RA]
SS =0018 0000000000000000 ffffffff 00c09300 DPL=0 DS   [-WA]
DS =0000 0000000000000000 00000000 00000000
FS =0000 0000555556e563c0 00000000 00000000
GS =0000 ffff888062900000 00000000 00000000
LDT=0000 fffffe0000000000 00000000 00000000
TR =0040 fffffe000011f000 00004087 00008b00 DPL=0 TSS64-busy
GDT=     fffffe000011d000 0000007f
IDT=     fffffe0000000000 00000fff
CR0=80050033 CR2=00007f9d05e4a000 CR3=0000000049ce4000 CR4=00350ef0
DR0=0000000000000000 DR1=0000000000000000 DR2=0000000000000000 DR3=0000000000000000 
DR6=00000000ffff0ff0 DR7=0000000000000400
EFER=0000000000001d01
FCW=037f FSW=0000 [ST=0] FTW=00 MXCSR=00001f80
FPR0=0000000000000000 0000 FPR1=0000000000000000 0000
FPR2=0000000000000000 0000 FPR3=0000000000000000 0000
FPR4=0000000000000000 0000 FPR5=0000000000000000 0000
FPR6=0000000000000000 0000 FPR7=0000000000000000 0000
YMM00=0000000000000000 0000000000000000 0000000002eedf97 000000000217d0d3
YMM01=0000000000000000 0000000000000000 0000000001cdb6c2 0000000000ea6f8c
YMM02=0000000000000000 0000000000000000 0000000001215602 00000000025d05ca
YMM03=0000000000000000 0000000000000000 0000000000e447de 00000000028d8f93
YMM04=0000000000000000 0000000000000000 000000000329d1de 0000000002f0a6c9
YMM05=0000000000000000 0000000000000000 0000000003ffffff 0000000003ffffff
YMM06=0000000000000000 0000000000000000 001a52e8add8f631 0001769694000000
YMM07=0000000000000000 0000000000000000 009cc1cf2a5bf1a5 000501ec71000000
YMM08=0000000000000000 0000000000000000 008032a15b79809d 000843c251000000
YMM09=0000000000000000 0000000000000000 006f0770073f6cd5 0011a6185d000000
YMM10=0000000000000000 0000000000000000 0050fae46f622d72 001363ddd3000000
YMM11=0000000000000000 0000000000000000 0000000000000009 0000000000000009
YMM12=0000000000000000 0000000000000000 0000000022e1e92d 00000000221d98f5
YMM13=0000000000000000 0000000000000000 000000001e821a6c 00000000202b6221
YMM14=0000000000000000 0000000000000000 0000000000000008 0000000000000008
YMM15=0000000000000000 0000000000000000 000000001c758b28 000000001bc97f58
info registers vcpu 5
RAX=000000000002732f RBX=0000000000000005 RCX=ffffffff8b3be8a9 RDX=0000000000000000
RSI=0000000000000001 RDI=0000000000000000 RBP=dffffc0000000000 RSP=ffffc900001cfe00
R8 =0000000000000001 R9 =ffffed1026be6f85 R10=ffff888135f37c2b R11=0000000000000000
R12=0000000000000005 R13=ffffffff9041f310 R14=0000000000000000 R15=0000000000000000
RIP=ffffffff8b3c021e RFL=00000202 [-------] CPL=0 II=0 A20=1 SMM=0 HLT=1
ES =0000 0000000000000000 00000000 00000000
CS =0010 0000000000000000 ffffffff 00a09b00 DPL=0 CS64 [-RA]
SS =0018 0000000000000000 ffffffff 00c09300 DPL=0 DS   [-WA]
DS =0000 0000000000000000 00000000 00000000
FS =0000 0000000000000000 00000000 00000000
GS =0000 ffff888135f00000 00000000 00000000
LDT=0000 fffffe0000000000 00000000 00000000
TR =0040 fffffe0000166000 00004087 00008b00 DPL=0 TSS64-busy
GDT=     fffffe0000164000 0000007f
IDT=     fffffe0000000000 00000fff
CR0=80050033 CR2=00007fd2ce01a970 CR3=000000002cc54000 CR4=00350ef0
DR0=0000000000000000 DR1=0000000000000000 DR2=0000000000000000 DR3=0000000000000000 
DR6=00000000ffff0ff0 DR7=0000000000000400
EFER=0000000000001d01
FCW=037f FSW=0000 [ST=0] FTW=00 MXCSR=00001f80
FPR0=0000000000000000 0000 FPR1=0000000000000000 0000
FPR2=0000000000000000 0000 FPR3=0000000000000000 0000
FPR4=0000000000000000 0000 FPR5=0000000000000000 0000
FPR6=0000000000000000 0000 FPR7=0000000000000000 0000
YMM00=0000000000000000 0000000000000000 0000000000000000 0000000000000000
YMM01=0000000000000000 0000000000000000 6576652d7372656b 726f772d6c6c696b
YMM02=0000000000000000 0000000000000000 0000000000000000 00000000000000ff
YMM03=0000000000000000 0000000000000000 0000000000000000 0000000300000007
YMM04=0000000000000000 0000000000000000 000055c819cf4d80 000055c819d6d0a0
YMM05=0000000000000000 0000000000000000 00ffff0201000101 00000001ffffffff
YMM06=0000000000000000 0000000000000000 0000000000000002 000055c819cf42f0
YMM07=0000000000000000 0000000000000000 0000000000000000 0000000000000000
YMM08=0000000000000000 0000000000000000 2064616572206f74 2064656c69614600
YMM09=0000000000000000 0000000000000000 0000000000000000 0000000000000000
YMM10=0000000000000000 0000000000000000 0000000000000000 0000000000000000
YMM11=0000000000000000 0000000000000000 0000000000000000 0000000000000000
YMM12=0000000000000000 0000000000000000 0000000000000000 0000000000000000
YMM13=0000000000000000 0000000000000000 0000000000000000 0000000000000000
YMM14=0000000000000000 0000000000000000 0000000000000000 0000000000000000
YMM15=0000000000000000 0000000000000000 0000000000000000 0000000000000000
info registers vcpu 6
RAX=00000000000201b7 RBX=0000000000000006 RCX=ffffffff8b3be8a9 RDX=0000000000000000
RSI=0000000000000001 RDI=0000000000000000 RBP=dffffc0000000000 RSP=ffffc900001dfe00
R8 =0000000000000001 R9 =ffffed100c536f85 R10=ffff8880629b7c2b R11=0000000000000000
R12=0000000000000006 R13=ffffffff9041f310 R14=0000000000000000 R15=0000000000000000
RIP=ffffffff8b3c021e RFL=00000206 [-----P-] CPL=0 II=0 A20=1 SMM=0 HLT=1
ES =0000 0000000000000000 00000000 00000000
CS =0010 0000000000000000 ffffffff 00a09b00 DPL=0 CS64 [-RA]
SS =0018 0000000000000000 ffffffff 00c09300 DPL=0 DS   [-WA]
DS =0000 0000000000000000 00000000 00000000
FS =0000 0000000000000000 00000000 00000000
GS =0000 ffff888062980000 00000000 00000000
LDT=0000 fffffe0000000000 00000000 00000000
TR =0040 fffffe00001ad000 00004087 00008b00 DPL=0 TSS64-busy
GDT=     fffffe00001ab000 0000007f
IDT=     fffffe0000000000 00000fff
CR0=80050033 CR2=000055c819dd9000 CR3=0000000028bae000 CR4=00350ef0
DR0=0000000000000000 DR1=0000000000000000 DR2=0000000000000000 DR3=0000000000000000 
DR6=00000000ffff0ff0 DR7=0000000000000400
EFER=0000000000001d01
FCW=037f FSW=0000 [ST=0] FTW=00 MXCSR=00001f80
FPR0=0000000000000000 0000 FPR1=0000000000000000 0000
FPR2=0000000000000000 0000 FPR3=0000000000000000 0000
FPR4=0000000000000000 0000 FPR5=0000000000000000 0000
FPR6=0000000000000000 0000 FPR7=0000000000000000 0000
YMM00=0000000000000000 0000000000000000 2036313a36313a34 312033322072614d
YMM01=0000000000000000 0000000000000000 5d3338333333362e 37362020205b203a
YMM02=0000000000000000 0000000000000000 696e6e7572203a29 30706f6f6c282073
YMM03=0000000000000000 0000000000000000 5f6b636568632073 7361702079726576
YMM04=0000000000000000 0000000000000000 797265766f636572 20746120796c746e
YMM05=0000000000000000 0000000000000000 5f636f6c6c615f6b 6365686320737361
YMM06=0000000000000000 0000000000000000 70786520676e696e 6e7572203a293070
YMM07=0000000000000000 0000000000000000 38353954205b5d33 38333333362e3736
YMM08=0000000000000000 0000000000000000 65636f72703d7373 616c637420333230
YMM09=0000000000000000 0000000000000000 0000000000000000 0000000000000000
YMM10=0000000000000000 0000000000000000 0000000000000000 0000000000000000
YMM11=0000000000000000 0000000000000000 0000000000000000 0000000000000000
YMM12=0000000000000000 0000000000000000 0000000000000000 0000000000000000
YMM13=0000000000000000 0000000000000000 0000000000000000 0000000000000000
YMM14=0000000000000000 0000000000000000 0000000000000000 0000000000000000
YMM15=0000000000000000 0000000000000000 0000000000000000 0000000000000000
info registers vcpu 7
RAX=00000000000268d3 RBX=0000000000000007 RCX=ffffffff8b3be8a9 RDX=0000000000000000
RSI=0000000000000001 RDI=0000000000000000 RBP=dffffc0000000000 RSP=ffffc900001efe00
R8 =0000000000000001 R9 =ffffed1026bf6f85 R10=ffff888135fb7c2b R11=0000000000000000
R12=0000000000000007 R13=ffffffff9041f310 R14=0000000000000000 R15=0000000000000000
RIP=ffffffff8b3c021e RFL=00000202 [-------] CPL=0 II=0 A20=1 SMM=0 HLT=1
ES =0000 0000000000000000 00000000 00000000
CS =0010 0000000000000000 ffffffff 00a09b00 DPL=0 CS64 [-RA]
SS =0018 0000000000000000 ffffffff 00c09300 DPL=0 DS   [-WA]
DS =0000 0000000000000000 00000000 00000000
FS =0000 0000000000000000 00000000 00000000
GS =0000 ffff888135f80000 00000000 00000000
LDT=0000 fffffe0000000000 00000000 00000000
TR =0040 fffffe00001f4000 00004087 00008b00 DPL=0 TSS64-busy
GDT=     fffffe00001f2000 0000007f
IDT=     fffffe0000000000 00000fff
CR0=80050033 CR2=00007f9d05a5b060 CR3=00000000369dc000 CR4=00350ef0
DR0=0000000000000000 DR1=0000000000000000 DR2=0000000000000000 DR3=0000000000000000 
DR6=00000000ffff0ff0 DR7=0000000000000400
EFER=0000000000001d01
FCW=037f FSW=0000 [ST=0] FTW=00 MXCSR=00001f80
FPR0=0000000000000000 0000 FPR1=0000000000000000 0000
FPR2=0000000000000000 0000 FPR3=0000000000000000 0000
FPR4=0000000000000000 0000 FPR5=0000000000000000 0000
FPR6=0000000000000000 0000 FPR7=0000000000000000 0000
YMM00=0000000000000000 0000000000000000 0000000000989680 0000000000000000
YMM01=0000000000000000 0000000000000000 0000000000000000 0000000000989680
YMM02=0000000000000000 0000000000000000 00007f1317b05b00 00007f1317b05b00
YMM03=0000000000000000 0000000000000000 00007fffb6d63b90 00007fffb6d63b90
YMM04=0000000000000000 0000000000000000 0000000000000000 00007fffb6d63bcf
YMM05=0000000000000000 0000000000000000 0000000000000000 00007f1317afa4d0
YMM06=0000000000000000 0000000000000000 0000000000000000 0000000000000000
YMM07=0000000000000000 0000000000000000 0000000000000000 0000000000000000
YMM08=0000000000000000 0000000000000000 36396f7369007265 6c6c616b7a797300
YMM09=0000000000000000 0000000000000000 0000000000000000 0000000000000000
YMM10=0000000000000000 0000000000000000 0000000000000000 0000000000000000
YMM11=0000000000000000 0000000000000000 0000000000000000 0000000000000000
YMM12=0000000000000000 0000000000000000 0000000000000000 0000000000000000
YMM13=0000000000000000 0000000000000000 0000000000000000 0000000000000000
YMM14=0000000000000000 0000000000000000 0000000000000000 0000000000000000
YMM15=0000000000000000 0000000000000000 0000000000000000 0000000000000000
