Warning: Permanently added '[localhost]:6566' (ED25519) to the list of known hosts.
executing program
syzkaller login: [  158.560286][ T8264] loop0: detected capacity change from 0 to 8192
[  158.573557][ T8264] REISERFS warning:  read_super_block: reiserfs filesystem is deprecated and scheduled to be removed from the kernel in 2025
[  158.575121][ T8264] REISERFS (device loop0): found reiserfs format "3.6" with non-standard journal
[  158.577891][ T8264] REISERFS (device loop0): using ordered data mode
[  158.578658][ T8264] reiserfs: using flush barriers
[  158.584378][ T8264] REISERFS (device loop0): journal params: device loop0, size 512, journal first block 18, max trans len 256, max batch 225, max commit age 30, max trans age 30
[  158.589291][ T8264] REISERFS (device loop0): checking transaction log (loop0)
[  158.744125][ T8264] REISERFS (device loop0): Using tea hash to sort names
[  158.748486][ T8264] REISERFS panic (device loop0): vs-13065 update_stat_data: key [1 2 0x0 SD], found item *3.5*[1 2 0(0) DIR], item_len 80, item_location 3972, free_space(entry_count) 3
[  158.750949][ T8264] ------------[ cut here ]------------
[  158.751595][ T8264] kernel BUG at fs/reiserfs/prints.c:390!
[  158.752422][ T8264] Oops: invalid opcode: 0000 [#1] PREEMPT SMP KASAN NOPTI
[  158.753232][ T8264] CPU: 1 UID: 0 PID: 8264 Comm: syz-executor270 Not tainted 6.11.0-rc6-00026-g88fac17500f4-dirty #1
[  158.755527][ T8264] Hardware name: QEMU Standard PC (i440FX + PIIX, 1996), BIOS 1.15.0-1 04/01/2014
[  158.756516][ T8264] RIP: 0010:__reiserfs_panic+0xf3/0x150
[  158.757192][ T8264] Code: 54 ff 4d 89 e8 4c 89 f1 4c 89 e2 48 8d b3 68 06 00 00 49 c7 c1 60 7e 6b 94 48 c7 c7 00 0e 04 8b e8 b2 38 35 ff e8 ed 4e 54 ff <0f> 0b 49 c7 c6 a0 0c 04 8b 4d 89 f4 eb c5 e8 da 4e 54 ff 4d 85 e4
[  158.759261][ T8264] RSP: 0018:ffffc9000b85f650 EFLAGS: 00010293
[  158.759962][ T8264] RAX: 0000000000000000 RBX: ffff88801ee8a000 RCX: ffffffff816af049
[  158.760832][ T8264] RDX: ffff8880193c5a00 RSI: ffffffff8235abd3 RDI: 0000000000000005
[  158.761712][ T8264] RBP: ffffc9000b85f720 R08: 0000000000000001 R09: ffffed100fd85179
[  158.762592][ T8264] R10: 0000000080000000 R11: 0000000000000001 R12: ffffffff8b039ee0
[  158.763489][ T8264] R13: ffffffff8b03aba0 R14: ffffffff8b040c60 R15: ffff8880455e2cb0
[  158.764393][ T8264] FS:  000055556ea213c0(0000) GS:ffff88807ec00000(0000) knlGS:0000000000000000
[  158.765381][ T8264] CS:  0010 DS: 0000 ES: 0000 CR0: 0000000080050033
[  158.766114][ T8264] CR2: 00007f799073e450 CR3: 00000000119aa000 CR4: 0000000000350ef0
[  158.766996][ T8264] Call Trace:
[  158.767386][ T8264]  <TASK>
[  158.767733][ T8264]  ? show_regs+0x8f/0xa0
[  158.768261][ T8264]  ? die+0x34/0xa0
[  158.768745][ T8264]  ? do_trap+0x232/0x430
[  158.769260][ T8264]  ? __reiserfs_panic+0xf3/0x150
[  158.769865][ T8264]  ? do_error_trap+0x107/0x240
[  158.770448][ T8264]  ? __reiserfs_panic+0xf3/0x150
[  158.771045][ T8264]  ? __reiserfs_panic+0xf3/0x150
[  158.771653][ T8264]  ? handle_invalid_op+0x34/0x40
[  158.772246][ T8264]  ? __reiserfs_panic+0xf3/0x150
[  158.772849][ T8264]  ? exc_invalid_op+0x58/0x70
[  158.773443][ T8264]  ? asm_exc_invalid_op+0x16/0x20
[  158.774046][ T8264]  ? __wake_up_klogd.part.0+0x99/0xf0
[  158.774683][ T8264]  ? __reiserfs_panic+0xf3/0x150
[  158.775282][ T8264]  ? __reiserfs_panic+0xf3/0x150
[  158.775889][ T8264]  ? __pfx___reiserfs_panic+0x10/0x10
[  158.776559][ T8264]  reiserfs_update_sd_size+0x6e7/0xc20
[  158.777206][ T8264]  ? __pfx_reiserfs_update_sd_size+0x10/0x10
[  158.777943][ T8264]  ? reiserfs_mkdir+0x6cb/0x990
[  158.778543][ T8264]  reiserfs_mkdir+0x6cb/0x990
[  158.779125][ T8264]  ? __pfx_reiserfs_mkdir+0x10/0x10
[  158.779768][ T8264]  ? srso_return_thunk+0x5/0x5f
[  158.780373][ T8264]  ? srso_return_thunk+0x5/0x5f
[  158.780973][ T8264]  ? __pfx_down_write+0x10/0x10
[  158.781586][ T8264]  ? srso_return_thunk+0x5/0x5f
[  158.782185][ T8264]  reiserfs_xattr_init+0x586/0xbc0
[  158.782808][ T8264]  reiserfs_fill_super+0x21af/0x2f50
[  158.783461][ T8264]  ? __pfx_reiserfs_fill_super+0x10/0x10
[  158.784133][ T8264]  ? srso_return_thunk+0x5/0x5f
[  158.784744][ T8264]  ? snprintf+0xbb/0x100
[  158.785273][ T8264]  ? __pfx_snprintf+0x10/0x10
[  158.785857][ T8264]  ? srso_return_thunk+0x5/0x5f
[  158.786451][ T8264]  ? do_raw_spin_lock+0x128/0x2b0
[  158.787056][ T8264]  ? set_blocksize+0x2c3/0x360
[  158.787630][ T8264]  ? srso_return_thunk+0x5/0x5f
[  158.788227][ T8264]  ? setup_bdev_super+0x365/0x730
[  158.788856][ T8264]  mount_bdev+0x1e8/0x2d0
[  158.789409][ T8264]  ? __pfx_reiserfs_fill_super+0x10/0x10
[  158.790077][ T8264]  ? __pfx_mount_bdev+0x10/0x10
[  158.790686][ T8264]  ? srso_return_thunk+0x5/0x5f
[  158.791275][ T8264]  ? apparmor_capable+0x1d6/0x460
[  158.791880][ T8264]  ? __pfx_get_super_block+0x10/0x10
[  158.792515][ T8264]  legacy_get_tree+0x108/0x220
[  158.793109][ T8264]  vfs_get_tree+0x93/0x380
[  158.793675][ T8264]  ? srso_return_thunk+0x5/0x5f
[  158.794273][ T8264]  path_mount+0x6ae/0x1ea0
[  158.794815][ T8264]  ? __pfx_path_mount+0x10/0x10
[  158.795391][ T8264]  ? putname+0x126/0x170
[  158.795912][ T8264]  ? srso_return_thunk+0x5/0x5f
[  158.796510][ T8264]  ? putname+0x126/0x170
[  158.797030][ T8264]  __x64_sys_mount+0x280/0x300
[  158.797609][ T8264]  ? __pfx___x64_sys_mount+0x10/0x10
[  158.798237][ T8264]  do_syscall_64+0x6e/0x1c0
[  158.798805][ T8264]  entry_SYSCALL_64_after_hwframe+0x76/0x7e
[  158.799496][ T8264] RIP: 0033:0x7f3901df1afe
[  158.800007][ T8264] Code: 48 c7 c0 ff ff ff ff eb aa e8 fe 06 00 00 66 2e 0f 1f 84 00 00 00 00 00 0f 1f 40 00 f3 0f 1e fa 49 89 ca b8 a5 00 00 00 0f 05 <48> 3d 01 f0 ff ff 73 01 c3 48 c7 c1 b8 ff ff ff f7 d8 64 89 01 48
[  158.802058][ T8264] RSP: 002b:00007ffddfaabdf8 EFLAGS: 00000286 ORIG_RAX: 00000000000000a5
[  158.802987][ T8264] RAX: ffffffffffffffda RBX: 000055556ea21378 RCX: 00007f3901df1afe
[  158.803866][ T8264] RDX: 0000000020001100 RSI: 0000000020001140 RDI: 00007ffddfaabe10
[  158.804743][ T8264] RBP: 00007ffddfaabe10 R08: 00007ffddfaabe50 R09: 00000000000010ec
[  158.805620][ T8264] R10: 0000000000000000 R11: 0000000000000286 R12: 0000000000000000
[  158.806492][ T8264] R13: 00007ffddfaabe50 R14: 0000000000000003 R15: 0000000000000000
[  158.807381][ T8264]  </TASK>
[  158.807747][ T8264] Modules linked in:
[  158.808422][ T8264] ---[ end trace 0000000000000000 ]---
[  158.809034][ T8264] RIP: 0010:__reiserfs_panic+0xf3/0x150
[  158.809724][ T8264] Code: 54 ff 4d 89 e8 4c 89 f1 4c 89 e2 48 8d b3 68 06 00 00 49 c7 c1 60 7e 6b 94 48 c7 c7 00 0e 04 8b e8 b2 38 35 ff e8 ed 4e 54 ff <0f> 0b 49 c7 c6 a0 0c 04 8b 4d 89 f4 eb c5 e8 da 4e 54 ff 4d 85 e4
[  158.811797][ T8264] RSP: 0018:ffffc9000b85f650 EFLAGS: 00010293
[  158.812507][ T8264] RAX: 0000000000000000 RBX: ffff88801ee8a000 RCX: ffffffff816af049
[  158.813397][ T8264] RDX: ffff8880193c5a00 RSI: ffffffff8235abd3 RDI: 0000000000000005
[  158.814268][ T8264] RBP: ffffc9000b85f720 R08: 0000000000000001 R09: ffffed100fd85179
[  158.815150][ T8264] R10: 0000000080000000 R11: 0000000000000001 R12: ffffffff8b039ee0
[  158.816311][ T8264] R13: ffffffff8b03aba0 R14: ffffffff8b040c60 R15: ffff8880455e2cb0
[  158.817190][ T8264] FS:  000055556ea213c0(0000) GS:ffff88807ec00000(0000) knlGS:0000000000000000
[  158.818167][ T8264] CS:  0010 DS: 0000 ES: 0000 CR0: 0000000080050033
[  158.818963][ T8264] CR2: 00007f799073e450 CR3: 00000000119aa000 CR4: 0000000000350ef0
[  158.819843][ T8264] Kernel panic - not syncing: Fatal exception
[  158.828762][ T8264] Kernel Offset: disabled
[  158.829187][ T8264] Rebooting in 86400 seconds..

VM DIAGNOSIS:
13:09:29  Registers:
info registers vcpu 0
RAX=ffffea00009c3a48 RBX=00fff60000000028 RCX=ffffffff81c3a868 RDX=0000000000000000
RSI=0000000000000008 RDI=ffffea00009c3a40 RBP=ffffea00009c3a40 RSP=ffffc900011373d0
R8 =0000000000000000 R9 =fffff94000138748 R10=0000000000000000 R11=0000000000000001
R12=ffffea00009c3ac8 R13=ffffea00009c3a40 R14=dffffc0000000000 R15=ffffea00009c3a48
RIP=ffffffff81e76646 RFL=00000086 [--S--P-] CPL=0 II=0 A20=1 SMM=0 HLT=0
ES =0000 0000000000000000 00000000 00000000
CS =0010 0000000000000000 ffffffff 00a09b00 DPL=0 CS64 [-RA]
SS =0018 0000000000000000 ffffffff 00c09300 DPL=0 DS   [-WA]
DS =0000 0000000000000000 00000000 00000000
FS =0000 0000000000000000 00000000 00000000
GS =0000 ffff88802c600000 00000000 00000000
LDT=0000 fffffe0000000000 00000000 00000000
TR =0040 fffffe0000003000 00004087 00008b00 DPL=0 TSS64-busy
GDT=     fffffe0000001000 0000007f
IDT=     fffffe0000000000 00000fff
CR0=80050033 CR2=00005629c22c20c0 CR3=000000000d57c000 CR4=00350ef0
DR0=0000000000000000 DR1=0000000000000000 DR2=0000000000000000 DR3=0000000000000000 
DR6=00000000ffff0ff0 DR7=0000000000000400
EFER=0000000000000d01
FCW=037f FSW=0000 [ST=0] FTW=00 MXCSR=00001f80
FPR0=0000000000000000 0000 FPR1=0000000000000000 0000
FPR2=0000000000000000 0000 FPR3=0000000000000000 0000
FPR4=0000000000000000 0000 FPR5=0000000000000000 0000
FPR6=0000000000000000 0000 FPR7=0000000000000000 0000
YMM00=0000000000000000 0000000000000000 0000000000000000 0000000000000000
YMM01=0000000000000000 0000000000000000 6576652d7372656b 726f772d6c6c696b
YMM02=0000000000000000 0000000000000000 0000000000000000 00000000000000ff
YMM03=0000000000000000 0000000000000000 696e656420737365 636341002f737973
YMM04=0000000000000000 0000000000000000 2f2f2f2f2f2f2f2f 2f2f2f2f2f2f2f2f
YMM05=0000000000000000 0000000000000000 0000000000000000 0000000000000000
YMM06=0000000000000000 0000000000000000 0000000000000000 0000000000000000
YMM07=0000000000000000 0000000000000000 0000000000000000 0000000000000000
YMM08=0000000000000000 0000000000000000 2064616572206f74 2064656c69614600
YMM09=0000000000000000 0000000000000000 0000000000000000 0000000000000000
YMM10=0000000000000000 0000000000000000 0000000000002000 0000000000000000
YMM11=0000000000000000 0000000000000000 0000000000000000 0000000000000000
YMM12=0000000000000000 0000000000000000 0000000000000000 0000000000000000
YMM13=0000000000000000 0000000000000000 0000000000000000 0000000000000000
YMM14=0000000000000000 0000000000000000 0000000000000000 0000000000000000
YMM15=0000000000000000 0000000000000000 0000000000000000 0000000000000000
info registers vcpu 1
RAX=0000000000000036 RBX=00000000000003f8 RCX=0000000000000000 RDX=00000000000003f8
RSI=ffffffff84b45b21 RDI=ffffffff94871400 RBP=ffffffff948713c0 RSP=ffffc9000b85efc8
R8 =0000000000000000 R9 =ffffed10036f7046 R10=0000000000000000 R11=205d343632385420
R12=0000000000000000 R13=0000000000000036 R14=ffffffff84b45ac0 R15=0000000000000000
RIP=ffffffff84b45b4b RFL=00000002 [-------] CPL=0 II=0 A20=1 SMM=0 HLT=0
ES =0000 0000000000000000 00000000 00000000
CS =0010 0000000000000000 ffffffff 00a09b00 DPL=0 CS64 [-RA]
SS =0018 0000000000000000 ffffffff 00c09300 DPL=0 DS   [-WA]
DS =0000 0000000000000000 00000000 00000000
FS =0000 000055556ea213c0 00000000 00000000
GS =0000 ffff88807ec00000 00000000 00000000
LDT=0000 fffffe0000000000 00000000 00000000
TR =0040 fffffe000004a000 00004087 00008b00 DPL=0 TSS64-busy
GDT=     fffffe0000048000 0000007f
IDT=     fffffe0000000000 00000fff
CR0=80050033 CR2=00007f799073e450 CR3=00000000119aa000 CR4=00350ef0
DR0=0000000000000000 DR1=0000000000000000 DR2=0000000000000000 DR3=0000000000000000 
DR6=00000000ffff0ff0 DR7=0000000000000400
EFER=0000000000000d01
FCW=037f FSW=0000 [ST=0] FTW=00 MXCSR=00001f80
FPR0=0000000000000000 0000 FPR1=0000000000000000 0000
FPR2=0000000000000000 0000 FPR3=0000000000000000 0000
FPR4=0000000000000000 0000 FPR5=0000000000000000 0000
FPR6=0000000000000000 0000 FPR7=0000000000000000 0000
YMM00=0000000000000000 0000000000000000 0000000000989680 0000000000000000
YMM01=0000000000000000 0000000000000000 0000000000000000 0000000000989680
YMM02=0000000000000000 0000000000000000 00007f3901e7ab00 00007f3901e7ab00
YMM03=0000000000000000 0000000000000000 00007ffddfaabfd0 00007ffddfaabfd0
YMM04=0000000000000000 0000000000000000 0000000000000000 00007ffddfaac00f
YMM05=0000000000000000 0000000000000000 0000000000000000 00007f3901e6f4d0
YMM06=0000000000000000 0000000000000000 0000000000000000 0000000000000000
YMM07=0000000000000000 0000000000000000 0000000000000000 0000000000000000
YMM08=0000000000000000 0000000000000000 36396f7369007265 6c6c616b7a797300
YMM09=0000000000000000 0000000000000000 0000000000000000 0000000000000000
YMM10=0000000000000000 0000000000000000 0000000000000000 0000000000000000
YMM11=0000000000000000 0000000000000000 0000000000000000 0000000000000000
YMM12=0000000000000000 0000000000000000 0000000000000000 0000000000000000
YMM13=0000000000000000 0000000000000000 0000000000000000 0000000000000000
YMM14=0000000000000000 0000000000000000 0000000000000000 0000000000000000
YMM15=0000000000000000 0000000000000000 0000000000000000 0000000000000000
