Warning: Permanently added '[localhost]:19844' (ED25519) to the list of known hosts.
[   83.107634][   T60] audit: type=1400 audit(1743856094.062:15): avc:  denied  { execmem } for  pid=9609 comm="syz-executor150" scontext=unconfined_u:unconfined_r:unconfined_t:s0-s0:c0.c1023 tcontext=unconfined_u:unconfined_r:unconfined_t:s0-s0:c0.c1023 tclass=process permissive=1
executing program
[   83.113099][ T9610] Oops: general protection fault, probably for non-canonical address 0xdffffc0000000198: 0000 [#1] SMP KASAN NOPTI
[   83.114916][ T9610] KASAN: null-ptr-deref in range [0x0000000000000cc0-0x0000000000000cc7]
[   83.116028][ T9610] CPU: 0 UID: 0 PID: 9610 Comm: syz-executor150 Not tainted 6.14.0-13408-g9f867ba24d36 #1 PREEMPT(full) 
[   83.118133][ T9610] Hardware name: QEMU Standard PC (i440FX + PIIX, 1996), BIOS 1.15.0-1 04/01/2014
[   83.119597][ T9610] RIP: 0010:addrconf_add_ifaddr+0x15d/0x420
[   83.120872][ T9610] Code: 8b b4 24 94 00 00 00 4c 89 ef e8 7e 4c 2f ff 4c 8d b0 c5 0c 00 00 48 89 c3 48 b8 00 00 00 00 00 fc ff df 4c 89 f2 48 c1 ea 03 <0f> b6 04 02 4c 89 f2 83 e2 07 38 d0 7f 08 84 c0 0f 85 34 02 00 00
[   83.123999][ T9610] RSP: 0018:ffffc9001784faa0 EFLAGS: 00010213
[   83.124867][ T9610] RAX: dffffc0000000000 RBX: 0000000000000000 RCX: 0000000000000000
[   83.125933][ T9610] RDX: 0000000000000198 RSI: ffffffff893162f2 RDI: ffffffff9adac1f8
[   83.126938][ T9610] RBP: ffffc9001784fbb0 R08: 0000000000000000 R09: fffffbfff20cbbe2
[   83.127986][ T9610] R10: ffffc9001784faa0 R11: 0000000000000000 R12: 1ffff92002f09f54
[   83.128992][ T9610] R13: ffffffff9adabec0 R14: 0000000000000cc5 R15: ffffffff9adabec0
[   83.130034][ T9610] FS:  0000555579deb3c0(0000) GS:ffff8880cefd9000(0000) knlGS:0000000000000000
[   83.131231][ T9610] CS:  0010 DS: 0000 ES: 0000 CR0: 0000000080050033
[   83.132122][ T9610] CR2: 0000000020000054 CR3: 00000000302c0000 CR4: 0000000000350ef0
[   83.133102][ T9610] Call Trace:
[   83.133561][ T9610]  <TASK>
[   83.133952][ T9610]  ? __pfx_addrconf_add_ifaddr+0x10/0x10
[   83.134705][ T9610]  ? __pfx_avc_has_extended_perms+0x10/0x10
[   83.135497][ T9610]  ? srso_return_thunk+0x5/0x5f
[   83.136142][ T9610]  inet6_ioctl+0x108/0x2a0
[   83.136739][ T9610]  ? srso_return_thunk+0x5/0x5f
[   83.137385][ T9610]  ? __pfx_inet6_ioctl+0x10/0x10
[   83.138048][ T9610]  ? tomoyo_path_number_perm+0x270/0x550
[   83.138852][ T9610]  ? srso_return_thunk+0x5/0x5f
[   83.139554][ T9610]  ? srso_return_thunk+0x5/0x5f
[   83.140273][ T9610]  ? tomoyo_path_number_perm+0x169/0x550
[   83.141073][ T9610]  ? __pfx_tomoyo_path_number_perm+0x10/0x10
[   83.141911][ T9610]  ? __sanitizer_cov_trace_switch+0x54/0x90
[   83.142710][ T9610]  sock_do_ioctl+0xdc/0x260
[   83.143362][ T9610]  ? __pfx_sock_do_ioctl+0x10/0x10
[   83.144094][ T9610]  ? srso_return_thunk+0x5/0x5f
[   83.144770][ T9610]  ? srso_return_thunk+0x5/0x5f
[   83.145445][ T9610]  ? ioctl_has_perm.constprop.0.isra.0+0x2b0/0x400
[   83.146300][ T9610]  ? srso_return_thunk+0x5/0x5f
[   83.146970][ T9610]  ? ioctl_has_perm.constprop.0.isra.0+0x2ba/0x400
[   83.147792][ T9610]  ? __pfx_ioctl_has_perm.constprop.0.isra.0+0x10/0x10
[   83.148689][ T9610]  ? srso_return_thunk+0x5/0x5f
[   83.149395][ T9610]  sock_ioctl+0x239/0x6a0
[   83.150055][ T9610]  ? __pfx_sock_ioctl+0x10/0x10
[   83.150769][ T9610]  ? hook_file_ioctl_common+0x146/0x3f0
[   83.151543][ T9610]  ? srso_return_thunk+0x5/0x5f
[   83.152248][ T9610]  ? selinux_file_ioctl+0x187/0x280
[   83.152973][ T9610]  ? srso_return_thunk+0x5/0x5f
[   83.153659][ T9610]  ? selinux_file_ioctl+0xb9/0x280
[   83.154390][ T9610]  ? __pfx_sock_ioctl+0x10/0x10
[   83.155043][ T9610]  __x64_sys_ioctl+0x194/0x200
[   83.155684][ T9610]  do_syscall_64+0xcb/0x250
[   83.156289][ T9610]  entry_SYSCALL_64_after_hwframe+0x77/0x7f
[   83.157076][ T9610] RIP: 0033:0x7f959b04f6cd
[   83.157658][ T9610] Code: c3 e8 a7 1f 00 00 0f 1f 80 00 00 00 00 f3 0f 1e fa 48 89 f8 48 89 f7 48 89 d6 48 89 ca 4d 89 c2 4d 89 c8 4c 8b 4c 24 08 0f 05 <48> 3d 01 f0 ff ff 73 01 c3 48 c7 c1 b8 ff ff ff f7 d8 64 89 01 48
[   83.160165][ T9610] RSP: 002b:00007ffd61d9c398 EFLAGS: 00000246 ORIG_RAX: 0000000000000010
[   83.161279][ T9610] RAX: ffffffffffffffda RBX: 00007ffd61d9c5f8 RCX: 00007f959b04f6cd
[   83.162248][ T9610] RDX: 0000000020000040 RSI: 0000000000008916 RDI: 0000000000000003
[   83.163251][ T9610] RBP: 0000000000000000 R08: 0000000000000000 R09: 0000000000000000
[   83.164206][ T9610] R10: 00007ffd61d9be00 R11: 0000000000000246 R12: 0000000000000001
[   83.165206][ T9610] R13: 431bde82d7b634db R14: 00007f959b0cc4f0 R15: 0000000000000001
[   83.166204][ T9610]  </TASK>
[   83.166620][ T9610] Modules linked in:
[   83.167232][ T9610] ---[ end trace 0000000000000000 ]---
[   83.167976][ T9610] RIP: 0010:addrconf_add_ifaddr+0x15d/0x420
[   83.168794][ T9610] Code: 8b b4 24 94 00 00 00 4c 89 ef e8 7e 4c 2f ff 4c 8d b0 c5 0c 00 00 48 89 c3 48 b8 00 00 00 00 00 fc ff df 4c 89 f2 48 c1 ea 03 <0f> b6 04 02 4c 89 f2 83 e2 07 38 d0 7f 08 84 c0 0f 85 34 02 00 00
[   83.171314][ T9610] RSP: 0018:ffffc9001784faa0 EFLAGS: 00010213
[   83.172228][ T9610] RAX: dffffc0000000000 RBX: 0000000000000000 RCX: 0000000000000000
[   83.173278][ T9610] RDX: 0000000000000198 RSI: ffffffff893162f2 RDI: ffffffff9adac1f8
[   83.174283][ T9610] RBP: ffffc9001784fbb0 R08: 0000000000000000 R09: fffffbfff20cbbe2
[   83.175325][ T9610] R10: ffffc9001784faa0 R11: 0000000000000000 R12: 1ffff92002f09f54
[   83.176370][ T9610] R13: ffffffff9adabec0 R14: 0000000000000cc5 R15: ffffffff9adabec0
[   83.177381][ T9610] FS:  0000555579deb3c0(0000) GS:ffff8880cefd9000(0000) knlGS:0000000000000000
[   83.178529][ T9610] CS:  0010 DS: 0000 ES: 0000 CR0: 0000000080050033
[   83.179390][ T9610] CR2: 0000000020000054 CR3: 00000000302c0000 CR4: 0000000000350ef0
[   83.180446][ T9610] Kernel panic - not syncing: Fatal exception
[   83.181735][ T9610] Kernel Offset: disabled
[   83.182251][ T9610] Rebooting in 86400 seconds..

VM DIAGNOSIS:
12:28:14  Registers:
info registers vcpu 0
RAX=0000000000000072 RBX=00000000000003f8 RCX=0000000000000000 RDX=00000000000003f8
RSI=ffffffff85405515 RDI=ffffffff9abff4e0 RBP=ffffffff9abff4a0 RSP=ffffc9001784f418
R8 =0000000000000000 R9 =ffffed1004b8c046 R10=0000000000000000 R11=205d303136395420
R12=0000000000000000 R13=0000000000000072 R14=ffffffff9abff4a0 R15=ffffffff854054b0
RIP=ffffffff8540553f RFL=00000002 [-------] CPL=0 II=0 A20=1 SMM=0 HLT=0
ES =0000 0000000000000000 00000000 00000000
CS =0010 0000000000000000 ffffffff 00a09b00 DPL=0 CS64 [-RA]
SS =0018 0000000000000000 ffffffff 00c09300 DPL=0 DS   [-WA]
DS =0000 0000000000000000 00000000 00000000
FS =0000 0000555579deb3c0 00000000 00000000
GS =0000 ffff8880cefd9000 00000000 00000000
LDT=0000 fffffe0000000000 00000000 00000000
TR =0040 fffffe0000003000 00004087 00008b00 DPL=0 TSS64-busy
GDT=     fffffe0000001000 0000007f
IDT=     fffffe0000000000 00000fff
CR0=80050033 CR2=0000000020000054 CR3=00000000302c0000 CR4=00350ef0
DR0=0000000000000000 DR1=0000000000000000 DR2=0000000000000000 DR3=0000000000000000 
DR6=00000000ffff0ff0 DR7=0000000000000400
EFER=0000000000001d01
FCW=037f FSW=0000 [ST=0] FTW=00 MXCSR=00001f80
FPR0=0000000000000000 0000 FPR1=0000000000000000 0000
FPR2=0000000000000000 0000 FPR3=0000000000000000 0000
FPR4=0000000000000000 0000 FPR5=0000000000000000 0000
FPR6=0000000000000000 0000 FPR7=0000000000000000 0000
YMM00=0000000000000000 0000000000000000 000000646e6f625f 6f745f3168746576
YMM01=0000000000000000 0000000000000000 ffffffffffffffff ffffffff00000000
YMM02=0000000000000000 0000000000000000 0000000000000000 000000ff00000000
YMM03=0000000000000000 0000000000000000 00007ffd61d9beb0 00007ffd61d9beb0
YMM04=0000000000000000 0000000000000000 0000000000000000 00007ffd61d9c2af
YMM05=0000000000000000 0000000000000000 0000000000000000 00007f959b0cc4d0
YMM06=0000000000000000 0000000000000000 0000000000000000 0000000000000000
YMM07=0000000000000000 0000000000000000 0000000000000000 0000000000000000
YMM08=0000000000000000 0000000000000000 2f666c65732f636f 72702f0030303031
YMM09=0000000000000000 0000000000000000 0000000000000000 0000000000000000
YMM10=0000000000000000 0000000000000000 0000000000000000 0000000000000000
YMM11=0000000000000000 0000000000000000 0000000000000000 0000000000000000
YMM12=0000000000000000 0000000000000000 0000000000000000 0000000000000000
YMM13=0000000000000000 0000000000000000 0000000000000000 0000000000000000
YMM14=0000000000000000 0000000000000000 0000000000000000 0000000000000000
YMM15=0000000000000000 0000000000000000 0000000000000000 0000000000000000
info registers vcpu 1
RAX=000000000001c1ec RBX=0000000000000001 RCX=ffffffff8b54d4c9 RDX=ffffed1026bc65be
RSI=0000000000000001 RDI=ffffffff81905c43 RBP=dffffc0000000000 RSP=ffffc9000016fdf0
R8 =0000000000000000 R9 =ffffed1026bc65bd R10=ffff888135e32deb R11=ffffffff8de11288
R12=0000000000000001 R13=ffffffff9065df10 R14=0000000000000000 R15=0000000000000000
RIP=ffffffff8b54b9fe RFL=00000282 [--S----] CPL=0 II=0 A20=1 SMM=0 HLT=1
ES =0000 0000000000000000 00000000 00000000
CS =0010 0000000000000000 ffffffff 00a09b00 DPL=0 CS64 [-RA]
SS =0018 0000000000000000 ffffffff 00c09300 DPL=0 DS   [-WA]
DS =0000 0000000000000000 00000000 00000000
FS =0000 0000000000000000 00000000 00000000
GS =0000 ffff8881a25d9000 00000000 00000000
LDT=0000 fffffe0000000000 00000000 00000000
TR =0040 fffffe000004a000 00004087 00008b00 DPL=0 TSS64-busy
GDT=     fffffe0000048000 0000007f
IDT=     fffffe0000000000 00000fff
CR0=80050033 CR2=00007fe3d4ee63cc CR3=0000000031bf4000 CR4=00350ef0
DR0=0000000000000000 DR1=0000000000000000 DR2=0000000000000000 DR3=0000000000000000 
DR6=00000000ffff0ff0 DR7=0000000000000400
EFER=0000000000001d01
FCW=037f FSW=0000 [ST=0] FTW=00 MXCSR=00001f80
FPR0=0000000000000000 0000 FPR1=0000000000000000 0000
FPR2=0000000000000000 0000 FPR3=0000000000000000 0000
FPR4=0000000000000000 0000 FPR5=0000000000000000 0000
FPR6=0000000000000000 0000 FPR7=0000000000000000 0000
YMM00=0000000000000000 0000000000000000 38323a3231203520 207270413e33383c
YMM01=0000000000000000 0000000000000000 7365733a64687373 28766e655f6d6170
YMM02=0000000000000000 0000000000000000 662068637573206f 4e203a656c61636f
YMM03=0000000000000000 0000000000000000 656c696620766e65 206e65706f206f74
YMM04=0000000000000000 0000000000000000 4341454751787a6b 65362b54574d784c
YMM05=0000000000000000 0000000000000000 485320415352203a 3268737320383337
YMM06=0000000000000000 0000000000000000 206d6f726620746f 6f7220726f662079
YMM07=0000000000000000 0000000000000000 0000000000000000 0000000000000000
YMM08=0000000000000000 0000000000000000 3a67756265642067 6f6c737973720000
YMM09=0000000000000000 0000000000000000 0000000000000000 0000000000000000
YMM10=0000000000000000 0000000000000000 0000000000000000 0000000000000000
YMM11=0000000000000000 0000000000000000 0000000000000000 0000000000000000
YMM12=0000000000000000 0000000000000000 0000000000000000 0000000000000000
YMM13=0000000000000000 0000000000000000 0000000000000000 0000000000000000
YMM14=0000000000000000 0000000000000000 0000000000000000 0000000000000000
YMM15=0000000000000000 0000000000000000 0000000000000000 0000000000000000
info registers vcpu 2
RAX=000000000002c8e7 RBX=0000000000000002 RCX=ffffffff8b54d4c9 RDX=0000000000000000
RSI=0000000000000001 RDI=0000000000000000 RBP=dffffc0000000000 RSP=ffffc9000017fdf0
R8 =0000000000000001 R9 =ffffed100c5165bd R10=ffff8880628b2deb R11=ffffffff8de11288
R12=0000000000000002 R13=ffffffff9065df10 R14=0000000000000000 R15=0000000000000000
RIP=ffffffff8b54b9fe RFL=00000282 [--S----] CPL=0 II=0 A20=1 SMM=0 HLT=1
ES =0000 0000000000000000 00000000 00000000
CS =0010 0000000000000000 ffffffff 00a09b00 DPL=0 CS64 [-RA]
SS =0018 0000000000000000 ffffffff 00c09300 DPL=0 DS   [-WA]
DS =0000 0000000000000000 00000000 00000000
FS =0000 0000000000000000 00000000 00000000
GS =0000 ffff8880cf059000 00000000 00000000
LDT=0000 fffffe0000000000 00000000 00000000
TR =0040 fffffe0000091000 00004087 00008b00 DPL=0 TSS64-busy
GDT=     fffffe000008f000 0000007f
IDT=     fffffe0000000000 00000fff
CR0=80050033 CR2=00007f88806102b0 CR3=000000000df82000 CR4=00350ef0
DR0=0000000000000000 DR1=0000000000000000 DR2=0000000000000000 DR3=0000000000000000 
DR6=00000000ffff0ff0 DR7=0000000000000400
EFER=0000000000001d01
FCW=037f FSW=0000 [ST=0] FTW=00 MXCSR=00001f80
FPR0=0000000000000000 0000 FPR1=0000000000000000 0000
FPR2=0000000000000000 0000 FPR3=0000000000000000 0000
FPR4=0000000000000000 0000 FPR5=0000000000000000 0000
FPR6=0000000000000000 0000 FPR7=0000000000000000 0000
YMM00=0000000000000000 0000000000000000 ffffffffffffffff ffffffffffffffff
YMM01=0000000000000000 0000000000000000 ffff000000000000 ffffffffffffffff
YMM02=0000000000000000 0000000000000000 ffff000000000000 ffffffffffffffff
YMM03=0000000000000000 0000000000000000 000000000000000f 00000077656e2e63
YMM04=0000000000000000 0000000000000000 6d2f6e75722f203e 20642e64746f6d2d
YMM05=0000000000000000 0000000000000000 73797362736c2d2d 2073747261702d6e
YMM06=0000000000000000 0000000000000000 622f7273752f3a6e 6962732f7273752f
YMM07=0000000000000000 0000000000000000 0000000000000000 0000000000000000
YMM08=0000000000000000 0000000000000000 000055f5ae4b2890 0000000000000000
YMM09=0000000000000000 0000000000000000 0000000000000000 0000000000000000
YMM10=0000000000000000 0000000000000000 0000000000000000 0000000000000000
YMM11=0000000000000000 0000000000000000 0000000000000000 0000000000000000
YMM12=0000000000000000 0000000000000000 0000000000000000 0000000000000000
YMM13=0000000000000000 0000000000000000 0000000000000000 0000000000000000
YMM14=0000000000000000 0000000000000000 0000000000000000 0000000000000000
YMM15=0000000000000000 0000000000000000 0000000000000000 0000000000000000
info registers vcpu 3
RAX=0000000080010050 RBX=ffffffff8f240c00 RCX=ffffffff84c7c136 RDX=00000000000103f6
RSI=ffffffff84c7c144 RDI=0000000000000007 RBP=ffff888027f68000 RSP=ffffc900006f0da8
R8 =0000000000000000 R9 =fffffbfff20cbbe2 R10=00000000000103f6 R11=ffffc900006f0ff8
R12=00000000000103f6 R13=0000000000000001 R14=ffff888027f6c4d0 R15=ffff888027f68008
RIP=ffffffff84c7c148 RFL=00000046 [---Z-P-] CPL=0 II=0 A20=1 SMM=0 HLT=0
ES =0000 0000000000000000 00000000 00000000
CS =0010 0000000000000000 ffffffff 00a09b00 DPL=0 CS64 [-RA]
SS =0018 0000000000000000 ffffffff 00c09300 DPL=0 DS   [-WA]
DS =0000 0000000000000000 00000000 00000000
FS =0000 0000000000000000 00000000 00000000
GS =0000 ffff8881a2659000 00000000 00000000
LDT=0000 fffffe0000000000 00000000 00000000
TR =0040 fffffe00000d8000 00004087 00008b00 DPL=0 TSS64-busy
GDT=     fffffe00000d6000 0000007f
IDT=     fffffe0000000000 00000fff
CR0=80050033 CR2=00007f82b763e6f8 CR3=000000002d5f6000 CR4=00350ef0
DR0=0000000000000000 DR1=0000000000000000 DR2=0000000000000000 DR3=0000000000000000 
DR6=00000000ffff0ff0 DR7=0000000000000400
EFER=0000000000001d01
FCW=037f FSW=0000 [ST=0] FTW=00 MXCSR=00001f80
FPR0=0000000000000000 0000 FPR1=0000000000000000 0000
FPR2=0000000000000000 0000 FPR3=0000000000000000 0000
FPR4=0000000000000000 0000 FPR5=0000000000000000 0000
FPR6=0000000000000000 0000 FPR7=0000000000000000 0000
YMM00=0000000000000000 0000000000000000 8652677e90aab00b 22446ab49f2a686e
YMM01=0000000000000000 0000000000000000 ba1090e6f1f9bc24 dd007310a9f55ed1
YMM02=0000000000000000 0000000000000000 2d2e34ceee28f1ab 50cd6a33b26be54e
YMM03=0000000000000000 0000000000000000 f544374f673f943a b01a4422f6cd579b
YMM04=0000000000000000 0000000000000000 0000000000000000 0000000000000035
YMM05=0000000000000000 0000000000000000 0000000000000000 0080010000000035
YMM06=0000000000000000 0000000000000000 0000000000000000 0000000000800100
YMM07=0000000000000000 0000000000000000 0080010000000035 0000003500800100
YMM08=0000000000000000 0000000000000000 a20000002c000000 5600000050000000
YMM09=0000000000000000 0000000000000000 0000000000000000 0000000000000000
YMM10=0000000000000000 0000000000000000 2bca79a0bc1aafb0 762a0b4705e233cc
YMM11=0000000000000000 0000000000000000 ed8974b4baf405bd 3a27377f0f5f1d73
YMM12=0000000000000000 0000000000000000 0d0c0f0e09080b0a 0504070601000302
YMM13=0000000000000000 0000000000000000 0c0f0e0d080b0a09 0407060500030201
YMM14=0000000000000000 0000000000000000 0000000000000000 0000000000002000
YMM15=0000000000000000 0000000000000000 0000000000000000 0000000000000040
info registers vcpu 4
RAX=000000000002dafb RBX=0000000000000004 RCX=ffffffff8b54d4c9 RDX=0000000000000000
RSI=0000000000000001 RDI=0000000000000000 RBP=dffffc0000000000 RSP=ffffc9000019fdf0
R8 =0000000000000001 R9 =ffffed100c5265bd R10=ffff888062932deb R11=ffffffff8de11288
R12=0000000000000004 R13=ffffffff9065df10 R14=0000000000000000 R15=0000000000000000
RIP=ffffffff8b54b9fe RFL=00000282 [--S----] CPL=0 II=0 A20=1 SMM=0 HLT=1
ES =0000 0000000000000000 00000000 00000000
CS =0010 0000000000000000 ffffffff 00a09b00 DPL=0 CS64 [-RA]
SS =0018 0000000000000000 ffffffff 00c09300 DPL=0 DS   [-WA]
DS =0000 0000000000000000 00000000 00000000
FS =0000 0000000000000000 00000000 00000000
GS =0000 ffff8880cf0d9000 00000000 00000000
LDT=0000 fffffe0000000000 00000000 00000000
TR =0040 fffffe000011f000 00004087 00008b00 DPL=0 TSS64-busy
GDT=     fffffe000011d000 0000007f
IDT=     fffffe0000000000 00000fff
CR0=80050033 CR2=00007f515f3c3b40 CR3=000000000df82000 CR4=00350ef0
DR0=0000000000000000 DR1=0000000000000000 DR2=0000000000000000 DR3=0000000000000000 
DR6=00000000ffff0ff0 DR7=0000000000000400
EFER=0000000000001d01
FCW=037f FSW=0000 [ST=0] FTW=00 MXCSR=00001f80
FPR0=0000000000000000 0000 FPR1=0000000000000000 0000
FPR2=0000000000000000 0000 FPR3=0000000000000000 0000
FPR4=0000000000000000 0000 FPR5=0000000000000000 0000
FPR6=0000000000000000 0000 FPR7=0000000000000000 0000
YMM00=0000000000000000 0000000000000000 0000000000000000 0000000000000000
YMM01=0000000000000000 0000000000000000 ffffffffffffffff 0000000000000000
YMM02=0000000000000000 0000000000000000 1f8d800000000300 0000030000000000
YMM03=0000000000000000 0000000000000000 0000000000000000 656d616e752d3031
YMM04=0000000000000000 0000000000000000 0000000000000000 0000000000000000
YMM05=0000000000000000 0000000000000000 ffffffffffffffff fffffffffffffffe
YMM06=0000000000000000 0000000000000000 ffffffffffffffff ffffffffffffffff
YMM07=0000000000000000 0000000000000000 0000000000000000 0000000000000000
YMM08=0000000000000000 0000000000000000 0000000000000000 0000000000000000
YMM09=0000000000000000 0000000000000000 0000000000000000 0000000000000000
YMM10=0000000000000000 0000000000000000 0000000000000000 0000000000000000
YMM11=0000000000000000 0000000000000000 0000000000000000 0000000000000000
YMM12=0000000000000000 0000000000000000 0000000000000000 0000000000000000
YMM13=0000000000000000 0000000000000000 0000000000000000 0000000000000000
YMM14=0000000000000000 0000000000000000 0000000000000000 0000000000000000
YMM15=0000000000000000 0000000000000000 0000000000000000 0000000000000000
info registers vcpu 5
RAX=00000000000000a0 RBX=00000000000000a0 RCX=ffffffff84c7c4ea RDX=00000000000101f6
RSI=ffffffff84c7c4f8 RDI=0000000000000007 RBP=ffff888027f68000 RSP=ffffc90000b8e3c8
R8 =0000000000000000 R9 =fffffbfff20cbbe2 R10=00000000000101f6 R11=0000000000000000
R12=00000000000101f6 R13=ffff888027f68180 R14=0000000000000000 R15=dffffc0000000000
RIP=ffffffff84c7c4fe RFL=00000093 [--S-A-C] CPL=0 II=0 A20=1 SMM=0 HLT=0
ES =0000 0000000000000000 00000000 00000000
CS =0010 0000000000000000 ffffffff 00a09b00 DPL=0 CS64 [-RA]
SS =0018 0000000000000000 ffffffff 00c09300 DPL=0 DS   [-WA]
DS =0000 0000000000000000 00000000 00000000
FS =0000 0000000000000000 00000000 00000000
GS =0000 ffff8881a26d9000 00000000 00000000
LDT=0000 fffffe0000000000 00000000 00000000
TR =0040 fffffe0000166000 00004087 00008b00 DPL=0 TSS64-busy
GDT=     fffffe0000164000 0000007f
IDT=     fffffe0000000000 00000fff
CR0=80050033 CR2=00007ff3e5a3ab40 CR3=000000000df82000 CR4=00350ef0
DR0=0000000000000000 DR1=0000000000000000 DR2=0000000000000000 DR3=0000000000000000 
DR6=00000000ffff0ff0 DR7=0000000000000400
EFER=0000000000001d01
FCW=037f FSW=0000 [ST=0] FTW=00 MXCSR=00001f80
FPR0=0000000000000000 0000 FPR1=0000000000000000 0000
FPR2=0000000000000000 0000 FPR3=0000000000000000 0000
FPR4=0000000000000000 0000 FPR5=0000000000000000 0000
FPR6=0000000000000000 0000 FPR7=0000000000000000 0000
YMM00=0000000000000000 0000000000000000 0000000000000000 0000000000000000
YMM01=0000000000000000 0000000000000000 00ffffffffffff00 0000000000000000
YMM02=0000000000000000 0000000000000000 00ffffffffffff00 0000000000000000
YMM03=0000000000000000 0000000000000000 0000000000000000 0000000000000000
YMM04=0000000000000000 0000000000000000 0000000000000000 0000000000000000
YMM05=0000000000000000 0000000000000000 0000000000000000 0000000000000000
YMM06=0000000000000000 0000000000000000 0000000000000000 0000000000000000
YMM07=0000000000000000 0000000000000000 0000000000000000 0000000000000000
YMM08=0000000000000000 0000000000000000 5200000000000073 7075747261747320
YMM09=0000000000000000 0000000000000000 0000000000000000 0000000000000000
YMM10=0000000000000000 0000000000000000 0000000000000000 0000000000000000
YMM11=0000000000000000 0000000000000000 0000000000000000 0000000000000000
YMM12=0000000000000000 0000000000000000 0000000000000000 0000000000000000
YMM13=0000000000000000 0000000000000000 0000000000000000 0000000000000000
YMM14=0000000000000000 0000000000000000 0000000000000000 0000000000000000
YMM15=0000000000000000 0000000000000000 0000000000000000 0000000000000000
info registers vcpu 6
RAX=0000000000022184 RBX=0000000000000006 RCX=ffffffff8b54d4c9 RDX=ffffed100c5365be
RSI=0000000000000001 RDI=ffffffff81905c43 RBP=dffffc0000000000 RSP=ffffc900001bfdf0
R8 =0000000000000000 R9 =ffffed100c5365bd R10=ffff8880629b2deb R11=0000000000000000
R12=0000000000000006 R13=ffffffff9065df10 R14=0000000000000000 R15=0000000000000000
RIP=ffffffff8b54b9fe RFL=00000282 [--S----] CPL=0 II=0 A20=1 SMM=0 HLT=1
ES =0000 0000000000000000 00000000 00000000
CS =0010 0000000000000000 ffffffff 00a09b00 DPL=0 CS64 [-RA]
SS =0018 0000000000000000 ffffffff 00c09300 DPL=0 DS   [-WA]
DS =0000 0000000000000000 00000000 00000000
FS =0000 0000000000000000 00000000 00000000
GS =0000 ffff8880cf159000 00000000 00000000
LDT=0000 fffffe0000000000 00000000 00000000
TR =0040 fffffe00001ad000 00004087 00008b00 DPL=0 TSS64-busy
GDT=     fffffe00001ab000 0000007f
IDT=     fffffe0000000000 00000fff
CR0=80050033 CR2=0000555579debd68 CR3=000000002ab3c000 CR4=00350ef0
DR0=0000000000000000 DR1=0000000000000000 DR2=0000000000000000 DR3=0000000000000000 
DR6=00000000ffff0ff0 DR7=0000000000000400
EFER=0000000000001d01
FCW=037f FSW=0000 [ST=0] FTW=00 MXCSR=00001f80
FPR0=0000000000000000 0000 FPR1=0000000000000000 0000
FPR2=0000000000000000 0000 FPR3=0000000000000000 0000
FPR4=0000000000000000 0000 FPR5=0000000000000000 0000
FPR6=0000000000000000 0000 FPR7=0000000000000000 0000
YMM00=0000000000000000 0000000000000000 0000000000989680 0000000000000000
YMM01=0000000000000000 0000000000000000 0000000000000000 0000000000989680
YMM02=0000000000000000 0000000000000000 00007f959b0d77e0 00007f959b0d77e0
YMM03=0000000000000000 0000000000000000 0000000000000000 00000000000000ff
YMM04=0000000000000000 0000000000000000 2f2f2f2f2f2f2f2f 2f2f2f2f2f2f2f2f
YMM05=0000000000000000 0000000000000000 0000000000000000 00007f959b0cc4d0
YMM06=0000000000000000 0000000000000000 0000000000000000 0000000000000000
YMM07=0000000000000000 0000000000000000 0000000000000000 0000000000000000
YMM08=0000000000000000 0000000000000000 0000000000000000 0000000000000000
YMM09=0000000000000000 0000000000000000 0000000000000000 0000000000000000
YMM10=0000000000000000 0000000000000000 0000000000000000 0000000000000000
YMM11=0000000000000000 0000000000000000 0000000000000000 0000000000000000
YMM12=0000000000000000 0000000000000000 0000000000000000 0000000000000000
YMM13=0000000000000000 0000000000000000 0000000000000000 0000000000000000
YMM14=0000000000000000 0000000000000000 0000000000000000 0000000000000000
YMM15=0000000000000000 0000000000000000 0000000000000000 0000000000000000
info registers vcpu 7
RAX=0000000000021354 RBX=0000000000000007 RCX=ffffffff8b54d4c9 RDX=ffffed1026bf65be
RSI=0000000000000001 RDI=ffffffff81905c43 RBP=dffffc0000000000 RSP=ffffc900001cfdf0
R8 =0000000000000000 R9 =ffffed1026bf65bd R10=ffff888135fb2deb R11=0000000000000000
R12=0000000000000007 R13=ffffffff9065df10 R14=0000000000000000 R15=0000000000000000
RIP=ffffffff8b54b9fe RFL=00000282 [--S----] CPL=0 II=0 A20=1 SMM=0 HLT=1
ES =0000 0000000000000000 00000000 00000000
CS =0010 0000000000000000 ffffffff 00a09b00 DPL=0 CS64 [-RA]
SS =0018 0000000000000000 ffffffff 00c09300 DPL=0 DS   [-WA]
DS =0000 0000000000000000 00000000 00000000
FS =0000 0000000000000000 00000000 00000000
GS =0000 ffff8881a2759000 00000000 00000000
LDT=0000 fffffe0000000000 00000000 00000000
TR =0040 fffffe00001f4000 00004087 00008b00 DPL=0 TSS64-busy
GDT=     fffffe00001f2000 0000007f
IDT=     fffffe0000000000 00000fff
CR0=80050033 CR2=00007f5ad3963ed0 CR3=000000002464c000 CR4=00350ef0
DR0=0000000000000000 DR1=0000000000000000 DR2=0000000000000000 DR3=0000000000000000 
DR6=00000000ffff0ff0 DR7=0000000000000400
EFER=0000000000001d01
FCW=037f FSW=0000 [ST=0] FTW=00 MXCSR=00001f80
FPR0=0000000000000000 0000 FPR1=0000000000000000 0000
FPR2=0000000000000000 0000 FPR3=0000000000000000 0000
FPR4=0000000000000000 0000 FPR5=0000000000000000 0000
FPR6=0000000000000000 0000 FPR7=0000000000000000 0000
YMM00=0000000000000000 0000000000000000 3d3d3d3d3d3d3d3d 3d3d3d3d3d3d3d3d
YMM01=0000000000000000 0000000000000000 0000000000000000 343d595449524f49
YMM02=0000000000000000 0000000000000000 ffffffffffffffff ffffffffffffffff
YMM03=0000000000000000 0000000000000000 2f6c616e72756f6a 2f676f6c2f6e7572
YMM04=0000000000000000 0000000000000000 ef63d2b7339aa72c 0000000000453580
YMM05=0000000000000000 0000000000000000 d3fdd5f48436fbd7 00000000002c5988
YMM06=0000000000000000 0000000000000000 f5c13eb4920e526a 00000000002c5840
YMM07=0000000000000000 0000000000000000 0000000000000000 0000000000000000
YMM08=0000000000000000 0000000000000000 44495f474f4c5359 530069253d595449
YMM09=0000000000000000 0000000000000000 0000000000000000 0000000000000000
YMM10=0000000000000000 0000000000000000 2020000000002020 2020202020200000
YMM11=0000000000000000 0000000000000000 0000000000000000 0000000000000000
YMM12=0000000000000000 0000000000000000 0000000000000000 0000000000000000
YMM13=0000000000000000 0000000000000000 0000000000000000 0000000000000000
YMM14=0000000000000000 0000000000000000 0000000000000000 0000000000000000
YMM15=0000000000000000 0000000000000000 0000000000000000 0000000000000000
