Warning: Permanently added '[localhost]:18590' (ED25519) to the list of known hosts.
executing program
syzkaller login: [   42.153712][ T8201] loop0: detected capacity change from 0 to 64
[   42.155506][ T8201] BUG: kernel NULL pointer dereference, address: 0000000000000040
[   42.156305][ T8201] #PF: supervisor read access in kernel mode
[   42.156880][ T8201] #PF: error_code(0x0000) - not-present page
[   42.157546][ T8201] PGD eab4067 P4D eab4067 PUD dd6a067 PMD 0 
[   42.158474][ T8201] Oops: Oops: 0000 [#1] PREEMPT SMP NOPTI
[   42.159243][ T8201] CPU: 1 UID: 0 PID: 8201 Comm: syz-executor153 Not tainted 6.12.0-rc1 #5
[   42.160083][ T8201] Hardware name: QEMU Standard PC (i440FX + PIIX, 1996), BIOS 1.15.0-1 04/01/2014
[   42.160981][ T8201] RIP: 0010:hfs_find_init+0x2b/0xd0
[   42.161642][ T8201] Code: 0f 1f 00 55 48 89 e5 41 55 41 54 49 89 f4 53 48 89 fb e8 58 43 9f ff 49 89 5c 24 10 be c0 0c 00 00 49 c7 44 24 18 00 00 00 00 <8b> 43 40 8d 7c 00 04 e8 d9 05 c4 ff 48 85 c0 0f 84 80 00 00 00 49
[   42.163713][ T8201] RSP: 0018:ffff8880120ff978 EFLAGS: 00010293
[   42.164311][ T8201] RAX: 0000000000000000 RBX: 0000000000000000 RCX: ffffffff81960dd1
[   42.165087][ T8201] RDX: ffff88800e1b4400 RSI: 0000000000000cc0 RDI: 0000000000000000
[   42.165857][ T8201] RBP: ffff8880120ff990 R08: ffff8880120ff988 R09: 0000000000000000
[   42.166663][ T8201] R10: 0000000000000000 R11: 0000000000000000 R12: ffff8880120ff9a8
[   42.167435][ T8201] R13: 0000000000000000 R14: 0000000000000000 R15: 0000000000000004
[   42.168236][ T8201] FS:  0000555560bc73c0(0000) GS:ffff88807ee00000(0000) knlGS:0000000000000000
[   42.169134][ T8201] CS:  0010 DS: 0000 ES: 0000 CR0: 0000000080050033
[   42.169780][ T8201] CR2: 0000000000000040 CR3: 000000000e424000 CR4: 0000000000350ef0
[   42.170546][ T8201] Call Trace:
[   42.170889][ T8201]  <TASK>
[   42.171202][ T8201]  ? show_regs+0x68/0x80
[   42.171661][ T8201]  ? __die+0x24/0x70
[   42.172104][ T8201]  ? page_fault_oops+0x24d/0x630
[   42.172616][ T8201]  ? srso_return_thunk+0x5/0x5f
[   42.173135][ T8201]  ? __kvm_handle_async_pf+0x24/0x140
[   42.173715][ T8201]  ? exc_page_fault+0x760/0xda0
[   42.174244][ T8201]  ? asm_exc_page_fault+0x2b/0x30
[   42.174785][ T8201]  ? hfs_ext_read_extent+0x51/0x280
[   42.175329][ T8201]  ? hfs_find_init+0x2b/0xd0
[   42.175838][ T8201]  ? hfs_find_init+0x18/0xd0
[   42.176376][ T8201]  hfs_ext_read_extent+0x73/0x280
[   42.176904][ T8201]  ? srso_return_thunk+0x5/0x5f
[   42.177400][ T8201]  ? __sanitizer_cov_trace_const_cmp1+0x1e/0x30
[   42.178055][ T8201]  ? srso_return_thunk+0x5/0x5f
[   42.178549][ T8201]  ? __sanitizer_cov_trace_const_cmp4+0x1a/0x20
[   42.179234][ T8201]  ? srso_return_thunk+0x5/0x5f
[   42.179745][ T8201]  hfs_get_block+0x23c/0x390
[   42.180235][ T8201]  block_read_full_folio+0x1ca/0x520
[   42.180795][ T8201]  ? __pfx_hfs_get_block+0x10/0x10
[   42.181377][ T8201]  ? __pfx_hfs_read_folio+0x10/0x10
[   42.182022][ T8201]  hfs_read_folio+0x21/0x30
[   42.182576][ T8201]  filemap_read_folio+0x4c/0x140
[   42.183174][ T8201]  do_read_cache_folio+0x1ac/0x300
[   42.183756][ T8201]  ? __pfx_hfs_read_folio+0x10/0x10
[   42.184291][ T8201]  read_cache_page+0x38/0xb0
[   42.184776][ T8201]  hfs_btree_open+0x1e7/0x690
[   42.185256][ T8201]  ? __bread_gfp+0x8c/0x270
[   42.185741][ T8201]  hfs_mdb_get+0x6c1/0x930
[   42.186210][ T8201]  hfs_fill_super+0x420/0x900
[   42.186753][ T8201]  ? srso_return_thunk+0x5/0x5f
[   42.187259][ T8201]  ? __sanitizer_cov_trace_cmp4+0x1a/0x20
[   42.187871][ T8201]  ? srso_return_thunk+0x5/0x5f
[   42.188369][ T8201]  ? srso_return_thunk+0x5/0x5f
[   42.188879][ T8201]  ? __sanitizer_cov_trace_const_cmp4+0x1a/0x20
[   42.189516][ T8201]  ? srso_return_thunk+0x5/0x5f
[   42.190094][ T8201]  ? sb_set_blocksize+0x92/0xb0
[   42.190706][ T8201]  ? srso_return_thunk+0x5/0x5f
[   42.191232][ T8201]  ? setup_bdev_super+0x1a4/0x340
[   42.191812][ T8201]  ? __pfx_hfs_fill_super+0x10/0x10
[   42.192384][ T8201]  mount_bdev+0x130/0x1a0
[   42.192860][ T8201]  hfs_mount+0x39/0x50
[   42.193319][ T8201]  legacy_get_tree+0x36/0xa0
[   42.193816][ T8201]  vfs_get_tree+0x37/0x130
[   42.194304][ T8201]  path_mount+0xc4c/0x1100
[   42.194810][ T8201]  ? srso_return_thunk+0x5/0x5f
[   42.195319][ T8201]  ? srso_return_thunk+0x5/0x5f
[   42.195836][ T8201]  __x64_sys_mount+0x178/0x1c0
[   42.196378][ T8201]  x64_sys_call+0x209b/0x20d0
[   42.196920][ T8201]  do_syscall_64+0x9e/0x1d0
[   42.197401][ T8201]  entry_SYSCALL_64_after_hwframe+0x77/0x7f
[   42.198032][ T8201] RIP: 0033:0x7fc03b79f4ee
[   42.198493][ T8201] Code: 48 c7 c0 ff ff ff ff eb aa e8 fe 06 00 00 66 2e 0f 1f 84 00 00 00 00 00 0f 1f 40 00 f3 0f 1e fa 49 89 ca b8 a5 00 00 00 0f 05 <48> 3d 01 f0 ff ff 73 01 c3 48 c7 c1 b8 ff ff ff f7 d8 64 89 01 48
[   42.200504][ T8201] RSP: 002b:00007ffca88dfd18 EFLAGS: 00000286 ORIG_RAX: 00000000000000a5
[   42.201442][ T8201] RAX: ffffffffffffffda RBX: 0000555560bc7378 RCX: 00007fc03b79f4ee
[   42.202340][ T8201] RDX: 0000000020000240 RSI: 0000000020000040 RDI: 00007ffca88dfd30
[   42.203235][ T8201] RBP: 00007ffca88dfd30 R08: 00007ffca88dfd70 R09: 0000000000000256
[   42.204054][ T8201] R10: 0000000003008800 R11: 0000000000000286 R12: 0000000003008800
[   42.204828][ T8201] R13: 00007ffca88dfd70 R14: 0000000000000003 R15: 0000000000000000
[   42.205597][ T8201]  </TASK>
[   42.205916][ T8201] Modules linked in:
[   42.206322][ T8201] CR2: 0000000000000040
[   42.206799][ T8201] ---[ end trace 0000000000000000 ]---
[   42.207343][ T8201] RIP: 0010:hfs_find_init+0x2b/0xd0
[   42.207922][ T8201] Code: 0f 1f 00 55 48 89 e5 41 55 41 54 49 89 f4 53 48 89 fb e8 58 43 9f ff 49 89 5c 24 10 be c0 0c 00 00 49 c7 44 24 18 00 00 00 00 <8b> 43 40 8d 7c 00 04 e8 d9 05 c4 ff 48 85 c0 0f 84 80 00 00 00 49
[   42.209817][ T8201] RSP: 0018:ffff8880120ff978 EFLAGS: 00010293
[   42.210436][ T8201] RAX: 0000000000000000 RBX: 0000000000000000 RCX: ffffffff81960dd1
[   42.211249][ T8201] RDX: ffff88800e1b4400 RSI: 0000000000000cc0 RDI: 0000000000000000
[   42.212056][ T8201] RBP: ffff8880120ff990 R08: ffff8880120ff988 R09: 0000000000000000
[   42.212851][ T8201] R10: 0000000000000000 R11: 0000000000000000 R12: ffff8880120ff9a8
[   42.213638][ T8201] R13: 0000000000000000 R14: 0000000000000000 R15: 0000000000000004
[   42.214421][ T8201] FS:  0000555560bc73c0(0000) GS:ffff88807ee00000(0000) knlGS:0000000000000000
[   42.215311][ T8201] CS:  0010 DS: 0000 ES: 0000 CR0: 0000000080050033
[   42.215976][ T8201] CR2: 0000000000000040 CR3: 000000000e424000 CR4: 0000000000350ef0
[   42.216827][ T8201] Kernel panic - not syncing: Fatal exception
[   42.217784][ T8201] Kernel Offset: disabled
[   42.218213][ T8201] Rebooting in 86400 seconds..

VM DIAGNOSIS:
13:56:53  Registers:
info registers vcpu 0
RAX=000000007fff0000 RBX=000000007fff0000 RCX=000000007fff0000 RDX=ffff88800af4a630
RSI=000000007fff0000 RDI=000000007fff0000 RBP=ffff88800e70fec8 RSP=ffff88800e70fe30
R8 =0000000000000000 R9 =0000000000000000 R10=0000000040000000 R11=0000000000000000
R12=ffff88800ebc1500 R13=000000007fff0000 R14=000000007fff0000 R15=ffff88800e70fe60
RIP=ffffffff8134eba5 RFL=00000246 [---Z-P-] CPL=0 II=0 A20=1 SMM=0 HLT=0
ES =0000 0000000000000000 00000000 00000000
CS =0010 0000000000000000 ffffffff 00a09b00 DPL=0 CS64 [-RA]
SS =0018 0000000000000000 ffffffff 00c09300 DPL=0 DS   [-WA]
DS =0000 0000000000000000 00000000 00000000
FS =0000 00007f74b672d8c0 00000000 00000000
GS =0000 ffff88803ea00000 00000000 00000000
LDT=0000 fffffe0000000000 00000000 00000000
TR =0040 fffffe0000003000 00004087 00008b00 DPL=0 TSS64-busy
GDT=     fffffe0000001000 0000007f
IDT=     fffffe0000000000 00000fff
CR0=80050033 CR2=00007f74b69ca970 CR3=000000000dc34000 CR4=00350ef0
DR0=0000000000000000 DR1=0000000000000000 DR2=0000000000000000 DR3=0000000000000000 
DR6=00000000ffff0ff0 DR7=0000000000000400
EFER=0000000000001d01
FCW=037f FSW=0000 [ST=0] FTW=00 MXCSR=00001f80
FPR0=0000000000000000 0000 FPR1=0000000000000000 0000
FPR2=0000000000000000 0000 FPR3=0000000000000000 0000
FPR4=0000000000000000 0000 FPR5=0000000000000000 0000
FPR6=0000000000000000 0000 FPR7=0000000000000000 0000
YMM00=0000000000000000 0000000000000000 7269762f73656369 7665642f7379732f
YMM01=0000000000000000 0000000000000000 6c6175747269762f 736563697665642f
YMM02=0000000000000000 0000000000000000 ffffff0f0e0d0c0b 0a09080706050403
YMM03=0000000000000000 0000000000000000 696e656420737365 636341002f737973
YMM04=0000000000000000 0000000000000000 2f2f2f2f2f2f2f2f 2f2f2f2f2f2f2f2f
YMM05=0000000000000000 0000000000000000 00005594c15b2290 00005594c1624fa0
YMM06=0000000000000000 0000000000000000 00005594c16589e0 0000000000000000
YMM07=0000000000000000 0000000000000000 0000000000000000 0000000000000000
YMM08=0000000000000000 0000000000000000 3a212d2b007b3d0d 0a0920002c0d0a09
YMM09=0000000000000000 0000000000000000 0000000000000000 0000000000000000
YMM10=0000000000000000 0000000000000000 0000000000000000 0000000000000000
YMM11=0000000000000000 0000000000000000 0000000000000000 0000000000000000
YMM12=0000000000000000 0000000000000000 0000000000000000 0000000000000000
YMM13=0000000000000000 0000000000000000 0000000000000000 0000000000000000
YMM14=0000000000000000 0000000000000000 0000000000000000 0000000000000000
YMM15=0000000000000000 0000000000000000 0000000000000000 0000000000000000
info registers vcpu 1
RAX=000000000000005b RBX=0000000000000000 RCX=0000000000000000 RDX=00000000000003f8
RSI=ffffffff82a1d59a RDI=ffffffff880cbfc0 RBP=ffff8880120ff510 RSP=ffff8880120ff4f8
R8 =312e32342020205b R9 =205b5d3437343835 R10=000000000000005b R11=205d313032385420
R12=ffffffff880cbfc0 R13=000000000000005b R14=ffffffff87fb4b09 R15=0000000000000000
RIP=ffffffff82a1d5b1 RFL=00000002 [-------] CPL=0 II=0 A20=1 SMM=0 HLT=0
ES =0000 0000000000000000 00000000 00000000
CS =0010 0000000000000000 ffffffff 00a09b00 DPL=0 CS64 [-RA]
SS =0018 0000000000000000 ffffffff 00c09300 DPL=0 DS   [-WA]
DS =0000 0000000000000000 00000000 00000000
FS =0000 0000555560bc73c0 00000000 00000000
GS =0000 ffff88807ee00000 00000000 00000000
LDT=0000 fffffe0000000000 00000000 00000000
TR =0040 fffffe000003e000 00004087 00008b00 DPL=0 TSS64-busy
GDT=     fffffe000003c000 0000007f
IDT=     fffffe0000000000 00000fff
CR0=80050033 CR2=0000000000000040 CR3=000000000e424000 CR4=00350ef0
DR0=0000000000000000 DR1=0000000000000000 DR2=0000000000000000 DR3=0000000000000000 
DR6=00000000ffff0ff0 DR7=0000000000000400
EFER=0000000000001d01
FCW=037f FSW=0000 [ST=0] FTW=00 MXCSR=00001f80
FPR0=0000000000000000 0000 FPR1=0000000000000000 0000
FPR2=0000000000000000 0000 FPR3=0000000000000000 0000
FPR4=0000000000000000 0000 FPR5=0000000000000000 0000
FPR6=0000000000000000 0000 FPR7=0000000000000000 0000
YMM00=0000000000000000 0000000000000000 ffffffffffffffff ffffffffff0000ff
YMM01=0000000000000000 0000000000000000 0000000000000000 0000000000736668
YMM02=0000000000000000 0000000000000000 616f726363616d3d 6567617065646f63
YMM03=0000000000000000 0000000000000000 002cc89401273d65 7079742c6e616974
YMM04=0000000000000000 0000000000000000 0000000000000000 00007ffca88dfd6f
YMM05=0000000000000000 0000000000000000 0000000000000000 00007fc03b81b510
YMM06=0000000000000000 0000000000000000 0000000000000000 0000000000000000
YMM07=0000000000000000 0000000000000000 0000000000000000 0000000000000000
YMM08=0000000000000000 0000000000000000 36396f7369007265 6c6c616b7a797300
YMM09=0000000000000000 0000000000000000 0000000000000000 0000000000000000
YMM10=0000000000000000 0000000000000000 0000000000000000 0000000000000000
YMM11=0000000000000000 0000000000000000 0000000000000000 0000000000000000
YMM12=0000000000000000 0000000000000000 0000000000000000 0000000000000000
YMM13=0000000000000000 0000000000000000 0000000000000000 0000000000000000
YMM14=0000000000000000 0000000000000000 0000000000000000 0000000000000000
YMM15=0000000000000000 0000000000000000 0000000000000000 0000000000000000
