Warning: Permanently added '[localhost]:57624' (ED25519) to the list of known hosts.
executing program
syzkaller login: [   34.780287][ T8334] loop0: detected capacity change from 0 to 32768
[   34.792442][ T8334] gfs2: fsid=syz:syz: Trying to join cluster "lock_nolock", "syz:syz"
[   34.792870][ T8334] gfs2: fsid=syz:syz: Now mounting FS (format 1801)...
[   34.801117][ T8334] gfs2: fsid=syz:syz.0: journal 0 mapped with 3 extents in 0ms
[   34.802392][  T939] gfs2: fsid=syz:syz.0: jid=0, already locked for use
[   34.802749][  T939] gfs2: fsid=syz:syz.0: jid=0: Looking at journal...
[   34.831323][  T939] gfs2: fsid=syz:syz.0: jid=0: Journal head lookup took 28ms
[   34.832256][  T939] gfs2: fsid=syz:syz.0: jid=0: Done
[   34.832648][ T8334] gfs2: fsid=syz:syz.0: first mount done, others may mount
[   34.999605][ T8334] syz-executor334: attempt to access beyond end of device
[   34.999605][ T8334] loop0: rw=12288, sector=2251799813708070, nr_sectors = 2 limit=32768
[   35.000438][ T8334] gfs2: fsid=syz:syz.0: fatal: invalid metadata block - bh = 1125899906854035 (bad magic number), function = gfs2_quota_init, file = fs/gfs2/quota.c, line = 1432
[   35.001188][ T8334] gfs2: fsid=syz:syz.0: about to withdraw this file system
[   35.001597][ T8334] ------------[ cut here ]------------
[   35.001855][ T8334] kernel BUG at fs/gfs2/util.c:340!
[   35.002110][ T8334] Oops: invalid opcode: 0000 [#1] PREEMPT SMP KASAN NOPTI
[   35.002445][ T8334] CPU: 1 UID: 0 PID: 8334 Comm: syz-executor334 Not tainted 6.11.0-rc5-00081-gd5d547aa7b51 #1
[   35.003025][ T8334] Hardware name: QEMU Standard PC (i440FX + PIIX, 1996), BIOS 1.15.0-1 04/01/2014
[   35.003704][ T8334] RIP: 0010:gfs2_withdraw+0xf32/0x11e0
[   35.003978][ T8334] Code: e6 e8 52 02 d2 fd 4d 85 e4 0f 84 5d ff ff ff e8 e4 fe d1 fd 4c 89 e7 e8 ec 3a 36 07 49 89 c4 e9 13 ff ff ff e8 cf fe d1 fd 90 <0f> 0b e8 c7 fe d1 fd be 08 00 00 00 48 89 ef e8 2a 3a 2d fe f0 80
[   35.004874][ T8334] RSP: 0018:ffffc90006a7f6c0 EFLAGS: 00010293
[   35.005163][ T8334] RAX: 0000000000000000 RBX: ffff888020868000 RCX: ffffffff83b7f344
[   35.005534][ T8334] RDX: ffff888048ba3c80 RSI: ffffffff83b80071 RDI: 0000000000000001
[   35.005912][ T8334] RBP: ffff8880208680a8 R08: 0000000000000001 R09: ffffed100fd85179
[   35.006284][ T8334] R10: 0000000000000004 R11: 0000000000000000 R12: 0000000000000004
[   35.006658][ T8334] R13: 0000000000001001 R14: ffffc90006a7f750 R15: ffff8880208691f8
[   35.007033][ T8334] FS:  00005555866a73c0(0000) GS:ffff88807ec00000(0000) knlGS:0000000000000000
[   35.007450][ T8334] CS:  0010 DS: 0000 ES: 0000 CR0: 0000000080050033
[   35.007766][ T8334] CR2: 00007ffcf79a8678 CR3: 000000004d0b2000 CR4: 0000000000750ef0
[   35.008139][ T8334] PKRU: 55555554
[   35.008309][ T8334] Call Trace:
[   35.008476][ T8334]  <TASK>
[   35.008620][ T8334]  ? show_regs+0x93/0xa0
[   35.008834][ T8334]  ? die+0x38/0xb0
[   35.009016][ T8334]  ? do_trap+0x232/0x430
[   35.009227][ T8334]  ? gfs2_withdraw+0xf32/0x11e0
[   35.009462][ T8334]  ? do_error_trap+0x107/0x240
[   35.009701][ T8334]  ? gfs2_withdraw+0xf32/0x11e0
[   35.009940][ T8334]  ? gfs2_withdraw+0xf32/0x11e0
[   35.010183][ T8334]  ? handle_invalid_op+0x34/0x40
[   35.010431][ T8334]  ? gfs2_withdraw+0xf32/0x11e0
[   35.010669][ T8334]  ? exc_invalid_op+0x5d/0x80
[   35.010898][ T8334]  ? asm_exc_invalid_op+0x1a/0x20
[   35.011142][ T8334]  ? gfs2_withdraw+0x204/0x11e0
[   35.011380][ T8334]  ? gfs2_withdraw+0xf31/0x11e0
[   35.011623][ T8334]  ? gfs2_withdraw+0xf32/0x11e0
[   35.011875][ T8334]  ? gfs2_lm+0x17e/0x1e0
[   35.012083][ T8334]  ? __pfx_gfs2_withdraw+0x10/0x10
[   35.012354][ T8334]  gfs2_meta_check_ii+0x65/0xa0
[   35.012611][ T8334]  gfs2_quota_init+0xfda/0x1360
[   35.012850][ T8334]  ? __pfx_gfs2_quota_init+0x10/0x10
[   35.013161][ T8334]  ? __pfx_gfs2_find_jhead+0x10/0x10
[   35.013452][ T8334]  gfs2_make_fs_rw+0x3a2/0x5d0
[   35.013735][ T8334]  ? __pfx_gfs2_make_fs_rw+0x10/0x10
[   35.014003][ T8334]  ? __gfs2_holder_init+0x18a/0x2f0
[   35.014253][ T8334]  gfs2_fill_super+0x2887/0x2c00
[   35.014501][ T8334]  ? __pfx_gfs2_fill_super+0x10/0x10
[   35.014757][ T8334]  ? gfs2_fill_super+0x17c0/0x2c00
[   35.015004][ T8334]  ? __pfx_do_raw_spin_lock+0x10/0x10
[   35.015259][ T8334]  ? sb_set_blocksize+0xf6/0x120
[   35.015501][ T8334]  get_tree_bdev+0x378/0x600
[   35.015729][ T8334]  ? __pfx_gfs2_fill_super+0x10/0x10
[   35.015983][ T8334]  ? __pfx_get_tree_bdev+0x10/0x10
[   35.016228][ T8334]  ? cap_capable+0x1d3/0x240
[   35.016449][ T8334]  ? safesetid_security_capable+0xc4/0x1e0
[   35.016729][ T8334]  gfs2_get_tree+0x4e/0x280
[   35.016949][ T8334]  vfs_get_tree+0x94/0x380
[   35.017164][ T8334]  path_mount+0x6b2/0x1ea0
[   35.017380][ T8334]  ? __pfx_path_mount+0x10/0x10
[   35.017618][ T8334]  ? putname+0x12a/0x170
[   35.017827][ T8334]  ? putname+0x12a/0x170
[   35.018036][ T8334]  __x64_sys_mount+0x284/0x310
[   35.018266][ T8334]  ? __pfx___x64_sys_mount+0x10/0x10
[   35.018520][ T8334]  do_syscall_64+0xcb/0x250
[   35.018738][ T8334]  entry_SYSCALL_64_after_hwframe+0x77/0x7f
[   35.019019][ T8334] RIP: 0033:0x7fbc11f814ae
[   35.019231][ T8334] Code: 48 c7 c0 ff ff ff ff eb aa e8 fe 06 00 00 66 2e 0f 1f 84 00 00 00 00 00 0f 1f 40 00 f3 0f 1e fa 49 89 ca b8 a5 00 00 00 0f 05 <48> 3d 01 f0 ff ff 73 01 c3 48 c7 c1 b8 ff ff ff f7 d8 64 89 01 48
[   35.020121][ T8334] RSP: 002b:00007ffe050cde08 EFLAGS: 00000282 ORIG_RAX: 00000000000000a5
[   35.020512][ T8334] RAX: ffffffffffffffda RBX: 00005555866a7378 RCX: 00007fbc11f814ae
[   35.020880][ T8334] RDX: 000000002003b2c0 RSI: 000000002003b300 RDI: 00007ffe050cde20
[   35.021248][ T8334] RBP: 00007ffe050cde20 R08: 00007ffe050cde60 R09: 000000000003b2be
[   35.021619][ T8334] R10: 0000000000000000 R11: 0000000000000282 R12: 0000000000000000
[   35.021987][ T8334] R13: 00007ffe050cde60 R14: 0000000000000003 R15: 0000000000000000
[   35.022359][ T8334]  </TASK>
[   35.022506][ T8334] Modules linked in:
[   35.022718][ T8334] ---[ end trace 0000000000000000 ]---
[   35.022976][ T8334] RIP: 0010:gfs2_withdraw+0xf32/0x11e0
[   35.023238][ T8334] Code: e6 e8 52 02 d2 fd 4d 85 e4 0f 84 5d ff ff ff e8 e4 fe d1 fd 4c 89 e7 e8 ec 3a 36 07 49 89 c4 e9 13 ff ff ff e8 cf fe d1 fd 90 <0f> 0b e8 c7 fe d1 fd be 08 00 00 00 48 89 ef e8 2a 3a 2d fe f0 80
[   35.024135][ T8334] RSP: 0018:ffffc90006a7f6c0 EFLAGS: 00010293
[   35.024424][ T8334] RAX: 0000000000000000 RBX: ffff888020868000 RCX: ffffffff83b7f344
[   35.024794][ T8334] RDX: ffff888048ba3c80 RSI: ffffffff83b80071 RDI: 0000000000000001
[   35.025168][ T8334] RBP: ffff8880208680a8 R08: 0000000000000001 R09: ffffed100fd85179
[   35.025537][ T8334] R10: 0000000000000004 R11: 0000000000000000 R12: 0000000000000004
[   35.025908][ T8334] R13: 0000000000001001 R14: ffffc90006a7f750 R15: ffff8880208691f8
[   35.026278][ T8334] FS:  00005555866a73c0(0000) GS:ffff88807ec00000(0000) knlGS:0000000000000000
[   35.026694][ T8334] CS:  0010 DS: 0000 ES: 0000 CR0: 0000000080050033
[   35.027003][ T8334] CR2: 00007ffcf79a8678 CR3: 000000004d0b2000 CR4: 0000000000750ef0
[   35.027374][ T8334] PKRU: 55555554
[   35.027545][ T8334] Kernel panic - not syncing: Fatal exception
[   35.027913][ T8334] Kernel Offset: disabled
[   35.028116][ T8334] Rebooting in 86400 seconds..

VM DIAGNOSIS:
00:56:10  Registers:
info registers vcpu 0
RAX=000000000007807d RBX=0000000000000000 RCX=ffffffff8aeba899 RDX=0000000000000000
RSI=0000000000000001 RDI=0000000000000000 RBP=dffffc0000000000 RSP=ffffffff8d807e10
R8 =0000000000000001 R9 =ffffed1005886fd9 R10=ffff88802c437ecb R11=0000000000000000
R12=0000000000000000 R13=ffffffff8fef1ed8 R14=0000000000000000 R15=0000000000000000
RIP=ffffffff8aebc23e RFL=00000206 [-----P-] CPL=0 II=0 A20=1 SMM=0 HLT=1
ES =0000 0000000000000000 ffffffff 00c00000
CS =0010 0000000000000000 ffffffff 00a09b00 DPL=0 CS64 [-RA]
SS =0018 0000000000000000 ffffffff 00c09300 DPL=0 DS   [-WA]
DS =0000 0000000000000000 ffffffff 00c00000
FS =0000 0000000000000000 ffffffff 00c00000
GS =0000 ffff88802c400000 ffffffff 00c00000
LDT=0000 0000000000000000 ffffffff 00c00000
TR =0040 fffffe0000003000 00004087 00008b00 DPL=0 TSS64-busy
GDT=     fffffe0000001000 0000007f
IDT=     fffffe0000000000 00000fff
CR0=80050033 CR2=00007fa5f8b198a0 CR3=000000000d97c000 CR4=00750ef0
DR0=0000000000000000 DR1=0000000000000000 DR2=0000000000000000 DR3=0000000000000000 
DR6=00000000ffff0ff0 DR7=0000000000000400
EFER=0000000000000d01
FCW=037f FSW=0000 [ST=0] FTW=00 MXCSR=00001f80
FPR0=0000000000000000 0000 FPR1=0000000000000000 0000
FPR2=0000000000000000 0000 FPR3=0000000000000000 0000
FPR4=0000000000000000 0000 FPR5=0000000000000000 0000
FPR6=0000000000000000 0000 FPR7=0000000000000000 0000
YMM00=0000000000000000 0000000000000000 0000000000000000 0000000000000000
YMM01=0000000000000000 0000000000000000 0162245e2c705f86 3d4f340a3044a1d2
YMM02=0000000000000000 0000000000000000 60dbcd276e6b38e4 00000000002c58e0
YMM03=0000000000000000 0000000000000000 80f09f19808d26a3 00000000002c5b20
YMM04=0000000000000000 0000000000000000 30cbcea71dc9143d 0000000000411b10
YMM05=0000000000000000 0000000000000000 d3fdd5f48436fbd7 00000000002c5988
YMM06=0000000000000000 0000000000000000 3c196c187daa696b 00000000002c5840
YMM07=0000000000000000 0000000000000000 a1fcdcf819d7e1e5 00000000002c55d8
YMM08=0000000000000000 0000000000000000 44495f474f4c5359 530069253d595449
YMM09=0000000000000000 0000000000000000 0000000000000000 0000000000000000
YMM10=0000000000000000 0000000000000000 0707070707070707 0750515151515168
YMM11=0000000000000000 0000000000000000 0000000000000000 0000000000000000
YMM12=0000000000000000 0000000000000000 0000000000000000 0000000000000000
YMM13=0000000000000000 0000000000000000 0000000000000000 0000000000000000
YMM14=0000000000000000 0000000000000000 0000000000000000 0000000000000000
YMM15=0000000000000000 0000000000000000 0000000000000000 0000000000000000
info registers vcpu 1
RAX=0000000000000020 RBX=00000000000003f8 RCX=0000000000000000 RDX=00000000000003f8
RSI=ffffffff84e93ce5 RDI=ffffffff94ea7de0 RBP=ffffffff94ea7da0 RSP=ffffc90006a7f068
R8 =0000000000000000 R9 =ffffed1008ebe046 R10=0000000000000000 R11=6572617764726148
R12=0000000000000000 R13=0000000000000020 R14=ffffffff84e93c80 R15=0000000000000000
RIP=ffffffff84e93d0f RFL=00000002 [-------] CPL=0 II=0 A20=1 SMM=0 HLT=0
ES =0000 0000000000000000 ffffffff 00c00000
CS =0010 0000000000000000 ffffffff 00a09b00 DPL=0 CS64 [-RA]
SS =0018 0000000000000000 ffffffff 00c09300 DPL=0 DS   [-WA]
DS =0000 0000000000000000 ffffffff 00c00000
FS =0000 00005555866a73c0 ffffffff 00c00000
GS =0000 ffff88807ec00000 ffffffff 00c00000
LDT=0000 0000000000000000 ffffffff 00c00000
TR =0040 fffffe000004a000 00004087 00008b00 DPL=0 TSS64-busy
GDT=     fffffe0000048000 0000007f
IDT=     fffffe0000000000 00000fff
CR0=80050033 CR2=00007ffcf79a8678 CR3=000000004d0b2000 CR4=00750ef0
DR0=0000000000000000 DR1=0000000000000000 DR2=0000000000000000 DR3=0000000000000000 
DR6=00000000ffff0ff0 DR7=0000000000000400
EFER=0000000000000d01
FCW=037f FSW=0000 [ST=0] FTW=00 MXCSR=00001f80
FPR0=0000000000000000 0000 FPR1=0000000000000000 0000
FPR2=0000000000000000 0000 FPR3=0000000000000000 0000
FPR4=0000000000000000 0000 FPR5=0000000000000000 0000
FPR6=0000000000000000 0000 FPR7=0000000000000000 0000
YMM00=0000000000000000 0000000000000000 00000000bac2fd7b 000000006b749fb2
YMM01=0000000000000000 0000000000000000 0000000000000000 33f4361c61bb6514
YMM02=0000000000000000 0000000000000000 0000000000000000 0000000000000000
YMM03=0000000000000000 0000000000000000 696e656420737365 636341002f737973
YMM04=0000000000000000 0000000000000000 3d44455a494c4149 54494e495f434553
YMM05=0000000000000000 0000000000000000 3d5145534b534944 006b7369643d4550
YMM06=0000000000000000 0000000000000000 3d454d414e564544 00303d444955555f
YMM07=0000000000000000 0000000000000000 5953425553003070 6f6f6c2f6b636f6c
YMM08=0000000000000000 0000000000000000 49006d756e203c20 69000a313a56000a
YMM09=0000000000000000 0000000000000000 0000000000000000 0000000000000000
YMM10=0000000000000000 0000000000000000 5c0101010d4b5409 0d17130c4b090d17
YMM11=0000000000000000 0000000000000000 0000000000000000 0000000000000000
YMM12=0000000000000000 0000000000000000 0000000000000000 0000000000000000
YMM13=0000000000000000 0000000000000000 0000000000000000 0000000000000000
YMM14=0000000000000000 0000000000000000 0000000000000000 0000000000000000
YMM15=0000000000000000 0000000000000000 0000000000000000 0000000000000000
