Warning: Permanently added '[localhost]:34318' (ED25519) to the list of known hosts.
executing program
syzkaller login: [  119.659005][ T8569] ==================================================================
[  119.660231][ T8569] BUG: KASAN: slab-out-of-bounds in btf_datasec_check_meta+0x7f8/0x880
[  119.661410][ T8569] Read of size 1 at addr ffff8880163028aa by task syz-executor316/8569
[  119.662635][ T8569] 
[  119.663203][ T8569] CPU: 5 UID: 0 PID: 8569 Comm: syz-executor316 Not tainted 6.11.0-rc5-00057-g86987d84b968 #3
[  119.664976][ T8569] Hardware name: QEMU Standard PC (i440FX + PIIX, 1996), BIOS 1.15.0-1 04/01/2014
[  119.666593][ T8569] Call Trace:
[  119.667223][ T8569]  <TASK>
[  119.667695][ T8569]  dump_stack_lvl+0x116/0x1b0
[  119.668513][ T8569]  print_report+0xc0/0x5e0
[  119.669232][ T8569]  ? srso_return_thunk+0x5/0x5f
[  119.669945][ T8569]  ? __phys_addr+0xc9/0x150
[  119.670614][ T8569]  ? btf_datasec_check_meta+0x7f8/0x880
[  119.671413][ T8569]  ? btf_datasec_check_meta+0x7f8/0x880
[  119.672209][ T8569]  kasan_report+0xbd/0xf0
[  119.672853][ T8569]  ? btf_datasec_check_meta+0x7f8/0x880
[  119.673650][ T8569]  btf_datasec_check_meta+0x7f8/0x880
[  119.674424][ T8569]  ? __pfx_btf_sec_info_cmp+0x10/0x10
[  119.675214][ T8569]  btf_new_fd+0x18e0/0x4d10
[  119.675888][ T8569]  ? __pfx_mark_lock+0x10/0x10
[  119.676615][ T8569]  ? mark_lock+0xb3/0xd60
[  119.677282][ T8569]  ? srso_untrain_ret+0x2/0x2
[  119.677961][ T8569]  ? __pfx_btf_new_fd+0x10/0x10
[  119.678678][ T8569]  ? apparmor_capable+0x117/0x1d0
[  119.679411][ T8569]  ? srso_return_thunk+0x5/0x5f
[  119.680112][ T8569]  ? srso_return_thunk+0x5/0x5f
[  119.680803][ T8569]  ? security_capable+0x99/0xc0
[  119.681503][ T8569]  ? srso_return_thunk+0x5/0x5f
[  119.682192][ T8569]  ? ns_capable+0xe2/0x120
[  119.682833][ T8569]  __sys_bpf+0x1ed3/0x51c0
[  119.683489][ T8569]  ? __pfx_mark_lock+0x10/0x10
[  119.684188][ T8569]  ? __pfx___sys_bpf+0x10/0x10
[  119.684873][ T8569]  ? do_user_addr_fault+0xd51/0x13a0
[  119.685631][ T8569]  ? srso_return_thunk+0x5/0x5f
[  119.686315][ T8569]  ? reacquire_held_locks+0x216/0x4f0
[  119.687081][ T8569]  ? do_user_addr_fault+0xd51/0x13a0
[  119.687850][ T8569]  ? srso_return_thunk+0x5/0x5f
[  119.688512][ T8569]  __x64_sys_bpf+0x78/0xc0
[  119.689044][ T8569]  ? srso_return_thunk+0x5/0x5f
[  119.689600][ T8569]  ? lockdep_hardirqs_on+0x7c/0x110
[  119.690207][ T8569]  do_syscall_64+0xcb/0x250
[  119.690746][ T8569]  entry_SYSCALL_64_after_hwframe+0x77/0x7f
[  119.691429][ T8569] RIP: 0033:0x7f582566170d
[  119.691944][ T8569] Code: c3 e8 a7 1f 00 00 0f 1f 80 00 00 00 00 f3 0f 1e fa 48 89 f8 48 89 f7 48 89 d6 48 89 ca 4d 89 c2 4d 89 c8 4c 8b 4c 24 08 0f 05 <48> 3d 01 f0 ff ff 73 01 c3 48 c7 c1 b8 ff ff ff f7 d8 64 89 01 48
[  119.694068][ T8569] RSP: 002b:00007ffc7b2c7a68 EFLAGS: 00000246 ORIG_RAX: 0000000000000141
[  119.694999][ T8569] RAX: ffffffffffffffda RBX: 00007ffc7b2c7cc8 RCX: 00007f582566170d
[  119.695891][ T8569] RDX: 0000000000000020 RSI: 0000000020000140 RDI: 0000000000000012
[  119.696781][ T8569] RBP: 0000000000000000 R08: 00007ffc7b2c74d0 R09: 0000000000000000
[  119.697666][ T8569] R10: 0000000000000000 R11: 0000000000000246 R12: 0000000000000001
[  119.698545][ T8569] R13: 431bde82d7b634db R14: 00007f58256de4f0 R15: 0000000000000001
[  119.699439][ T8569]  </TASK>
[  119.699801][ T8569] 
[  119.700084][ T8569] Allocated by task 8569:
[  119.700571][ T8569]  kasan_save_stack+0x24/0x50
[  119.701115][ T8569]  kasan_save_track+0x14/0x30
[  119.701660][ T8569]  __kasan_kmalloc+0xaa/0xb0
[  119.702193][ T8569]  __kmalloc_node_noprof+0x20a/0x460
[  119.702816][ T8569]  __kvmalloc_node_noprof+0x148/0x1b0
[  119.703443][ T8569]  btf_new_fd+0x650/0x4d10
[  119.703992][ T8569]  __sys_bpf+0x1ed3/0x51c0
[  119.704535][ T8569]  __x64_sys_bpf+0x78/0xc0
[  119.705060][ T8569]  do_syscall_64+0xcb/0x250
[  119.705579][ T8569]  entry_SYSCALL_64_after_hwframe+0x77/0x7f
[  119.706258][ T8569] 
[  119.706530][ T8569] The buggy address belongs to the object at ffff888016302880
[  119.706530][ T8569]  which belongs to the cache kmalloc-64 of size 64
[  119.708010][ T8569] The buggy address is located 0 bytes to the right of
[  119.708010][ T8569]  allocated 42-byte region [ffff888016302880, ffff8880163028aa)
[  119.709585][ T8569] 
[  119.709867][ T8569] The buggy address belongs to the physical page:
[  119.710558][ T8569] page: refcount:1 mapcount:0 mapping:0000000000000000 index:0x0 pfn:0x16302
[  119.711506][ T8569] ksm flags: 0xfff00000000000(node=0|zone=1|lastcpupid=0x7ff)
[  119.712328][ T8569] page_type: 0xfdffffff(slab)
[  119.712859][ T8569] raw: 00fff00000000000 ffff8880154428c0 ffffea0000a0ccc0 dead000000000003
[  119.713813][ T8569] raw: 0000000000000000 0000000080200020 00000001fdffffff 0000000000000000
[  119.714740][ T8569] page dumped because: kasan: bad access detected
[  119.715431][ T8569] page_owner tracks the page as allocated
[  119.716050][ T8569] page last allocated via order 0, migratetype Unmovable, gfp_mask 0x52cc0(GFP_KERNEL|__GFP_NOWARN|__GFP_NORETRY|__GFP_COMP), pid 85, tgid 85 (kworker/u32:3), ts 4968168350, free_ts 0
[  119.717983][ T8569]  post_alloc_hook+0x2e7/0x350
[  119.718542][ T8569]  get_page_from_freelist+0xbf3/0x2850
[  119.719182][ T8569]  __alloc_pages_noprof+0x214/0x21e0
[  119.719797][ T8569]  alloc_slab_page+0x55/0x100
[  119.720364][ T8569]  new_slab+0x83/0x260
[  119.720844][ T8569]  ___slab_alloc+0xbb7/0x1850
[  119.721401][ T8569]  __slab_alloc.constprop.0+0x56/0xb0
[  119.722025][ T8569]  __kmalloc_noprof+0x39b/0x440
[  119.722610][ T8569]  security_task_alloc+0x119/0x260
[  119.723198][ T8569]  copy_process+0x213c/0x6f20
[  119.723749][ T8569]  kernel_clone+0xeb/0x8f0
[  119.724276][ T8569]  user_mode_thread+0xb4/0xf0
[  119.724820][ T8569]  call_usermodehelper_exec_work+0xd0/0x180
[  119.725481][ T8569]  process_one_work+0x95a/0x1ad0
[  119.726060][ T8569]  worker_thread+0x677/0xe50
[  119.726610][ T8569]  kthread+0x2ca/0x3b0
[  119.727093][ T8569] page_owner free stack trace missing
[  119.727689][ T8569] 
[  119.727966][ T8569] Memory state around the buggy address:
[  119.728593][ T8569]  ffff888016302780: fa fb fb fb fb fb fb fb fc fc fc fc fc fc fc fc
[  119.729458][ T8569]  ffff888016302800: fa fb fb fb fb fb fb fb fc fc fc fc fc fc fc fc
[  119.730334][ T8569] >ffff888016302880: 00 00 00 00 00 02 fc fc fc fc fc fc fc fc fc fc
[  119.731202][ T8569]                                   ^
[  119.731802][ T8569]  ffff888016302900: fa fb fb fb fb fb fb fb fc fc fc fc fc fc fc fc
[  119.732694][ T8569]  ffff888016302980: fa fb fb fb fb fb fb fb fc fc fc fc fc fc fc fc
[  119.733595][ T8569] ==================================================================
[  119.734610][ T8569] Kernel panic - not syncing: KASAN: panic_on_warn set ...
[  119.735426][ T8569] CPU: 5 UID: 0 PID: 8569 Comm: syz-executor316 Not tainted 6.11.0-rc5-00057-g86987d84b968 #3
[  119.736548][ T8569] Hardware name: QEMU Standard PC (i440FX + PIIX, 1996), BIOS 1.15.0-1 04/01/2014
[  119.737544][ T8569] Call Trace:
[  119.737932][ T8569]  <TASK>
[  119.738277][ T8569]  dump_stack_lvl+0x3d/0x1b0
[  119.738832][ T8569]  panic+0x6e0/0x7a0
[  119.739311][ T8569]  ? __pfx_panic+0x10/0x10
[  119.739855][ T8569]  ? irqentry_exit+0x3b/0x90
[  119.740410][ T8569]  ? lockdep_hardirqs_on+0x7c/0x110
[  119.741054][ T8569]  ? check_panic_on_warn+0x1f/0xc0
[  119.741693][ T8569]  check_panic_on_warn+0xb1/0xc0
[  119.742300][ T8569]  end_report+0x117/0x180
[  119.742839][ T8569]  ? btf_datasec_check_meta+0x7f8/0x880
[  119.743492][ T8569]  kasan_report+0xcd/0xf0
[  119.744007][ T8569]  ? btf_datasec_check_meta+0x7f8/0x880
[  119.744669][ T8569]  btf_datasec_check_meta+0x7f8/0x880
[  119.745290][ T8569]  ? __pfx_btf_sec_info_cmp+0x10/0x10
[  119.745942][ T8569]  btf_new_fd+0x18e0/0x4d10
[  119.746505][ T8569]  ? __pfx_mark_lock+0x10/0x10
[  119.747102][ T8569]  ? mark_lock+0xb3/0xd60
[  119.747643][ T8569]  ? srso_untrain_ret+0x2/0x2
[  119.748225][ T8569]  ? __pfx_btf_new_fd+0x10/0x10
[  119.748830][ T8569]  ? apparmor_capable+0x117/0x1d0
[  119.749449][ T8569]  ? srso_return_thunk+0x5/0x5f
[  119.750031][ T8569]  ? srso_return_thunk+0x5/0x5f
[  119.750618][ T8569]  ? security_capable+0x99/0xc0
[  119.751208][ T8569]  ? srso_return_thunk+0x5/0x5f
[  119.751806][ T8569]  ? ns_capable+0xe2/0x120
[  119.752369][ T8569]  __sys_bpf+0x1ed3/0x51c0
[  119.752933][ T8569]  ? __pfx_mark_lock+0x10/0x10
[  119.753543][ T8569]  ? __pfx___sys_bpf+0x10/0x10
[  119.754154][ T8569]  ? do_user_addr_fault+0xd51/0x13a0
[  119.754787][ T8569]  ? srso_return_thunk+0x5/0x5f
[  119.755356][ T8569]  ? reacquire_held_locks+0x216/0x4f0
[  119.755983][ T8569]  ? do_user_addr_fault+0xd51/0x13a0
[  119.756635][ T8569]  ? srso_return_thunk+0x5/0x5f
[  119.757237][ T8569]  __x64_sys_bpf+0x78/0xc0
[  119.757781][ T8569]  ? srso_return_thunk+0x5/0x5f
[  119.758370][ T8569]  ? lockdep_hardirqs_on+0x7c/0x110
[  119.759005][ T8569]  do_syscall_64+0xcb/0x250
[  119.759540][ T8569]  entry_SYSCALL_64_after_hwframe+0x77/0x7f
[  119.760239][ T8569] RIP: 0033:0x7f582566170d
[  119.760762][ T8569] Code: c3 e8 a7 1f 00 00 0f 1f 80 00 00 00 00 f3 0f 1e fa 48 89 f8 48 89 f7 48 89 d6 48 89 ca 4d 89 c2 4d 89 c8 4c 8b 4c 24 08 0f 05 <48> 3d 01 f0 ff ff 73 01 c3 48 c7 c1 b8 ff ff ff f7 d8 64 89 01 48
[  119.762921][ T8569] RSP: 002b:00007ffc7b2c7a68 EFLAGS: 00000246 ORIG_RAX: 0000000000000141
[  119.763882][ T8569] RAX: ffffffffffffffda RBX: 00007ffc7b2c7cc8 RCX: 00007f582566170d
[  119.765017][ T8569] RDX: 0000000000000020 RSI: 0000000020000140 RDI: 0000000000000012
[  119.765917][ T8569] RBP: 0000000000000000 R08: 00007ffc7b2c74d0 R09: 0000000000000000
[  119.766816][ T8569] R10: 0000000000000000 R11: 0000000000000246 R12: 0000000000000001
[  119.767724][ T8569] R13: 431bde82d7b634db R14: 00007f58256de4f0 R15: 0000000000000001
[  119.768655][ T8569]  </TASK>
[  119.769246][ T8569] Kernel Offset: disabled
[  119.769755][ T8569] Rebooting in 86400 seconds..

VM DIAGNOSIS:
11:41:16  Registers:
info registers vcpu 0
RAX=000000000007adfb RBX=0000000000000000 RCX=ffffffff8af37a69 RDX=0000000000000000
RSI=0000000000000001 RDI=0000000000000000 RBP=dffffc0000000000 RSP=ffffffff8d807e10
R8 =0000000000000001 R9 =ffffed1017246fd9 R10=ffff8880b9237ecb R11=0000000000000000
R12=0000000000000000 R13=ffffffff8ff16258 R14=0000000000000000 R15=0000000000000000
RIP=ffffffff8af3940e RFL=00000202 [-------] CPL=0 II=0 A20=1 SMM=0 HLT=1
ES =0000 0000000000000000 00000000 00000000
CS =0010 0000000000000000 ffffffff 00a09b00 DPL=0 CS64 [-RA]
SS =0018 0000000000000000 ffffffff 00c09300 DPL=0 DS   [-WA]
DS =0000 0000000000000000 00000000 00000000
FS =0000 0000000000000000 00000000 00000000
GS =0000 ffff8880b9200000 00000000 00000000
LDT=0000 fffffe0000000000 00000000 00000000
TR =0040 fffffe0000003000 00004087 00008b00 DPL=0 TSS64-busy
GDT=     fffffe0000001000 0000007f
IDT=     fffffe0000000000 00000fff
CR0=80050033 CR2=00007f4c557d7b40 CR3=000000000d97c000 CR4=00350ef0
DR0=0000000000000000 DR1=0000000000000000 DR2=0000000000000000 DR3=0000000000000000 
DR6=00000000ffff0ff0 DR7=0000000000000400
EFER=0000000000000d01
FCW=037f FSW=0000 [ST=0] FTW=00 MXCSR=00001f80
FPR0=0000000000000000 0000 FPR1=0000000000000000 0000
FPR2=0000000000000000 0000 FPR3=0000000000000000 0000
FPR4=0000000000000000 0000 FPR5=0000000000000000 0000
FPR6=0000000000000000 0000 FPR7=0000000000000000 0000
YMM00=0000000000000000 0000000000000000 0000000000000000 0000000000000000
YMM01=0000000000000000 0000000000000000 ffffffffffffffff 0000000000000000
YMM02=0000000000000000 0000000000000000 4c8d800000000300 0000030000000000
YMM03=0000000000000000 0000000000000000 0000000000000000 656d616e752d3031
YMM04=0000000000000000 0000000000000000 0000000000000000 0000000000000000
YMM05=0000000000000000 0000000000000000 ffffffffffffffff fffffffffffffffe
YMM06=0000000000000000 0000000000000000 ffffffffffffffff ffffffffffffffff
YMM07=0000000000000000 0000000000000000 0000000000000000 0000000000000000
YMM08=0000000000000000 0000000000000000 0000000000000000 0000000000000000
YMM09=0000000000000000 0000000000000000 0000000000000000 0000000000000000
YMM10=0000000000000000 0000000000000000 0000000000000000 0000000000000000
YMM11=0000000000000000 0000000000000000 0000000000000000 0000000000000000
YMM12=0000000000000000 0000000000000000 0000000000000000 0000000000000000
YMM13=0000000000000000 0000000000000000 0000000000000000 0000000000000000
YMM14=0000000000000000 0000000000000000 0000000000000000 0000000000000000
YMM15=0000000000000000 0000000000000000 0000000000000000 0000000000000000
info registers vcpu 1
RAX=0000000000034c39 RBX=0000000000000001 RCX=ffffffff8af37a69 RDX=0000000000000000
RSI=0000000000000001 RDI=0000000000000000 RBP=dffffc0000000000 RSP=ffffc900001a7e00
R8 =0000000000000001 R9 =ffffed1047786fd9 R10=ffff88823bc37ecb R11=0000000000000000
R12=0000000000000001 R13=ffffffff8ff16258 R14=0000000000000000 R15=0000000000000000
RIP=ffffffff8af3940e RFL=00000206 [-----P-] CPL=0 II=0 A20=1 SMM=0 HLT=1
ES =0000 0000000000000000 00000000 00000000
CS =0010 0000000000000000 ffffffff 00a09b00 DPL=0 CS64 [-RA]
SS =0018 0000000000000000 ffffffff 00c09300 DPL=0 DS   [-WA]
DS =0000 0000000000000000 00000000 00000000
FS =0000 0000000000000000 00000000 00000000
GS =0000 ffff88823bc00000 00000000 00000000
LDT=0000 fffffe0000000000 00000000 00000000
TR =0040 fffffe000004a000 00004087 00008b00 DPL=0 TSS64-busy
GDT=     fffffe0000048000 0000007f
IDT=     fffffe0000000000 00000fff
CR0=80050033 CR2=00007f519114ce80 CR3=000000000d97c000 CR4=00350ef0
DR0=0000000000000000 DR1=0000000000000000 DR2=0000000000000000 DR3=0000000000000000 
DR6=00000000ffff0ff0 DR7=0000000000000400
EFER=0000000000000d01
FCW=037f FSW=0000 [ST=0] FTW=00 MXCSR=00001f80
FPR0=0000000000000000 0000 FPR1=0000000000000000 0000
FPR2=0000000000000000 0000 FPR3=0000000000000000 0000
FPR4=0000000000000000 0000 FPR5=0000000000000000 0000
FPR6=0000000000000000 0000 FPR7=0000000000000000 0000
YMM00=0000000000000000 0000000000000000 2525252525252525 2525252525252525
YMM01=0000000000000000 0000000000000000 ff000000ffff0000 ff0000ffff0000ff
YMM02=0000000000000000 0000000000000000 0000000000ff0000 00000000ff000000
YMM03=0000000000000000 0000000000000000 0000000000000000 0000000000000000
YMM04=0000000000000000 0000000000000000 0000000000000000 0000000000000000
YMM05=0000000000000000 0000000000000000 0000000000000000 0000000000000000
YMM06=0000000000000000 0000000000000000 0000000000000000 0000000000000000
YMM07=0000000000000000 0000000000000000 0000000000000000 0000000000000000
YMM08=0000000000000000 0000000000000000 2530207325000a64 25207325000a6425
YMM09=0000000000000000 0000000000000000 0000000000000000 0000000000000000
YMM10=0000000000000000 0000000000000000 0000000000000000 0000000000000000
YMM11=0000000000000000 0000000000000000 0000000000000000 0000000000000000
YMM12=0000000000000000 0000000000000000 0000000000000000 0000000000000000
YMM13=0000000000000000 0000000000000000 0000000000000000 0000000000000000
YMM14=0000000000000000 0000000000000000 0000000000000000 0000000000000000
YMM15=0000000000000000 0000000000000000 0000000000000000 0000000000000000
info registers vcpu 2
RAX=0000000000025c31 RBX=0000000000000002 RCX=ffffffff8af37a69 RDX=0000000000000000
RSI=0000000000000001 RDI=0000000000000000 RBP=dffffc0000000000 RSP=ffffc900001b7e00
R8 =0000000000000001 R9 =ffffed1017256fd9 R10=ffff8880b92b7ecb R11=0000000000000000
R12=0000000000000002 R13=ffffffff8ff16258 R14=0000000000000000 R15=0000000000000000
RIP=ffffffff8af3940e RFL=00000202 [-------] CPL=0 II=0 A20=1 SMM=0 HLT=1
ES =0000 0000000000000000 00000000 00000000
CS =0010 0000000000000000 ffffffff 00a09b00 DPL=0 CS64 [-RA]
SS =0018 0000000000000000 ffffffff 00c09300 DPL=0 DS   [-WA]
DS =0000 0000000000000000 00000000 00000000
FS =0000 0000000000000000 00000000 00000000
GS =0000 ffff8880b9280000 00000000 00000000
LDT=0000 fffffe0000000000 00000000 00000000
TR =0040 fffffe0000091000 00004087 00008b00 DPL=0 TSS64-busy
GDT=     fffffe000008f000 0000007f
IDT=     fffffe0000000000 00000fff
CR0=80050033 CR2=00007febdf3a06f8 CR3=000000002a234000 CR4=00350ef0
DR0=0000000000000000 DR1=0000000000000000 DR2=0000000000000000 DR3=0000000000000000 
DR6=00000000ffff0ff0 DR7=0000000000000400
EFER=0000000000000d01
FCW=037f FSW=0000 [ST=0] FTW=00 MXCSR=00001f80
FPR0=0000000000000000 0000 FPR1=0000000000000000 0000
FPR2=0000000000000000 0000 FPR3=0000000000000000 0000
FPR4=0000000000000000 0000 FPR5=0000000000000000 0000
FPR6=0000000000000000 0000 FPR7=0000000000000000 0000
YMM00=0000000000000000 0000000000000000 0000000000000000 0000000000000000
YMM01=0000000000000000 0000000000000000 76495492420cc464 104e15b01066c6a9
YMM02=0000000000000000 0000000000000000 cad034ff3e78bb9b 3a807c262d8c1435
YMM03=0000000000000000 0000000000000000 f93b713afed17d0c 7d58026616195ad2
YMM04=0000000000000000 0000000000000000 0000000000000000 0000000000000000
YMM05=0000000000000000 0000000000000000 0000000000000000 0000000000000000
YMM06=0000000000000000 0000000000000000 0d0c0f0e09080b0a 0504070601000302
YMM07=0000000000000000 0000000000000000 0e0d0c0f0a09080b 0605040702010003
YMM08=0000000000000000 0000000000000000 636578655f6f6400 745f647074667300
YMM09=0000000000000000 0000000000000000 0000000000000000 0000000000000000
YMM10=0000000000000000 0000000000000000 0000000000000000 0000000000000000
YMM11=0000000000000000 0000000000000000 0000000000000000 0000000000000000
YMM12=0000000000000000 0000000000000000 0000000000000000 0000000000000000
YMM13=0000000000000000 0000000000000000 0000000000000000 0000000000000000
YMM14=0000000000000000 0000000000000000 0000000000000000 0000000000000000
YMM15=0000000000000000 0000000000000000 0000000000000000 0000000000000000
info registers vcpu 3
RAX=000000000002dba9 RBX=0000000000000003 RCX=ffffffff8af37a69 RDX=0000000000000000
RSI=0000000000000001 RDI=0000000000000000 RBP=dffffc0000000000 RSP=ffffc900001c7e00
R8 =0000000000000001 R9 =ffffed1047796fd9 R10=ffff88823bcb7ecb R11=0000000000000000
R12=0000000000000003 R13=ffffffff8ff16258 R14=0000000000000000 R15=0000000000000000
RIP=ffffffff8af3940e RFL=00000206 [-----P-] CPL=0 II=0 A20=1 SMM=0 HLT=1
ES =0000 0000000000000000 00000000 00000000
CS =0010 0000000000000000 ffffffff 00a09b00 DPL=0 CS64 [-RA]
SS =0018 0000000000000000 ffffffff 00c09300 DPL=0 DS   [-WA]
DS =0000 0000000000000000 00000000 00000000
FS =0000 0000000000000000 00000000 00000000
GS =0000 ffff88823bc80000 00000000 00000000
LDT=0000 fffffe0000000000 00000000 00000000
TR =0040 fffffe00000d8000 00004087 00008b00 DPL=0 TSS64-busy
GDT=     fffffe00000d6000 0000007f
IDT=     fffffe0000000000 00000fff
CR0=80050033 CR2=000055556df83d68 CR3=0000000033916000 CR4=00350ef0
DR0=0000000000000000 DR1=0000000000000000 DR2=0000000000000000 DR3=0000000000000000 
DR6=00000000ffff0ff0 DR7=0000000000000400
EFER=0000000000000d01
FCW=037f FSW=0000 [ST=0] FTW=00 MXCSR=00001f80
FPR0=0000000000000000 0000 FPR1=0000000000000000 0000
FPR2=0000000000000000 0000 FPR3=0000000000000000 0000
FPR4=0000000000000000 0000 FPR5=0000000000000000 0000
FPR6=0000000000000000 0000 FPR7=0000000000000000 0000
YMM00=0000000000000000 0000000000000000 00000000000f4240 0000000000000000
YMM01=0000000000000000 0000000000000000 0000000000000000 00000000000f4240
YMM02=0000000000000000 0000000000000000 00007f58256e97e0 00007f58256e97e0
YMM03=0000000000000000 0000000000000000 0000000000000000 00000000000000ff
YMM04=0000000000000000 0000000000000000 2f2f2f2f2f2f2f2f 2f2f2f2f2f2f2f2f
YMM05=0000000000000000 0000000000000000 0000000000000000 00007f58256de4d0
YMM06=0000000000000000 0000000000000000 0000000000000000 0000000000000000
YMM07=0000000000000000 0000000000000000 0000000000000000 0000000000000000
YMM08=0000000000000000 0000000000000000 0000000000000000 0000000000000000
YMM09=0000000000000000 0000000000000000 0000000000000000 0000000000000000
YMM10=0000000000000000 0000000000000000 0000000000000000 0000000000000000
YMM11=0000000000000000 0000000000000000 0000000000000000 0000000000000000
YMM12=0000000000000000 0000000000000000 0000000000000000 0000000000000000
YMM13=0000000000000000 0000000000000000 0000000000000000 0000000000000000
YMM14=0000000000000000 0000000000000000 0000000000000000 0000000000000000
YMM15=0000000000000000 0000000000000000 0000000000000000 0000000000000000
info registers vcpu 4
RAX=0000000000029303 RBX=0000000000000004 RCX=ffffffff8af37a69 RDX=0000000000000000
RSI=0000000000000001 RDI=0000000000000000 RBP=dffffc0000000000 RSP=ffffc900001d7e00
R8 =0000000000000001 R9 =ffffed1017266fd9 R10=ffff8880b9337ecb R11=0000000000000000
R12=0000000000000004 R13=ffffffff8ff16258 R14=0000000000000000 R15=0000000000000000
RIP=ffffffff8af3940e RFL=00000206 [-----P-] CPL=0 II=0 A20=1 SMM=0 HLT=1
ES =0000 0000000000000000 00000000 00000000
CS =0010 0000000000000000 ffffffff 00a09b00 DPL=0 CS64 [-RA]
SS =0018 0000000000000000 ffffffff 00c09300 DPL=0 DS   [-WA]
DS =0000 0000000000000000 00000000 00000000
FS =0000 0000000000000000 00000000 00000000
GS =0000 ffff8880b9300000 00000000 00000000
LDT=0000 fffffe0000000000 00000000 00000000
TR =0040 fffffe000011f000 00004087 00008b00 DPL=0 TSS64-busy
GDT=     fffffe000011d000 0000007f
IDT=     fffffe0000000000 00000fff
CR0=80050033 CR2=00007f59fb9fb000 CR3=000000000d97c000 CR4=00350ef0
DR0=0000000000000000 DR1=0000000000000000 DR2=0000000000000000 DR3=0000000000000000 
DR6=00000000ffff0ff0 DR7=0000000000000400
EFER=0000000000000d01
FCW=037f FSW=0000 [ST=0] FTW=00 MXCSR=00001f80
FPR0=0000000000000000 0000 FPR1=0000000000000000 0000
FPR2=0000000000000000 0000 FPR3=0000000000000000 0000
FPR4=0000000000000000 0000 FPR5=0000000000000000 0000
FPR6=0000000000000000 0000 FPR7=0000000000000000 0000
YMM00=0000000000000000 0000000000000000 0000000000000000 0000000000000000
YMM01=0000000000000000 0000000000000000 a34f12643465b0a5 a4493d338fd6fa71
YMM02=0000000000000000 0000000000000000 2c67c8bc2e329bc3 00000000001f0890
YMM03=0000000000000000 0000000000000000 fb795ef6d6577056 00000000001f3968
YMM04=0000000000000000 0000000000000000 35c97a5a786e4cf6 00000000000ae988
YMM05=0000000000000000 0000000000000000 c5a8bd03623a06af 00000000001fa290
YMM06=0000000000000000 0000000000000000 0f43f56be0b9b55c 00000000001fa118
YMM07=0000000000000000 0000000000000000 e042d86d42eb936e 00000000001f3c78
YMM08=0000000000000000 0000000000000000 25a8789e826f3083 00000000001f08f0
YMM09=0000000000000000 0000000000000000 0000000000000000 0000000000000000
YMM10=0000000000000000 0000000000000000 0000000000000000 0000000000000000
YMM11=0000000000000000 0000000000000000 0000000000000000 0000000000000000
YMM12=0000000000000000 0000000000000000 0000000000000000 0000000000000000
YMM13=0000000000000000 0000000000000000 0000000000000000 0000000000000000
YMM14=0000000000000000 0000000000000000 0000000000000000 0000000000000000
YMM15=0000000000000000 0000000000000000 0000000000000000 0000000000000000
info registers vcpu 5
RAX=0000000000000035 RBX=00000000000003f8 RCX=0000000000000000 RDX=00000000000003f8
RSI=ffffffff84f110e5 RDI=ffffffff94eef240 RBP=ffffffff94eef200 RSP=ffffc900133cf420
R8 =0000000000000000 R9 =ffffed10046f1046 R10=0000000000000000 R11=205d393635385420
R12=0000000000000000 R13=0000000000000035 R14=ffffffff84f11080 R15=0000000000000000
RIP=ffffffff84f1110f RFL=00000002 [-------] CPL=0 II=0 A20=1 SMM=0 HLT=0
ES =0000 0000000000000000 00000000 00000000
CS =0010 0000000000000000 ffffffff 00a09b00 DPL=0 CS64 [-RA]
SS =0018 0000000000000000 ffffffff 00c09300 DPL=0 DS   [-WA]
DS =0000 0000000000000000 00000000 00000000
FS =0000 000055556df833c0 00000000 00000000
GS =0000 ffff88823bd00000 00000000 00000000
LDT=0000 fffffe0000000000 00000000 00000000
TR =0040 fffffe0000166000 00004087 00008b00 DPL=0 TSS64-busy
GDT=     fffffe0000164000 0000007f
IDT=     fffffe0000000000 00000fff
CR0=80050033 CR2=0000000020000042 CR3=000000002ff8e000 CR4=00350ef0
DR0=0000000000000000 DR1=0000000000000000 DR2=0000000000000000 DR3=0000000000000000 
DR6=00000000ffff0ff0 DR7=0000000000000400
EFER=0000000000000d01
FCW=037f FSW=0000 [ST=0] FTW=00 MXCSR=00001f80
FPR0=0000000000000000 0000 FPR1=0000000000000000 0000
FPR2=0000000000000000 0000 FPR3=0000000000000000 0000
FPR4=0000000000000000 0000 FPR5=0000000000000000 0000
FPR6=0000000000000000 0000 FPR7=0000000000000000 0000
YMM00=0000000000000000 0000000000000000 0000000000000000 0000000000000000
YMM01=0000000000000000 0000000000000000 ffffffffffffffff ffffffff00000000
YMM02=0000000000000000 0000000000000000 0000000000000000 000000ff00000000
YMM03=0000000000000000 0000000000000000 00007ffc7b2c7580 00007ffc7b2c7580
YMM04=0000000000000000 0000000000000000 0000000000000000 00007ffc7b2c797f
YMM05=0000000000000000 0000000000000000 0000000000000000 00007f58256de4d0
YMM06=0000000000000000 0000000000000000 0000000000000000 0000000000000000
YMM07=0000000000000000 0000000000000000 0000000000000000 0000000000000000
YMM08=0000000000000000 0000000000000000 2f666c65732f636f 72702f0030303031
YMM09=0000000000000000 0000000000000000 0000000000000000 0000000000000000
YMM10=0000000000000000 0000000000000000 0000000000000000 0000000000000000
YMM11=0000000000000000 0000000000000000 0000000000000000 0000000000000000
YMM12=0000000000000000 0000000000000000 0000000000000000 0000000000000000
YMM13=0000000000000000 0000000000000000 0000000000000000 0000000000000000
YMM14=0000000000000000 0000000000000000 0000000000000000 0000000000000000
YMM15=0000000000000000 0000000000000000 0000000000000000 0000000000000000
info registers vcpu 6
RAX=0000000000023529 RBX=0000000000000006 RCX=ffffffff8af37a69 RDX=0000000000000000
RSI=0000000000000001 RDI=0000000000000000 RBP=dffffc0000000000 RSP=ffffc900001f7e00
R8 =0000000000000001 R9 =ffffed1017276fd9 R10=ffff8880b93b7ecb R11=0000000000000000
R12=0000000000000006 R13=ffffffff8ff16258 R14=0000000000000000 R15=0000000000000000
RIP=ffffffff8af3940e RFL=00000202 [-------] CPL=0 II=0 A20=1 SMM=0 HLT=1
ES =0000 0000000000000000 00000000 00000000
CS =0010 0000000000000000 ffffffff 00a09b00 DPL=0 CS64 [-RA]
SS =0018 0000000000000000 ffffffff 00c09300 DPL=0 DS   [-WA]
DS =0000 0000000000000000 00000000 00000000
FS =0000 0000000000000000 00000000 00000000
GS =0000 ffff8880b9380000 00000000 00000000
LDT=0000 fffffe0000000000 00000000 00000000
TR =0040 fffffe00001ad000 00004087 00008b00 DPL=0 TSS64-busy
GDT=     fffffe00001ab000 0000007f
IDT=     fffffe0000000000 00000fff
CR0=80050033 CR2=00007fff5518a888 CR3=00000000211e0000 CR4=00350ef0
DR0=0000000000000000 DR1=0000000000000000 DR2=0000000000000000 DR3=0000000000000000 
DR6=00000000ffff0ff0 DR7=0000000000000400
EFER=0000000000000d01
FCW=037f FSW=0000 [ST=0] FTW=00 MXCSR=00001f80
FPR0=0000000000000000 0000 FPR1=0000000000000000 0000
FPR2=0000000000000000 0000 FPR3=0000000000000000 0000
FPR4=0000000000000000 0000 FPR5=0000000000000000 0000
FPR6=0000000000000000 0000 FPR7=0000000000000000 0000
YMM00=0000000000000000 0000000000000000 2036313a31343a31 3120313320677541
YMM01=0000000000000000 0000000000000000 737328766e655f6d 6170203a5d323635
YMM02=0000000000000000 0000000000000000 20766e65206e6570 6f206f7420656c62
YMM03=0000000000000000 0000000000000000 7573206f4e203a65 6c61636f6c2f746c
YMM04=0000000000000000 0000000000000000 6966206863757320 6f4e203a656c6163
YMM05=0000000000000000 0000000000000000 3a656c696620766e 65206e65706f206f
YMM06=0000000000000000 0000000000000000 65733a6468737328 766e655f6d617020
YMM07=0000000000000000 0000000000000000 616b7a7973203631 3a31343a31312031
YMM08=0000000000000000 0000000000000000 766e693d706f2064 656e69666e6f636e
YMM09=0000000000000000 0000000000000000 0000000000000000 0000000000000000
YMM10=0000000000000000 0000000000000000 0000000000000000 0000000000000000
YMM11=0000000000000000 0000000000000000 0000000000000000 0000000000000000
YMM12=0000000000000000 0000000000000000 0000000000000000 0000000000000000
YMM13=0000000000000000 0000000000000000 0000000000000000 0000000000000000
YMM14=0000000000000000 0000000000000000 0000000000000000 0000000000000000
YMM15=0000000000000000 0000000000000000 0000000000000000 0000000000000000
info registers vcpu 7
RAX=0000000000027d7b RBX=0000000000000007 RCX=ffffffff8af37a69 RDX=0000000000000000
RSI=0000000000000001 RDI=0000000000000000 RBP=dffffc0000000000 RSP=ffffc90000a0fe00
R8 =0000000000000001 R9 =ffffed10477b6fd9 R10=ffff88823bdb7ecb R11=0000000000000000
R12=0000000000000007 R13=ffffffff8ff16258 R14=0000000000000000 R15=0000000000000000
RIP=ffffffff8af3940e RFL=00000206 [-----P-] CPL=0 II=0 A20=1 SMM=0 HLT=1
ES =0000 0000000000000000 00000000 00000000
CS =0010 0000000000000000 ffffffff 00a09b00 DPL=0 CS64 [-RA]
SS =0018 0000000000000000 ffffffff 00c09300 DPL=0 DS   [-WA]
DS =0000 0000000000000000 00000000 00000000
FS =0000 0000000000000000 00000000 00000000
GS =0000 ffff88823bd80000 00000000 00000000
LDT=0000 fffffe0000000000 00000000 00000000
TR =0040 fffffe00001f4000 00004087 00008b00 DPL=0 TSS64-busy
GDT=     fffffe00001f2000 0000007f
IDT=     fffffe0000000000 00000fff
CR0=80050033 CR2=000055887df3f3f8 CR3=000000000d97c000 CR4=00350ef0
DR0=0000000000000000 DR1=0000000000000000 DR2=0000000000000000 DR3=0000000000000000 
DR6=00000000ffff0ff0 DR7=0000000000000400
EFER=0000000000000d01
FCW=037f FSW=0000 [ST=0] FTW=00 MXCSR=00001f80
FPR0=0000000000000000 0000 FPR1=0000000000000000 0000
FPR2=0000000000000000 0000 FPR3=0000000000000000 0000
FPR4=0000000000000000 0000 FPR5=0000000000000000 0000
FPR6=0000000000000000 0000 FPR7=0000000000000000 0000
YMM00=0000000000000000 0000000000000000 ffffffffffffffff ffffffffffffffff
YMM01=0000000000000000 0000000000000000 ffff000000000000 ffffffffffffffff
YMM02=0000000000000000 0000000000000000 ffff000000000000 ffffffffffffffff
YMM03=0000000000000000 0000000000000000 000000000000000f 00000077656e2e63
YMM04=0000000000000000 0000000000000000 6d2f6e75722f203e 20642e64746f6d2d
YMM05=0000000000000000 0000000000000000 73797362736c2d2d 2073747261702d6e
YMM06=0000000000000000 0000000000000000 622f7273752f3a6e 6962732f7273752f
YMM07=0000000000000000 0000000000000000 0000000000000000 0000000000000000
YMM08=0000000000000000 0000000000000000 0000558869ea6890 0000000000000000
YMM09=0000000000000000 0000000000000000 0000000000000000 0000000000000000
YMM10=0000000000000000 0000000000000000 0000000000000000 0000000000000000
YMM11=0000000000000000 0000000000000000 0000000000000000 0000000000000000
YMM12=0000000000000000 0000000000000000 0000000000000000 0000000000000000
YMM13=0000000000000000 0000000000000000 0000000000000000 0000000000000000
YMM14=0000000000000000 0000000000000000 0000000000000000 0000000000000000
YMM15=0000000000000000 0000000000000000 0000000000000000 0000000000000000
