Warning: Permanently added '[localhost]:28022' (ED25519) to the list of known hosts.
executing program
syzkaller login: [   40.871186][ T8206] BUG: unable to handle page fault for address: ffff88800f9d9000
[   40.871888][ T8206] #PF: supervisor read access in kernel mode
[   40.872435][ T8206] #PF: error_code(0x0000) - not-present page
[   40.873002][ T8206] PGD 8201067 P4D 8201067 PUD 8202067 PMD e9f5063 PTE 800ffffff0626060
[   40.873880][ T8206] Oops: Oops: 0000 [#1] PREEMPT SMP NOPTI
[   40.874793][ T8206] CPU: 1 UID: 0 PID: 8206 Comm: syz-executor841 Not tainted 6.12.0-rc1 #5
[   40.875808][ T8206] Hardware name: QEMU Standard PC (i440FX + PIIX, 1996), BIOS 1.15.0-1 04/01/2014
[   40.876620][ T8206] RIP: 0010:memcmp+0x32/0x50
[   40.877083][ T8206] Code: 06 48 39 07 75 17 48 83 c7 08 48 83 c6 08 48 83 ea 08 48 83 fa 07 77 e6 48 85 d2 74 20 31 c9 eb 09 48 83 c1 01 48 39 ca 74 0e <0f> b6 04 0f 44 0f b6 04 0e 44 29 c0 74 e9 e9 7b 20 03 00 31 c0 e9
[   40.878753][ T8206] RSP: 0018:ffff88800f7a3990 EFLAGS: 00010246
[   40.879300][ T8206] RAX: 0000000000000000 RBX: ffff88800f9d9000 RCX: 0000000000000000
[   40.880002][ T8206] RDX: 0000000000000004 RSI: ffffffff863584a0 RDI: ffff88800f9d9000
[   40.880702][ T8206] RBP: ffff88800f7a3a50 R08: ffff88800ea75fe4 R09: 0000000000000001
[   40.881415][ T8206] R10: 0000000000000012 R11: 000055556ed5dfff R12: 0000000000000000
[   40.882116][ T8206] R13: ffff88800f7a3b0c R14: 0000000000000000 R15: ffff88800ea75000
[   40.882826][ T8206] FS:  000055556ed3c3c0(0000) GS:ffff88807ee00000(0000) knlGS:0000000000000000
[   40.883626][ T8206] CS:  0010 DS: 0000 ES: 0000 CR0: 0000000080050033
[   40.884222][ T8206] CR2: ffff88800f9d9000 CR3: 000000000f35c000 CR4: 0000000000350ef0
[   40.884941][ T8206] Call Trace:
[   40.885249][ T8206]  <TASK>
[   40.885535][ T8206]  ? show_regs+0x68/0x80
[   40.885965][ T8206]  ? __die+0x24/0x70
[   40.886373][ T8206]  ? page_fault_oops+0x24d/0x630
[   40.886856][ T8206]  ? memcmp+0x32/0x50
[   40.887256][ T8206]  ? is_prefetch.constprop.0+0x48/0x350
[   40.887812][ T8206]  ? kernelmode_fixup_or_oops.constprop.0+0x9e/0xc0
[   40.888447][ T8206]  ? __bad_area_nosemaphore+0x2ac/0x360
[   40.888971][ T8206]  ? srso_return_thunk+0x5/0x5f
[   40.889450][ T8206]  ? bad_area_nosemaphore+0x2e/0x40
[   40.889949][ T8206]  ? exc_page_fault+0x648/0xda0
[   40.890445][ T8206]  ? srso_return_thunk+0x5/0x5f
[   40.890903][ T8206]  ? __sanitizer_cov_trace_const_cmp4+0x1a/0x20
[   40.891521][ T8206]  ? srso_return_thunk+0x5/0x5f
[   40.891984][ T8206]  ? __filemap_get_folio+0x149/0x5b0
[   40.892493][ T8206]  ? asm_exc_page_fault+0x2b/0x30
[   40.892985][ T8206]  ? memcmp+0x32/0x50
[   40.893382][ T8206]  ? __build_id_parse.isra.0+0xa7/0x3d0
[   40.893901][ T8206]  ? srso_return_thunk+0x5/0x5f
[   40.894367][ T8206]  ? d_path+0x16e/0x1d0
[   40.894786][ T8206]  ? mas_destroy+0x3af/0x7a0
[   40.895234][ T8206]  ? srso_return_thunk+0x5/0x5f
[   40.895701][ T8206]  build_id_parse_nofault+0x2f/0x40
[   40.896189][ T8206]  perf_event_mmap+0x513/0x5a0
[   40.896673][ T8206]  mmap_region+0x33e/0x1370
[   40.897135][ T8206]  do_mmap+0x813/0x9d0
[   40.897540][ T8206]  vm_mmap_pgoff+0xf9/0x1f0
[   40.898001][ T8206]  ksys_mmap_pgoff+0x237/0x2e0
[   40.898462][ T8206]  __x64_sys_mmap+0x7e/0xb0
[   40.898911][ T8206]  x64_sys_call+0x18be/0x20d0
[   40.899389][ T8206]  do_syscall_64+0x9e/0x1d0
[   40.899827][ T8206]  entry_SYSCALL_64_after_hwframe+0x77/0x7f
[   40.900401][ T8206] RIP: 0033:0x7f37d35311cd
[   40.900811][ T8206] Code: 28 c3 e8 46 1e 00 00 66 0f 1f 44 00 00 f3 0f 1e fa 48 89 f8 48 89 f7 48 89 d6 48 89 ca 4d 89 c2 4d 89 c8 4c 8b 4c 24 08 0f 05 <48> 3d 01 f0 ff ff 73 01 c3 48 c7 c1 b8 ff ff ff f7 d8 64 89 01 48
[   40.902499][ T8206] RSP: 002b:00007ffd2d369d78 EFLAGS: 00000246 ORIG_RAX: 0000000000000009
[   40.903256][ T8206] RAX: ffffffffffffffda RBX: 00007ffd2d369f88 RCX: 00007f37d35311cd
[   40.903970][ T8206] RDX: 0000000000000001 RSI: 0000000000003000 RDI: 0000000020ffa000
[   40.904683][ T8206] RBP: 0000000000000001 R08: 0000000000000004 R09: 000000005e0a6000
[   40.905395][ T8206] R10: 0000000000000011 R11: 0000000000000246 R12: 0000000000000001
[   40.906104][ T8206] R13: 00007ffd2d369f78 R14: 00007f37d35ae530 R15: 0000000000000001
[   40.906817][ T8206]  </TASK>
[   40.907104][ T8206] Modules linked in:
[   40.907478][ T8206] CR2: ffff88800f9d9000
[   40.907856][ T8206] ---[ end trace 0000000000000000 ]---
[   40.908352][ T8206] RIP: 0010:memcmp+0x32/0x50
[   40.908804][ T8206] Code: 06 48 39 07 75 17 48 83 c7 08 48 83 c6 08 48 83 ea 08 48 83 fa 07 77 e6 48 85 d2 74 20 31 c9 eb 09 48 83 c1 01 48 39 ca 74 0e <0f> b6 04 0f 44 0f b6 04 0e 44 29 c0 74 e9 e9 7b 20 03 00 31 c0 e9
[   40.910497][ T8206] RSP: 0018:ffff88800f7a3990 EFLAGS: 00010246
[   40.911049][ T8206] RAX: 0000000000000000 RBX: ffff88800f9d9000 RCX: 0000000000000000
[   40.911749][ T8206] RDX: 0000000000000004 RSI: ffffffff863584a0 RDI: ffff88800f9d9000
[   40.912453][ T8206] RBP: ffff88800f7a3a50 R08: ffff88800ea75fe4 R09: 0000000000000001
[   40.913150][ T8206] R10: 0000000000000012 R11: 000055556ed5dfff R12: 0000000000000000
[   40.913855][ T8206] R13: ffff88800f7a3b0c R14: 0000000000000000 R15: ffff88800ea75000
[   40.914564][ T8206] FS:  000055556ed3c3c0(0000) GS:ffff88807ee00000(0000) knlGS:0000000000000000
[   40.915356][ T8206] CS:  0010 DS: 0000 ES: 0000 CR0: 0000000080050033
[   40.915947][ T8206] CR2: ffff88800f9d9000 CR3: 000000000f35c000 CR4: 0000000000350ef0
[   40.916651][ T8206] Kernel panic - not syncing: Fatal exception
[   40.917508][ T8206] Kernel Offset: disabled
[   40.917899][ T8206] Rebooting in 86400 seconds..

VM DIAGNOSIS:
22:57:15  Registers:
info registers vcpu 0
RAX=ffff88803ea00000 RBX=ffffffff86a2a940 RCX=ffffffff812edb9f RDX=0000000000000000
RSI=0000000000000001 RDI=00000000003bbcfc RBP=ffffffff86a03e40 RSP=ffffffff86a03e40
R8 =0000000984174e32 R9 =0000000000000001 R10=0000000000000000 R11=0000000000000001
R12=0000000000000000 R13=0000000000000000 R14=0000000000000000 R15=0000000000000000
RIP=ffffffff8504dcf2 RFL=00000212 [----A--] CPL=0 II=0 A20=1 SMM=0 HLT=1
ES =0000 0000000000000000 00000000 00000000
CS =0010 0000000000000000 ffffffff 00a09b00 DPL=0 CS64 [-RA]
SS =0018 0000000000000000 ffffffff 00c09300 DPL=0 DS   [-WA]
DS =0000 0000000000000000 00000000 00000000
FS =0000 0000000000000000 00000000 00000000
GS =0000 ffff88803ea00000 00000000 00000000
LDT=0000 fffffe0000000000 00000000 00000000
TR =0040 fffffe0000003000 00004087 00008b00 DPL=0 TSS64-busy
GDT=     fffffe0000001000 0000007f
IDT=     fffffe0000000000 00000fff
CR0=80050033 CR2=00007f5b630f66f8 CR3=000000000e9b0000 CR4=00350ef0
DR0=0000000000000000 DR1=0000000000000000 DR2=0000000000000000 DR3=0000000000000000 
DR6=00000000ffff0ff0 DR7=0000000000000400
EFER=0000000000001d01
FCW=037f FSW=0000 [ST=0] FTW=00 MXCSR=00001f80
FPR0=0000000000000000 0000 FPR1=0000000000000000 0000
FPR2=0000000000000000 0000 FPR3=0000000000000000 0000
FPR4=0000000000000000 0000 FPR5=0000000000000000 0000
FPR6=0000000000000000 0000 FPR7=0000000000000000 0000
YMM00=0000000000000000 0000000000000000 0000000000000000 0000000000000000
YMM01=0000000000000000 0000000000000000 b623911e7e9b80c7 992b95c8524f844a
YMM02=0000000000000000 0000000000000000 5d73ae72a71e7ba0 cd6c0a9f1f4fb49b
YMM03=0000000000000000 0000000000000000 322fa5678284b281 a02a3c186feaa451
YMM04=0000000000000000 0000000000000000 0000000000000000 0000000000000000
YMM05=0000000000000000 0000000000000000 0000000000000000 0000000000000000
YMM06=0000000000000000 0000000000000000 0d0c0f0e09080b0a 0504070601000302
YMM07=0000000000000000 0000000000000000 0e0d0c0f0a09080b 0605040702010003
YMM08=0000000000000000 0000000000000000 636578655f6f6400 745f647074667300
YMM09=0000000000000000 0000000000000000 0000000000000000 0000000000000000
YMM10=0000000000000000 0000000000000000 0000000000000000 0000000000000000
YMM11=0000000000000000 0000000000000000 0000000000000000 0000000000000000
YMM12=0000000000000000 0000000000000000 0000000000000000 0000000000000000
YMM13=0000000000000000 0000000000000000 0000000000000000 0000000000000000
YMM14=0000000000000000 0000000000000000 0000000000000000 0000000000000000
YMM15=0000000000000000 0000000000000000 0000000000000000 0000000000000000
info registers vcpu 1
RAX=0000000000000031 RBX=0000000000000000 RCX=0000000000000000 RDX=00000000000003f8
RSI=ffffffff82a1d59a RDI=ffffffff880cbfc0 RBP=ffff88800f7a3438 RSP=ffff88800f7a3420
R8 =382e30342020205b R9 =205b5d3339373437 R10=0000000000000031 R11=205d363032385420
R12=ffffffff880cbfc0 R13=0000000000000031 R14=ffffffff87fb4b24 R15=0000000000000000
RIP=ffffffff82a1d5b1 RFL=00000002 [-------] CPL=0 II=0 A20=1 SMM=0 HLT=0
ES =0000 0000000000000000 00000000 00000000
CS =0010 0000000000000000 ffffffff 00a09b00 DPL=0 CS64 [-RA]
SS =0018 0000000000000000 ffffffff 00c09300 DPL=0 DS   [-WA]
DS =0000 0000000000000000 00000000 00000000
FS =0000 000055556ed3c3c0 00000000 00000000
GS =0000 ffff88807ee00000 00000000 00000000
LDT=0000 fffffe0000000000 00000000 00000000
TR =0040 fffffe000003e000 00004087 00008b00 DPL=0 TSS64-busy
GDT=     fffffe000003c000 0000007f
IDT=     fffffe0000000000 00000fff
CR0=80050033 CR2=ffff88800f9d9000 CR3=000000000f35c000 CR4=00350ef0
DR0=0000000000000000 DR1=0000000000000000 DR2=0000000000000000 DR3=0000000000000000 
DR6=00000000ffff0ff0 DR7=0000000000000400
EFER=0000000000001d01
FCW=037f FSW=0000 [ST=0] FTW=00 MXCSR=00001f80
FPR0=0000000000000000 0000 FPR1=0000000000000000 0000
FPR2=0000000000000000 0000 FPR3=0000000000000000 0000
FPR4=0000000000000000 0000 FPR5=0000000000000000 0000
FPR6=0000000000000000 0000 FPR7=0000000000000000 0000
YMM00=0000000000000000 0000000000000000 0000000000000000 0000000000000000
YMM01=0000000000000000 0000000000000000 0000000000000000 0000000000000000
YMM02=0000000000000000 0000000000000000 0000000000000000 0000000000000000
YMM03=0000000000000000 0000000000000000 0000000000000000 00000000000000ff
YMM04=0000000000000000 0000000000000000 2f2f2f2f2f2f2f2f 2f2f2f2f2f2f2f2f
YMM05=0000000000000000 0000000000000000 0000000000000000 00007f37d35ae510
YMM06=0000000000000000 0000000000000000 0000000000000000 0000000000000000
YMM07=0000000000000000 0000000000000000 0000000000000000 0000000000000000
YMM08=0000000000000000 0000000000000000 0000000000000000 0000000000000000
YMM09=0000000000000000 0000000000000000 0000000000000000 0000000000000000
YMM10=0000000000000000 0000000000000000 0000000000000000 0000000000000000
YMM11=0000000000000000 0000000000000000 0000000000000000 0000000000000000
YMM12=0000000000000000 0000000000000000 0000000000000000 0000000000000000
YMM13=0000000000000000 0000000000000000 0000000000000000 0000000000000000
YMM14=0000000000000000 0000000000000000 0000000000000000 0000000000000000
YMM15=0000000000000000 0000000000000000 0000000000000000 0000000000000000
