syzkaller login: [  145.148736][ T8219] sshd (8219) used greatest stack depth: 22048 bytes left
Warning: Permanently added '[localhost]:48018' (ED25519) to the list of known hosts.
executing program
[  166.278152][ T8264] loop0: detected capacity change from 0 to 4096
[  166.289425][ T8264] ntfs3: loop0: Different NTFS sector size (1024) and media sector size (512).
[  166.340411][ T8264] BUG: sleeping function called from invalid context at include/linux/sched/mm.h:337
[  166.341452][ T8264] in_atomic(): 0, irqs_disabled(): 0, non_block: 0, pid: 8264, name: syz-executor185
[  166.342353][ T8264] preempt_count: 0, expected: 0
[  166.342837][ T8264] RCU nest depth: 1, expected: 0
[  166.343424][ T8264] 1 lock held by syz-executor185/8264:
[  166.344225][ T8264]  #0: ffffffff8d7b92e0 (rcu_read_lock){....}-{1:2}, at: path_init+0x714/0x1af0
[  166.355391][ T8264] CPU: 0 UID: 0 PID: 8264 Comm: syz-executor185 Not tainted 6.11.0-rc6-00026-g88fac17500f4-dirty #1
[  166.356436][ T8264] Hardware name: QEMU Standard PC (i440FX + PIIX, 1996), BIOS 1.15.0-1 04/01/2014
[  166.357316][ T8264] Call Trace:
[  166.357656][ T8264]  <TASK>
[  166.357991][ T8264]  dump_stack_lvl+0x17c/0x1b0
[  166.358522][ T8264]  __might_resched+0x355/0x570
[  166.359100][ T8264]  kmem_cache_alloc_noprof+0x26f/0x2f0
[  166.359676][ T8264]  ? ntfs_d_hash+0x1b6/0x4c0
[  166.360190][ T8264]  ? srso_return_thunk+0x5/0x5f
[  166.360723][ T8264]  ntfs_d_hash+0x1b6/0x4c0
[  166.361237][ T8264]  link_path_walk.part.0.constprop.0+0x9df/0xd60
[  166.361926][ T8264]  path_openat+0x25b/0x28d0
[  166.362417][ T8264]  ? __pfx_path_openat+0x10/0x10
[  166.362931][ T8264]  ? __pfx___lock_acquire+0x10/0x10
[  166.363469][ T8264]  ? srso_return_thunk+0x5/0x5f
[  166.364001][ T8264]  ? find_held_lock+0x2d/0x120
[  166.364523][ T8264]  do_filp_open+0x1c3/0x410
[  166.365046][ T8264]  ? __pfx_do_filp_open+0x10/0x10
[  166.365564][ T8264]  ? srso_return_thunk+0x5/0x5f
[  166.366097][ T8264]  ? find_held_lock+0x2d/0x120
[  166.366624][ T8264]  ? do_raw_spin_lock+0x128/0x2b0
[  166.367158][ T8264]  ? __pfx_do_raw_spin_lock+0x10/0x10
[  166.367716][ T8264]  ? __check_object_size+0x490/0x720
[  166.368281][ T8264]  ? srso_return_thunk+0x5/0x5f
[  166.368885][ T8264]  ? _raw_spin_unlock+0x24/0x40
[  166.369412][ T8264]  ? srso_return_thunk+0x5/0x5f
[  166.369962][ T8264]  ? alloc_fd+0x2c7/0x730
[  166.370450][ T8264]  do_sys_openat2+0x164/0x1d0
[  166.370961][ T8264]  ? __pfx_do_sys_openat2+0x10/0x10
[  166.371510][ T8264]  ? srso_return_thunk+0x5/0x5f
[  166.372049][ T8264]  ? srso_return_thunk+0x5/0x5f
[  166.372576][ T8264]  ? kmem_cache_free+0x126/0x490
[  166.373114][ T8264]  __x64_sys_openat+0x13c/0x1f0
[  166.373636][ T8264]  ? __pfx___x64_sys_openat+0x10/0x10
[  166.374228][ T8264]  do_syscall_64+0x6e/0x1c0
[  166.374730][ T8264]  entry_SYSCALL_64_after_hwframe+0x76/0x7e
[  166.375418][ T8264] RIP: 0033:0x7f9ef0a672bd
[  166.375874][ T8264] Code: c3 e8 87 21 00 00 0f 1f 80 00 00 00 00 f3 0f 1e fa 48 89 f8 48 89 f7 48 89 d6 48 89 ca 4d 89 c2 4d 89 c8 4c 8b 4c 24 08 0f 05 <48> 3d 01 f0 ff ff 73 01 c3 48 c7 c1 b8 ff ff ff f7 d8 64 89 01 48
[  166.377700][ T8264] RSP: 002b:00007ffe1b489088 EFLAGS: 00000246 ORIG_RAX: 0000000000000101
[  166.378531][ T8264] RAX: ffffffffffffffda RBX: 0030656c69662f2e RCX: 00007f9ef0a672bd
[  166.379360][ T8264] RDX: 0000000000000000 RSI: 0000000020000540 RDI: 00000000ffffff9c
[  166.380210][ T8264] RBP: 0000000000000000 R08: 00000000000014d5 R09: 00007f9ef0b09700
[  166.381075][ T8264] R10: 0000000000000000 R11: 0000000000000246 R12: 0000000000000001
[  166.381913][ T8264] R13: 431bde82d7b634db R14: 00007ffe1b4890c0 R15: 0000000000000001
[  166.382776][ T8264]  </TASK>
executing program
executing program
executing program
executing program
executing program
executing program
executing program
executing program
executing program
executing program
executing program
executing program
executing program
executing program
executing program
executing program
executing program
executing program
executing program
executing program
executing program
executing program
executing program
executing program
executing program
executing program
executing program
executing program
executing program
executing program
executing program
executing program
executing program
executing program
executing program
executing program
executing program
executing program
executing program
executing program
executing program
executing program
executing program
executing program
executing program
executing program
executing program
executing program
executing program
executing program
executing program
executing program
executing program
executing program
executing program
executing program
executing program
executing program
executing program
executing program
executing program
executing program
executing program
executing program
executing program
executing program
executing program
executing program
executing program
executing program
executing program
executing program
executing program
executing program
executing program
executing program
executing program
executing program
executing program

VM DIAGNOSIS:
05:37:26  Registers:
info registers vcpu 0
RAX=000000000000005d RBX=00000000000003f8 RCX=0000000000000000 RDX=00000000000003f8
RSI=ffffffff84b45b21 RDI=ffffffff94871400 RBP=ffffffff948713c0 RSP=ffffc9000e4ff4f8
R8 =0000000000000000 R9 =ffffed1003789046 R10=0000000000000000 R11=0000000000000001
R12=0000000000000000 R13=000000000000005d R14=ffffffff84b45ac0 R15=0000000000000000
RIP=ffffffff84b45b4b RFL=00000002 [-------] CPL=0 II=0 A20=1 SMM=0 HLT=0
ES =0000 0000000000000000 00000000 00000000
CS =0010 0000000000000000 ffffffff 00a09b00 DPL=0 CS64 [-RA]
SS =0018 0000000000000000 ffffffff 00c09300 DPL=0 DS   [-WA]
DS =0000 0000000000000000 00000000 00000000
FS =0000 0000555582ccf3c0 00000000 00000000
GS =0000 ffff88802c600000 00000000 00000000
LDT=0000 fffffe0000000000 00000000 00000000
TR =0040 fffffe0000003000 00004087 00008b00 DPL=0 TSS64-busy
GDT=     fffffe0000001000 0000007f
IDT=     fffffe0000000000 00000fff
CR0=80050033 CR2=00007f9ef0aa65c0 CR3=00000000239f4000 CR4=00350ef0
DR0=0000000000000000 DR1=0000000000000000 DR2=0000000000000000 DR3=0000000000000000 
DR6=00000000ffff0ff0 DR7=0000000000000400
EFER=0000000000000d01
FCW=037f FSW=0000 [ST=0] FTW=00 MXCSR=00001f80
FPR0=0000000000000000 0000 FPR1=0000000000000000 0000
FPR2=0000000000000000 0000 FPR3=0000000000000000 0000
FPR4=0000000000000000 0000 FPR5=0000000000000000 0000
FPR6=0000000000000000 0000 FPR7=0000000000000000 0000
YMM00=0000000000000000 0000000000000000 00000000000f4240 0000000000000000
YMM01=0000000000000000 0000000000000000 0000000000000000 00000000000f4240
YMM02=0000000000000000 0000000000000000 0000000000ff0000 00000000000000ff
YMM03=0000000000000000 0000000000000000 00007ffe1b488f00 00007ffe1b488f00
YMM04=0000000000000000 0000000000000000 0000000000000000 00007ffe1b488f3f
YMM05=0000000000000000 0000000000000000 d4cc77cffeeeebbf f36db4b6bb5dae96
YMM06=0000000000000000 0000000000000000 e90cb6c6c33e96e8 f47fd5188cdb6d7e
YMM07=0000000000000000 0000000000000000 0000000000000000 0000000000000000
YMM08=0000000000000000 0000000000000000 36396f7369007265 6c6c616b7a797300
YMM09=0000000000000000 0000000000000000 0000000000000000 0000000000000000
YMM10=0000000000000000 0000000000000000 0000000000000000 0000000000000000
YMM11=0000000000000000 0000000000000000 0000000000000000 0000000000000000
YMM12=0000000000000000 0000000000000000 0000000000000000 0000000000000000
YMM13=0000000000000000 0000000000000000 0000000000000000 0000000000000000
YMM14=0000000000000000 0000000000000000 0000000000000000 0000000000000000
YMM15=0000000000000000 0000000000000000 0000000000000000 0000000000000000
info registers vcpu 1
RAX=000000695d45c947 RBX=0000000000000000 RCX=00000000000006e0 RDX=0000000000000069
RSI=ffff88807ec283c0 RDI=00000000000cde1c RBP=ffff88807ec283c0 RSP=ffffc900004d8ec0
R8 =0000000000000001 R9 =ffff88801be628d8 R10=0000000000000019 R11=0000000000000001
R12=00000000000cde1c R13=0000000000000000 R14=0000000000000019 R15=ffff88807ec2c9c0
RIP=ffffffff81396821 RFL=00000016 [----AP-] CPL=0 II=0 A20=1 SMM=0 HLT=0
ES =0000 0000000000000000 00000000 00000000
CS =0010 0000000000000000 ffffffff 00a09b00 DPL=0 CS64 [-RA]
SS =0018 0000000000000000 ffffffff 00c09300 DPL=0 DS   [-WA]
DS =0000 0000000000000000 00000000 00000000
FS =0000 00007f145f5988c0 00000000 00000000
GS =0000 ffff88807ec00000 00000000 00000000
LDT=0000 fffffe0000000000 00000000 00000000
TR =0040 fffffe000004a000 00004087 00008b00 DPL=0 TSS64-busy
GDT=     fffffe0000048000 0000007f
IDT=     fffffe0000000000 00000fff
CR0=80050033 CR2=000055c3a3bb9030 CR3=0000000021918000 CR4=00350ef0
DR0=0000000000000000 DR1=0000000000000000 DR2=0000000000000000 DR3=0000000000000000 
DR6=00000000ffff0ff0 DR7=0000000000000400
EFER=0000000000000d01
FCW=037f FSW=0000 [ST=0] FTW=00 MXCSR=00001f80
FPR0=0000000000000000 0000 FPR1=0000000000000000 0000
FPR2=0000000000000000 0000 FPR3=0000000000000000 0000
FPR4=0000000000000000 0000 FPR5=0000000000000000 0000
FPR6=0000000000000000 0000 FPR7=0000000000000000 0000
YMM00=0000000000000000 0000000000000000 e81256516f83b821 6830131a8e13640e
YMM01=0000000000000000 0000000000000000 d2f80fba86a9afae 9ca0ade3ab694e14
YMM02=0000000000000000 0000000000000000 36913666f260b711 c4bec120f8e56777
YMM03=0000000000000000 0000000000000000 0fa93e134f61c9f2 eb739cff9104dfa6
YMM04=0000000000000000 0000000000000000 0000000000000000 0000000080010000
YMM05=0000000000000000 0000000000000000 0000000000000000 ebd5580080010000
YMM06=0000000000000000 0000000000000000 0000000000000000 00000000ebd55800
YMM07=0000000000000000 0000000000000000 ebd5580080010000 8001000093664400
YMM08=0000000000000000 0000000000000000 d20000009e000000 1800000088000000
YMM09=0000000000000000 0000000000000000 0000000000000000 0000000000000000
YMM10=0000000000000000 0000000000000000 adfa160ad9c2f333 0ac9a7d5157207fc
YMM11=0000000000000000 0000000000000000 0e5e585c56980a18 6e756e45b28628a0
YMM12=0000000000000000 0000000000000000 0d0c0f0e09080b0a 0504070601000302
YMM13=0000000000000000 0000000000000000 0c0f0e0d080b0a09 0407060500030201
YMM14=0000000000000000 0000000000000000 0000000000000000 0000000000005700
YMM15=0000000000000000 0000000000000000 0000000000000000 0000000000000040
