Warning: Permanently added '[localhost]:22223' (ED25519) to the list of known hosts.
executing program
syzkaller login: [   42.497632][ T8198] loop0: detected capacity change from 0 to 1024
[   42.501266][ T8198] hfsplus: request for non-existent node 65536 in B*Tree
[   42.502079][ T8198] hfsplus: request for non-existent node 65536 in B*Tree
[   42.503970][ T8198] Oops: general protection fault, probably for non-canonical address 0x5086150a89232: 0000 [#1] PREEMPT SMP NOPTI
[   42.505324][ T8198] CPU: 1 UID: 0 PID: 8198 Comm: syz-executor397 Not tainted 6.12.0-rc1 #5
[   42.506437][ T8198] Hardware name: QEMU Standard PC (i440FX + PIIX, 1996), BIOS 1.15.0-1 04/01/2014
[   42.507820][ T8198] RIP: 0010:memcpy_orig+0x115/0x140
[   42.508661][ T8198] Code: 0f 1f 44 00 00 83 fa 04 72 1b 8b 0e 44 8b 44 16 fc 89 0f 44 89 44 17 fc e9 08 f2 00 00 0f 1f 84 00 00 00 00 00 83 ea 01 72 19 <0f> b6 0e 74 12 4c 0f b6 46 01 4c 0f b6 0c 16 44 88 47 01 44 88 0c
[   42.510821][ T8198] RSP: 0018:ffff88800edfba40 EFLAGS: 00010202
[   42.511561][ T8198] RAX: ffff88800edfba8a RBX: 0000000000000000 RCX: 0000000000000002
[   42.512476][ T8198] RDX: 0000000000000001 RSI: 0005086150a89232 RDI: ffff88800edfba8a
[   42.513400][ T8198] RBP: ffff88800edfba70 R08: 0000000000000032 R09: 0000000000000032
[   42.514320][ T8198] R10: 00000000000000ff R11: 7400740061007800 R12: ffff88800edfba8a
[   42.515241][ T8198] R13: 0000000000000002 R14: ffff88800dc1b208 R15: 00000000000000ff
[   42.516155][ T8198] FS:  0000555566d583c0(0000) GS:ffff88807ee00000(0000) knlGS:0000000000000000
[   42.517191][ T8198] CS:  0010 DS: 0000 ES: 0000 CR0: 0000000080050033
[   42.517965][ T8198] CR2: 00007f445169daa0 CR3: 000000000ecf6000 CR4: 0000000000350ef0
[   42.518895][ T8198] Call Trace:
[   42.519296][ T8198]  <TASK>
[   42.519656][ T8198]  ? show_regs+0x68/0x80
[   42.520232][ T8198]  ? die_addr+0x37/0x90
[   42.520771][ T8198]  ? exc_general_protection+0x31d/0x640
[   42.521476][ T8198]  ? asm_exc_general_protection+0x2b/0x30
[   42.522197][ T8198]  ? memcpy_orig+0x115/0x140
[   42.522766][ T8198]  ? hfsplus_bnode_read+0x7f/0xf0
[   42.523386][ T8198]  hfsplus_bnode_dump+0x15c/0x1b0
[   42.523929][ T8198]  hfsplus_brec_remove+0x1f5/0x230
[   42.524466][ T8198]  __hfsplus_delete_attr+0xfe/0x140
[   42.525019][ T8198]  hfsplus_delete_all_attrs+0x75/0x180
[   42.525596][ T8198]  hfsplus_delete_cat+0x309/0x460
[   42.526124][ T8198]  hfsplus_unlink+0xbe/0x2c0
[   42.526609][ T8198]  ? srso_return_thunk+0x5/0x5f
[   42.527121][ T8198]  ? inode_permission+0x94/0x320
[   42.527646][ T8198]  ? srso_return_thunk+0x5/0x5f
[   42.528164][ T8198]  ? make_vfsgid+0x84/0xb0
[   42.528646][ T8198]  hfsplus_rename+0x7d/0x110
[   42.529143][ T8198]  vfs_rename+0xaed/0xf30
[   42.529626][ T8198]  ? apparmor_path_rename+0xc5/0x2a0
[   42.530206][ T8198]  ? srso_return_thunk+0x5/0x5f
[   42.530710][ T8198]  ? __sanitizer_cov_trace_const_cmp4+0x1a/0x20
[   42.531384][ T8198]  ? srso_return_thunk+0x5/0x5f
[   42.531892][ T8198]  ? security_path_rename+0xca/0x2d0
[   42.532441][ T8198]  do_renameat2+0x887/0x8e0
[   42.532926][ T8198]  __x64_sys_rename+0x49/0x60
[   42.533417][ T8198]  x64_sys_call+0x1eac/0x20d0
[   42.533933][ T8198]  do_syscall_64+0x9e/0x1d0
[   42.534411][ T8198]  entry_SYSCALL_64_after_hwframe+0x77/0x7f
[   42.535040][ T8198] RIP: 0033:0x7fb4b9375afd
[   42.535494][ T8198] Code: c3 e8 f7 20 00 00 0f 1f 80 00 00 00 00 f3 0f 1e fa 48 89 f8 48 89 f7 48 89 d6 48 89 ca 4d 89 c2 4d 89 c8 4c 8b 4c 24 08 0f 05 <48> 3d 01 f0 ff ff 73 01 c3 48 c7 c1 b8 ff ff ff f7 d8 64 89 01 48
[   42.537332][ T8198] RSP: 002b:00007ffc0471f818 EFLAGS: 00000246 ORIG_RAX: 0000000000000052
[   42.538157][ T8198] RAX: ffffffffffffffda RBX: 0031656c69662f2e RCX: 00007fb4b9375afd
[   42.538934][ T8198] RDX: 00007fb4b9374b9b RSI: 00000000200000c0 RDI: 0000000020000000
[   42.539703][ T8198] RBP: 0000000000000001 R08: 00000000000005ca R09: 0000000000000000
[   42.540469][ T8198] R10: 00007ffc0471f6d0 R11: 0000000000000246 R12: 0000000000000001
[   42.541245][ T8198] R13: 00007ffc0471fa18 R14: 00007fb4b93f4530 R15: 0000000000000001
[   42.542020][ T8198]  </TASK>
[   42.542331][ T8198] Modules linked in:
[   42.542861][ T8198] ---[ end trace 0000000000000000 ]---
[   42.543400][ T8198] RIP: 0010:memcpy_orig+0x115/0x140
[   42.543949][ T8198] Code: 0f 1f 44 00 00 83 fa 04 72 1b 8b 0e 44 8b 44 16 fc 89 0f 44 89 44 17 fc e9 08 f2 00 00 0f 1f 84 00 00 00 00 00 83 ea 01 72 19 <0f> b6 0e 74 12 4c 0f b6 46 01 4c 0f b6 0c 16 44 88 47 01 44 88 0c
[   42.545749][ T8198] RSP: 0018:ffff88800edfba40 EFLAGS: 00010202
[   42.546360][ T8198] RAX: ffff88800edfba8a RBX: 0000000000000000 RCX: 0000000000000002
[   42.547127][ T8198] RDX: 0000000000000001 RSI: 0005086150a89232 RDI: ffff88800edfba8a
[   42.547898][ T8198] RBP: ffff88800edfba70 R08: 0000000000000032 R09: 0000000000000032
[   42.548673][ T8198] R10: 00000000000000ff R11: 7400740061007800 R12: ffff88800edfba8a
[   42.549442][ T8198] R13: 0000000000000002 R14: ffff88800dc1b208 R15: 00000000000000ff
[   42.550396][ T8198] FS:  0000555566d583c0(0000) GS:ffff88807ee00000(0000) knlGS:0000000000000000
[   42.551417][ T8198] CS:  0010 DS: 0000 ES: 0000 CR0: 0000000080050033
[   42.552184][ T8198] CR2: 00007f445169daa0 CR3: 000000000ecf6000 CR4: 0000000000350ef0
[   42.553096][ T8198] Kernel panic - not syncing: Fatal exception
[   42.554051][ T8198] Kernel Offset: disabled
[   42.554489][ T8198] Rebooting in 86400 seconds..

VM DIAGNOSIS:
21:29:44  Registers:
info registers vcpu 0
RAX=0000000000000000 RBX=0000000000000073 RCX=ffffffff8502cba6 RDX=ffff88800ec4d500
RSI=0000000000000000 RDI=0000000000000001 RBP=ffff88800e79f8a8 RSP=ffff88800e79f868
R8 =0000000000000000 R9 =0000000000000000 R10=0000000000000001 R11=0000000000000000
R12=ffff88800e79f8e0 R13=0000000000000001 R14=ffffffff86365de4 R15=ffffffff86365de3
RIP=ffffffff8134ec2f RFL=00000293 [--S-A-C] CPL=0 II=0 A20=1 SMM=0 HLT=0
ES =0000 0000000000000000 00000000 00000000
CS =0010 0000000000000000 ffffffff 00a09b00 DPL=0 CS64 [-RA]
SS =0018 0000000000000000 ffffffff 00c09300 DPL=0 DS   [-WA]
DS =0000 0000000000000000 00000000 00000000
FS =0000 00007f67d253b8c0 00000000 00000000
GS =0000 ffff88803ea00000 00000000 00000000
LDT=0000 fffffe0000000000 00000000 00000000
TR =0040 fffffe0000003000 00004087 00008b00 DPL=0 TSS64-busy
GDT=     fffffe0000001000 0000007f
IDT=     fffffe0000000000 00000fff
CR0=80050033 CR2=000055c30b315201 CR3=000000000ea9a000 CR4=00350ef0
DR0=0000000000000000 DR1=0000000000000000 DR2=0000000000000000 DR3=0000000000000000 
DR6=00000000ffff0ff0 DR7=0000000000000400
EFER=0000000000001d01
FCW=037f FSW=0000 [ST=0] FTW=00 MXCSR=00001f80
FPR0=0000000000000000 0000 FPR1=0000000000000000 0000
FPR2=0000000000000000 0000 FPR3=0000000000000000 0000
FPR4=0000000000000000 0000 FPR5=0000000000000000 0000
FPR6=0000000000000000 0000 FPR7=0000000000000000 0000
YMM00=0000000000000000 0000000000000000 0000000000000000 0000000000000000
YMM01=0000000000000000 0000000000000000 ffffffffffffff00 ffff000000000000
YMM02=0000000000000000 0000000000000000 7269762f73656369 7665642f7379732f
YMM03=0000000000000000 0000000000000000 6c622f6c61757472 69762f7365636976
YMM04=0000000000000000 0000000000000000 2f2f2f2f2f2f2f2f 2f2f2f2f2f2f2f2f
YMM05=0000000000000000 0000000000000000 0000564415506ed0 000056441555bde0
YMM06=0000000000000000 0000000000000000 000056441561d820 00000004ffffffff
YMM07=0000000000000000 0000000000000000 0000000000000000 0000000000000000
YMM08=0000000000000000 0000000000000000 3a212d2b007b3d0d 0a0920002c0d0a09
YMM09=0000000000000000 0000000000000000 0000000000000000 0000000000000000
YMM10=0000000000000000 0000000000000000 0000000000000000 0000000000000000
YMM11=0000000000000000 0000000000000000 0000000000000000 0000000000000000
YMM12=0000000000000000 0000000000000000 0000000000000000 0000000000000000
YMM13=0000000000000000 0000000000000000 0000000000000000 0000000000000000
YMM14=0000000000000000 0000000000000000 0000000000000000 0000000000000000
YMM15=0000000000000000 0000000000000000 0000000000000000 0000000000000000
info registers vcpu 1
RAX=0000000000000037 RBX=0000000000000000 RCX=0000000000000000 RDX=00000000000003f8
RSI=ffffffff82a1d59a RDI=ffffffff880cbfc0 RBP=ffff88800edfb588 RSP=ffff88800edfb570
R8 =352e32342020205b R9 =205b5d3032383730 R10=0000000000000037 R11=205d383931385420
R12=ffffffff880cbfc0 R13=0000000000000037 R14=ffffffff87fb4aea R15=0000000000000000
RIP=ffffffff82a1d5b1 RFL=00000002 [-------] CPL=0 II=0 A20=1 SMM=0 HLT=0
ES =0000 0000000000000000 00000000 00000000
CS =0010 0000000000000000 ffffffff 00a09b00 DPL=0 CS64 [-RA]
SS =0018 0000000000000000 ffffffff 00c09300 DPL=0 DS   [-WA]
DS =0000 0000000000000000 00000000 00000000
FS =0000 0000555566d583c0 00000000 00000000
GS =0000 ffff88807ee00000 00000000 00000000
LDT=0000 fffffe0000000000 00000000 00000000
TR =0040 fffffe000003e000 00004087 00008b00 DPL=0 TSS64-busy
GDT=     fffffe000003c000 0000007f
IDT=     fffffe0000000000 00000fff
CR0=80050033 CR2=00007f445169daa0 CR3=000000000ecf6000 CR4=00350ef0
DR0=0000000000000000 DR1=0000000000000000 DR2=0000000000000000 DR3=0000000000000000 
DR6=00000000ffff0ff0 DR7=0000000000000400
EFER=0000000000001d01
FCW=037f FSW=0000 [ST=0] FTW=00 MXCSR=00001f80
FPR0=0000000000000000 0000 FPR1=0000000000000000 0000
FPR2=0000000000000000 0000 FPR3=0000000000000000 0000
FPR4=0000000000000000 0000 FPR5=0000000000000000 0000
FPR6=0000000000000000 0000 FPR7=0000000000000000 0000
YMM00=0000000000000000 0000000000000000 ffffffffffffffff ffffffffff0000ff
YMM01=0000000000000000 0000000000000000 0000000000000000 0073756c70736668
YMM02=0000000000000000 0000000000000000 0000000000000000 0000000000000000
YMM03=0000000000000000 0000000000000000 556851d0207963e7 70bcecfbab40e600
YMM04=0000000000000000 0000000000000000 0000000000000000 00007ffc0471f6cf
YMM05=0000000000000000 0000000000000000 0000000000000000 00007fb4b93f4510
YMM06=0000000000000000 0000000000000000 0000000000000000 0000000000000000
YMM07=0000000000000000 0000000000000000 0000000000000000 0000000000000000
YMM08=0000000000000000 0000000000000000 36396f7369007265 6c6c616b7a797300
YMM09=0000000000000000 0000000000000000 0000000000000000 0000000000000000
YMM10=0000000000000000 0000000000000000 0000000000000000 0000000000000000
YMM11=0000000000000000 0000000000000000 0000000000000000 0000000000000000
YMM12=0000000000000000 0000000000000000 0000000000000000 0000000000000000
YMM13=0000000000000000 0000000000000000 0000000000000000 0000000000000000
YMM14=0000000000000000 0000000000000000 0000000000000000 0000000000000000
YMM15=0000000000000000 0000000000000000 0000000000000000 0000000000000000
