Warning: Permanently added '[localhost]:42620' (ED25519) to the list of known hosts.
executing program
[   42.298372][ T8239] FAULT_INJECTION: forcing a failure.
[   42.298372][ T8239] name failslab, interval 1, probability 0, space 0, times 1
[   42.299977][ T8239] CPU: 0 UID: 0 PID: 8239 Comm: syz-executor184 Not tainted 6.12.0-rc1 #5
[   42.300941][ T8239] Hardware name: QEMU Standard PC (i440FX + PIIX, 1996), BIOS 1.15.0-1 04/01/2014
[   42.301972][ T8239] Call Trace:
[   42.302388][ T8239]  <TASK>
[   42.302743][ T8239]  dump_stack_lvl+0xba/0xf0
[   42.303332][ T8239]  dump_stack+0x19/0x20
[   42.303850][ T8239]  should_fail_ex+0x13a/0x140
[   42.304454][ T8239]  should_failslab+0x48/0x70
[   42.305020][ T8239]  kmem_cache_alloc_noprof+0x41/0x2a0
[   42.305699][ T8239]  mas_alloc_nodes+0xe9/0x3c0
[   42.306280][ T8239]  ? write_comp_data+0x80/0x90
[   42.306916][ T8239]  mas_node_count_gfp+0xae/0xd0
[   42.307511][ T8239]  mas_preallocate+0x1eb/0x490
[   42.308101][ T8239]  mmap_region+0xb81/0x1370
[   42.308649][ T8239]  ? __sanitizer_cov_trace_const_cmp8+0x1c/0x30
[   42.309430][ T8239]  do_mmap+0x813/0x9d0
[   42.309935][ T8239]  vm_mmap_pgoff+0xf9/0x1f0
[   42.310536][ T8239]  ksys_mmap_pgoff+0x237/0x2e0
[   42.311118][ T8239]  __x64_sys_mmap+0x7e/0xb0
[   42.311706][ T8239]  x64_sys_call+0x18be/0x20d0
[   42.312299][ T8239]  do_syscall_64+0x9e/0x1d0
[   42.312870][ T8239]  entry_SYSCALL_64_after_hwframe+0x77/0x7f
[   42.313609][ T8239] RIP: 0033:0x7f7b6051c9ad
[   42.314145][ T8239] Code: c3 e8 b7 22 00 00 0f 1f 80 00 00 00 00 f3 0f 1e fa 48 89 f8 48 89 f7 48 89 d6 48 89 ca 4d 89 c2 4d 89 c8 4c 8b 4c 24 08 0f 05 <48> 3d 01 f0 ff ff 73 01 c3 48 c7 c1 b0 ff ff ff f7 d8 64 89 01 48
[   42.316296][ T8239] RSP: 002b:00007f7b604c0168 EFLAGS: 00000246 ORIG_RAX: 0000000000000009
[   42.317270][ T8239] RAX: ffffffffffffffda RBX: 00007f7b605b72c0 RCX: 00007f7b6051c9ad
[   42.318179][ T8239] RDX: 0000000000000001 RSI: 0000000000c00000 RDI: 0000000020000000
[   42.319084][ T8239] RBP: 00007f7b605b72cc R08: 0000000000000003 R09: 0000000000000000
[   42.319994][ T8239] R10: 0000000000000011 R11: 0000000000000246 R12: 00007f7b604c0180
[   42.320889][ T8239] R13: 00007f7b605b72c8 R14: 00007f7b6058201d R15: 0000000000000002
[   42.321800][ T8239]  </TASK>
[   42.324934][ T1139] ------------[ cut here ]------------
[   42.326004][ T1139] kernel BUG at drivers/android/binder_alloc.c:897!
[   42.327594][ T1139] Oops: invalid opcode: 0000 [#1] PREEMPT SMP NOPTI
[   42.329015][ T1139] CPU: 1 UID: 0 PID: 1139 Comm: kworker/1:2 Not tainted 6.12.0-rc1 #5
[   42.331265][ T1139] Hardware name: QEMU Standard PC (i440FX + PIIX, 1996), BIOS 1.15.0-1 04/01/2014
[   42.333001][ T1139] Workqueue: events binder_deferred_func
[   42.334174][ T1139] RIP: 0010:binder_alloc_deferred_release+0x3cc/0x3e0
[   42.335566][ T1139] Code: 18 fd 8b 53 58 44 89 e9 48 c7 c6 b0 50 94 85 44 8b 45 d0 48 c7 c7 40 52 65 86 e8 6f f5 0a fd e9 7c ff ff ff e8 e5 7b 18 fd 90 <0f> 0b e8 dd 7b 18 fd 4c 89 e7 e8 35 ad ff fc e9 43 ff ff ff 90 90
[   42.339172][ T1139] RSP: 0018:ffff888041e97d28 EFLAGS: 00010293
[   42.340379][ T1139] RAX: 0000000000000000 RBX: ffff88800e66a9e8 RCX: ffffffff841b7794
[   42.341880][ T1139] RDX: ffff888041ed0000 RSI: ffffffff841c6e1b RDI: ffff88800e66a9e8
[   42.343395][ T1139] RBP: ffff888041e97d60 R08: 0000000000000000 R09: 0000000000000000
[   42.344914][ T1139] R10: 0000000000000002 R11: 0000000000000020 R12: ffff88800e66a800
[   42.346431][ T1139] R13: ffff88800f6d9300 R14: ffff88800f6d93a0 R15: 0000000000000000
[   42.347957][ T1139] FS:  0000000000000000(0000) GS:ffff88807ee00000(0000) knlGS:0000000000000000
[   42.349672][ T1139] CS:  0010 DS: 0000 ES: 0000 CR0: 0000000080050033
[   42.350954][ T1139] CR2: 000055558ed7bd68 CR3: 000000001789c000 CR4: 0000000000350ef0
[   42.352333][ T1139] Call Trace:
[   42.352908][ T1139]  <TASK>
[   42.353434][ T1139]  ? show_regs+0x68/0x80
[   42.354221][ T1139]  ? die+0x37/0x90
[   42.354940][ T1139]  ? do_trap+0x13b/0x160
[   42.355729][ T1139]  ? do_error_trap+0xaf/0xf0
[   42.356458][ T1139]  ? binder_alloc_deferred_release+0x3cc/0x3e0
[   42.357088][ T1139]  ? exc_invalid_op+0x87/0xb0
[   42.357591][ T1139]  ? binder_alloc_deferred_release+0x3cc/0x3e0
[   42.358222][ T1139]  ? asm_exc_invalid_op+0x1f/0x30
[   42.358753][ T1139]  ? binder_proc_dec_tmpref+0x184/0x2d0
[   42.359323][ T1139]  ? binder_alloc_deferred_release+0x3cb/0x3e0
[   42.359948][ T1139]  ? binder_alloc_deferred_release+0x3cc/0x3e0
[   42.360583][ T1139]  ? binder_alloc_deferred_release+0x3cb/0x3e0
[   42.361208][ T1139]  ? __sanitizer_cov_trace_const_cmp4+0x1a/0x20
[   42.361858][ T1139]  binder_proc_dec_tmpref+0x1be/0x2d0
[   42.362417][ T1139]  binder_deferred_func+0x908/0x950
[   42.362955][ T1139]  ? __schedule+0x3dc/0x1220
[   42.363450][ T1139]  ? srso_return_thunk+0x5/0x5f
[   42.363952][ T1139]  process_one_work+0x237/0x5c0
[   42.364475][ T1139]  ? srso_return_thunk+0x5/0x5f
[   42.364971][ T1139]  worker_thread+0x3c6/0x5f0
[   42.365475][ T1139]  ? __pfx_worker_thread+0x10/0x10
[   42.366016][ T1139]  kthread+0x11d/0x160
[   42.366450][ T1139]  ? __pfx_kthread+0x10/0x10
[   42.366929][ T1139]  ret_from_fork+0x54/0x60
[   42.367421][ T1139]  ? __pfx_kthread+0x10/0x10
[   42.367924][ T1139]  ret_from_fork_asm+0x1a/0x30
[   42.368482][ T1139]  </TASK>
[   42.368796][ T1139] Modules linked in:
[   42.369292][ T1139] ---[ end trace 0000000000000000 ]---
[   42.369838][ T1139] RIP: 0010:binder_alloc_deferred_release+0x3cc/0x3e0
[   42.370535][ T1139] Code: 18 fd 8b 53 58 44 89 e9 48 c7 c6 b0 50 94 85 44 8b 45 d0 48 c7 c7 40 52 65 86 e8 6f f5 0a fd e9 7c ff ff ff e8 e5 7b 18 fd 90 <0f> 0b e8 dd 7b 18 fd 4c 89 e7 e8 35 ad ff fc e9 43 ff ff ff 90 90
[   42.372350][ T1139] RSP: 0018:ffff888041e97d28 EFLAGS: 00010293
[   42.372947][ T1139] RAX: 0000000000000000 RBX: ffff88800e66a9e8 RCX: ffffffff841b7794
[   42.373708][ T1139] RDX: ffff888041ed0000 RSI: ffffffff841c6e1b RDI: ffff88800e66a9e8
[   42.374473][ T1139] RBP: ffff888041e97d60 R08: 0000000000000000 R09: 0000000000000000
[   42.375233][ T1139] R10: 0000000000000002 R11: 0000000000000020 R12: ffff88800e66a800
[   42.375999][ T1139] R13: ffff88800f6d9300 R14: ffff88800f6d93a0 R15: 0000000000000000
[   42.376767][ T1139] FS:  0000000000000000(0000) GS:ffff88807ee00000(0000) knlGS:0000000000000000
[   42.377635][ T1139] CS:  0010 DS: 0000 ES: 0000 CR0: 0000000080050033
[   42.378272][ T1139] CR2: 000055558ed7bd68 CR3: 0000000006a60000 CR4: 0000000000350ef0
[   42.379032][ T1139] Kernel panic - not syncing: Fatal exception
[   42.379887][ T1139] Kernel Offset: disabled
[   42.380320][ T1139] Rebooting in 86400 seconds..

VM DIAGNOSIS:
21:54:37  Registers:
info registers vcpu 0
RAX=0000000000000000 RBX=0000000000000001 RCX=ffffffff812feca7 RDX=ffff88800b04d500
RSI=0000000000000000 RDI=0000000000000005 RBP=ffff8880168ffae8 RSP=ffff8880168ffa60
R8 =0000000000000000 R9 =0000000000000026 R10=0000000000000001 R11=0000000000000000
R12=ffff88807ee35100 R13=ffff88803ea31580 R14=0000000000000001 R15=0000000000000001
RIP=ffffffff8505cbc0 RFL=00000293 [--S-A-C] CPL=0 II=0 A20=1 SMM=0 HLT=0
ES =0000 0000000000000000 00000000 00000000
CS =0010 0000000000000000 ffffffff 00a09b00 DPL=0 CS64 [-RA]
SS =0018 0000000000000000 ffffffff 00c09300 DPL=0 DS   [-WA]
DS =0000 0000000000000000 00000000 00000000
FS =0000 0000000000000000 00000000 00000000
GS =0000 ffff88803ea00000 00000000 00000000
LDT=0000 fffffe0000000000 00000000 00000000
TR =0040 fffffe0000003000 00004087 00008b00 DPL=0 TSS64-busy
GDT=     fffffe0000001000 0000007f
IDT=     fffffe0000000000 00000fff
CR0=80050033 CR2=00007f7b60581ae0 CR3=0000000006a60000 CR4=00350ef0
DR0=0000000000000000 DR1=0000000000000000 DR2=0000000000000000 DR3=0000000000000000 
DR6=00000000ffff0ff0 DR7=0000000000000400
EFER=0000000000001d01
FCW=037f FSW=0000 [ST=0] FTW=00 MXCSR=00001f80
FPR0=0000000000000000 0000 FPR1=0000000000000000 0000
FPR2=0000000000000000 0000 FPR3=0000000000000000 0000
FPR4=0000000000000000 0000 FPR5=0000000000000000 0000
FPR6=0000000000000000 0000 FPR7=0000000000000000 0000
YMM00=0000000000000000 0000000000000000 0000000000989680 0000000000000000
YMM01=0000000000000000 0000000000000000 0000000000000000 0000000000989680
YMM02=0000000000000000 0000000000000000 00007f7b605bcd00 00007f7b605bcd00
YMM03=0000000000000000 0000000000000000 00007ffe26f196c0 00007ffe26f196c0
YMM04=0000000000000000 0000000000000000 0000000000000000 00007ffe26f19abf
YMM05=0000000000000000 0000000000000000 0000000000000000 00007f7b605b1368
YMM06=0000000000000000 0000000000000000 0000000000000000 0000000000000000
YMM07=0000000000000000 0000000000000000 0000000000000000 0000000000000000
YMM08=0000000000000000 0000000000000000 7379732f636f7270 2f00303030303031
YMM09=0000000000000000 0000000000000000 0000000000000000 0000000000000000
YMM10=0000000000000000 0000000000000000 0000000000000000 0000000000000000
YMM11=0000000000000000 0000000000000000 0000000000000000 0000000000000000
YMM12=0000000000000000 0000000000000000 0000000000000000 0000000000000000
YMM13=0000000000000000 0000000000000000 0000000000000000 0000000000000000
YMM14=0000000000000000 0000000000000000 0000000000000000 0000000000000000
YMM15=0000000000000000 0000000000000000 0000000000000000 0000000000000000
info registers vcpu 1
RAX=0000000000000044 RBX=0000000000000000 RCX=0000000000000000 RDX=00000000000003f8
RSI=ffffffff82a1d59a RDI=ffffffff880cbfc0 RBP=ffff888041e97868 RSP=ffff888041e97850
R8 =332e32342020205b R9 =205b5d3531303932 R10=0000000000000044 R11=205d393331315420
R12=ffffffff880cbfc0 R13=0000000000000044 R14=ffffffff87fb4b01 R15=0000000000000000
RIP=ffffffff82a1d5b1 RFL=00000002 [-------] CPL=0 II=0 A20=1 SMM=0 HLT=0
ES =0000 0000000000000000 00000000 00000000
CS =0010 0000000000000000 ffffffff 00a09b00 DPL=0 CS64 [-RA]
SS =0018 0000000000000000 ffffffff 00c09300 DPL=0 DS   [-WA]
DS =0000 0000000000000000 00000000 00000000
FS =0000 0000000000000000 00000000 00000000
GS =0000 ffff88807ee00000 00000000 00000000
LDT=0000 fffffe0000000000 00000000 00000000
TR =0040 fffffe000003e000 00004087 00008b00 DPL=0 TSS64-busy
GDT=     fffffe000003c000 0000007f
IDT=     fffffe0000000000 00000fff
CR0=80050033 CR2=000055558ed7bd68 CR3=000000001789c000 CR4=00350ef0
DR0=0000000000000000 DR1=0000000000000000 DR2=0000000000000000 DR3=0000000000000000 
DR6=00000000ffff0ff0 DR7=0000000000000400
EFER=0000000000001d01
FCW=037f FSW=0000 [ST=0] FTW=00 MXCSR=00001f80
FPR0=0000000000000000 0000 FPR1=0000000000000000 0000
FPR2=0000000000000000 0000 FPR3=0000000000000000 0000
FPR4=0000000000000000 0000 FPR5=0000000000000000 0000
FPR6=0000000000000000 0000 FPR7=0000000000000000 0000
YMM00=0000000000000000 0000000000000000 0000000000020280 00007f7b604a0000
YMM01=0000000000000000 0000000000000000 0000000000000000 0000000000000000
YMM02=0000000000000000 0000000000000000 00007ffe26f19c40 00007ffe26f19ce0
YMM03=0000000000000000 0000000000000000 5c048995ec4c0400 00007ffe26f19c38
YMM04=0000000000000000 0000000000000000 000055558ed7b3c0 0000000000000000
YMM05=0000000000000000 0000000000000000 0000000001a0c23d 00007ffe26f19b74
YMM06=0000000000000000 0000000000000000 000055558ed7c0a8 0000000000000000
YMM07=0000000000000000 0000000000000000 0000000000000000 00007f7b60588142
YMM08=0000000000000000 0000000000000000 2f666c65732f636f 72702f0030303031
YMM09=0000000000000000 0000000000000000 0000000000000000 0000000000000000
YMM10=0000000000000000 0000000000000000 0000000000000000 0000000000000000
YMM11=0000000000000000 0000000000000000 0000000000000000 0000000000000000
YMM12=0000000000000000 0000000000000000 0000000000000000 0000000000000000
YMM13=0000000000000000 0000000000000000 0000000000000000 0000000000000000
YMM14=0000000000000000 0000000000000000 0000000000000000 0000000000000000
YMM15=0000000000000000 0000000000000000 0000000000000000 0000000000000000
