Warning: Permanently added '[localhost]:43244' (ED25519) to the list of known hosts.
[   75.148550][   T59] audit: type=1400 audit(1732687114.263:14): avc:  denied  { execmem } for  pid=9601 comm="syz-executor406" scontext=unconfined_u:unconfined_r:unconfined_t:s0-s0:c0.c1023 tcontext=unconfined_u:unconfined_r:unconfined_t:s0-s0:c0.c1023 tclass=process permissive=1
executing program
[   75.497776][ T9602] loop0: detected capacity change from 0 to 32768
[   75.519629][ T9602] ------------[ cut here ]------------
[   75.520379][ T9602] UBSAN: shift-out-of-bounds in fs/jfs/super.c:140:14
[   75.521248][ T9602] shift exponent 50331650 is too large for 64-bit type 'long long int'
[   75.522267][ T9602] CPU: 5 UID: 0 PID: 9602 Comm: syz-executor406 Not tainted 6.12.0-07749-g28eb75e178d3 #1
[   75.524010][ T9602] Hardware name: QEMU Standard PC (i440FX + PIIX, 1996), BIOS 1.15.0-1 04/01/2014
[   75.525461][ T9602] Call Trace:
[   75.526051][ T9602]  <TASK>
[   75.526515][ T9602]  dump_stack_lvl+0x180/0x1b0
[   75.527446][ T9602]  __ubsan_handle_shift_out_of_bounds+0x24a/0x430
[   75.528702][ T9602]  ? selinux_sb_statfs+0x1b0/0x240
[   75.529636][ T9602]  ? __pfx_selinux_sb_statfs+0x10/0x10
[   75.530449][ T9602]  ? __x86_indirect_jump_thunk_r12+0xa/0x20
[   75.531331][ T9602]  ? putname.part.0+0x105/0x150
[   75.532003][ T9602]  jfs_statfs.cold+0x17/0x1c
[   75.532627][ T9602]  statfs_by_dentry+0x138/0x220
[   75.533296][ T9602]  user_statfs+0xaa/0x170
[   75.533883][ T9602]  ? __pfx_user_statfs+0x10/0x10
[   75.534556][ T9602]  ? do_user_addr_fault+0xd51/0x13a0
[   75.535345][ T9602]  ? srso_return_thunk+0x5/0x5f
[   75.536129][ T9602]  ? reacquire_held_locks+0x216/0x4f0
[   75.536847][ T9602]  ? do_user_addr_fault+0xd51/0x13a0
[   75.537558][ T9602]  __do_sys_statfs+0x8b/0x150
[   75.538196][ T9602]  ? __pfx___do_sys_statfs+0x10/0x10
[   75.538904][ T9602]  ? srso_return_thunk+0x5/0x5f
[   75.539580][ T9602]  ? srso_return_thunk+0x5/0x5f
[   75.540236][ T9602]  ? lock_acquire+0x32/0xc0
[   75.540853][ T9602]  ? do_syscall_64+0x91/0x250
[   75.541490][ T9602]  do_syscall_64+0xcb/0x250
[   75.542104][ T9602]  entry_SYSCALL_64_after_hwframe+0x77/0x7f
[   75.542869][ T9602] RIP: 0033:0x7f083811007d
[   75.543460][ T9602] Code: c3 e8 87 21 00 00 0f 1f 80 00 00 00 00 f3 0f 1e fa 48 89 f8 48 89 f7 48 89 d6 48 89 ca 4d 89 c2 4d 89 c8 4c 8b 4c 24 08 0f 05 <48> 3d 01 f0 ff ff 73 01 c3 48 c7 c1 b8 ff ff ff f7 d8 64 89 01 48
[   75.545963][ T9602] RSP: 002b:00007ffe767ff618 EFLAGS: 00000246 ORIG_RAX: 0000000000000089
[   75.547035][ T9602] RAX: ffffffffffffffda RBX: 0030656c69662f2e RCX: 00007f083811007d
[   75.548037][ T9602] RDX: 00007f083810f07b RSI: 0000000000000000 RDI: 0000000020000040
[   75.549051][ T9602] RBP: 0000000000000000 R08: 0000000000005d29 R09: 00007f0838197700
[   75.550057][ T9602] R10: 00007ffe767ff4d0 R11: 0000000000000246 R12: 0000000000000001
[   75.551084][ T9602] R13: 431bde82d7b634db R14: 00007ffe767ff650 R15: 0000000000000001
[   75.552141][ T9602]  </TASK>
[   75.552662][ T9602] ---[ end trace ]---
[   75.553385][ T9602] Kernel panic - not syncing: UBSAN: panic_on_warn set ...
[   75.554385][ T9602] CPU: 5 UID: 0 PID: 9602 Comm: syz-executor406 Not tainted 6.12.0-07749-g28eb75e178d3 #1
[   75.555827][ T9602] Hardware name: QEMU Standard PC (i440FX + PIIX, 1996), BIOS 1.15.0-1 04/01/2014
[   75.557205][ T9602] Call Trace:
[   75.557642][ T9602]  <TASK>
[   75.558047][ T9602]  dump_stack_lvl+0x3d/0x1b0
[   75.558665][ T9602]  panic+0x6fd/0x7b0
[   75.559224][ T9602]  ? __pfx_panic+0x10/0x10
[   75.559838][ T9602]  ? srso_return_thunk+0x5/0x5f
[   75.560509][ T9602]  ? __pfx__printk+0x10/0x10
[   75.561144][ T9602]  ? check_panic_on_warn+0x1f/0xc0
[   75.561826][ T9602]  check_panic_on_warn+0xb1/0xc0
[   75.562495][ T9602]  __ubsan_handle_shift_out_of_bounds+0x271/0x430
[   75.563399][ T9602]  ? selinux_sb_statfs+0x1b0/0x240
[   75.564088][ T9602]  ? __pfx_selinux_sb_statfs+0x10/0x10
[   75.564810][ T9602]  ? __x86_indirect_jump_thunk_r12+0xa/0x20
[   75.565701][ T9602]  ? putname.part.0+0x105/0x150
[   75.566542][ T9602]  jfs_statfs.cold+0x17/0x1c
[   75.567185][ T9602]  statfs_by_dentry+0x138/0x220
[   75.567838][ T9602]  user_statfs+0xaa/0x170
[   75.568520][ T9602]  ? __pfx_user_statfs+0x10/0x10
[   75.569309][ T9602]  ? do_user_addr_fault+0xd51/0x13a0
[   75.570152][ T9602]  ? srso_return_thunk+0x5/0x5f
[   75.571106][ T9602]  ? reacquire_held_locks+0x216/0x4f0
[   75.571859][ T9602]  ? do_user_addr_fault+0xd51/0x13a0
[   75.572697][ T9602]  __do_sys_statfs+0x8b/0x150
[   75.573573][ T9602]  ? __pfx___do_sys_statfs+0x10/0x10
[   75.574413][ T9602]  ? srso_return_thunk+0x5/0x5f
[   75.575216][ T9602]  ? srso_return_thunk+0x5/0x5f
[   75.576138][ T9602]  ? lock_acquire+0x32/0xc0
[   75.576812][ T9602]  ? do_syscall_64+0x91/0x250
[   75.577583][ T9602]  do_syscall_64+0xcb/0x250
[   75.578412][ T9602]  entry_SYSCALL_64_after_hwframe+0x77/0x7f
[   75.579263][ T9602] RIP: 0033:0x7f083811007d
[   75.579932][ T9602] Code: c3 e8 87 21 00 00 0f 1f 80 00 00 00 00 f3 0f 1e fa 48 89 f8 48 89 f7 48 89 d6 48 89 ca 4d 89 c2 4d 89 c8 4c 8b 4c 24 08 0f 05 <48> 3d 01 f0 ff ff 73 01 c3 48 c7 c1 b8 ff ff ff f7 d8 64 89 01 48
[   75.582972][ T9602] RSP: 002b:00007ffe767ff618 EFLAGS: 00000246 ORIG_RAX: 0000000000000089
[   75.584354][ T9602] RAX: ffffffffffffffda RBX: 0030656c69662f2e RCX: 00007f083811007d
[   75.585454][ T9602] RDX: 00007f083810f07b RSI: 0000000000000000 RDI: 0000000020000040
[   75.586635][ T9602] RBP: 0000000000000000 R08: 0000000000005d29 R09: 00007f0838197700
[   75.587830][ T9602] R10: 00007ffe767ff4d0 R11: 0000000000000246 R12: 0000000000000001
[   75.588918][ T9602] R13: 431bde82d7b634db R14: 00007ffe767ff650 R15: 0000000000000001
[   75.590227][ T9602]  </TASK>
[   75.590916][ T9602] Kernel Offset: disabled
[   75.591509][ T9602] Rebooting in 86400 seconds..

VM DIAGNOSIS:
05:58:34  Registers:
info registers vcpu 0
RAX=ffff88801be84978 RBX=ffffffff903ee6d0 RCX=ffffffff81688edb RDX=0000000000000001
RSI=0000000000000008 RDI=ffff88801be84970 RBP=ffff88801be84978 RSP=ffffc90005fbfc48
R8 =0000000000000001 R9 =fffff52000bf7f94 R10=ffffc90005fbfca7 R11=0000000000000000
R12=1ffff92000bf7f90 R13=0000000000000001 R14=ffff8880290a5a00 R15=ffff88801be84970
RIP=ffffffff81edd4db RFL=00000286 [--S--P-] CPL=0 II=0 A20=1 SMM=0 HLT=0
ES =0000 0000000000000000 00000000 00000000
CS =0010 0000000000000000 ffffffff 00a09b00 DPL=0 CS64 [-RA]
SS =0018 0000000000000000 ffffffff 00c09300 DPL=0 DS   [-WA]
DS =0000 0000000000000000 00000000 00000000
FS =0000 00007f10ef1e68c0 00000000 00000000
GS =0000 ffff888062800000 00000000 00000000
LDT=0000 fffffe0000000000 00000000 00000000
TR =0040 fffffe0000003000 00004087 00008b00 DPL=0 TSS64-busy
GDT=     fffffe0000001000 0000007f
IDT=     fffffe0000000000 00000fff
CR0=80050033 CR2=00007f10ef382b30 CR3=0000000025108000 CR4=00350ef0
DR0=0000000000000000 DR1=0000000000000000 DR2=0000000000000000 DR3=0000000000000000 
DR6=00000000ffff0ff0 DR7=0000000000000400
EFER=0000000000001d01
FCW=037f FSW=0000 [ST=0] FTW=00 MXCSR=00001f80
FPR0=0000000000000000 0000 FPR1=0000000000000000 0000
FPR2=0000000000000000 0000 FPR3=0000000000000000 0000
FPR4=0000000000000000 0000 FPR5=0000000000000000 0000
FPR6=0000000000000000 0000 FPR7=0000000000000000 0000
YMM00=0000000000000000 0000000000000000 0000000000000000 002f2e2e2f002e2e
YMM01=0000000000000000 0000000000000000 0000000000000000 00006c696146002f
YMM02=0000000000000000 0000000000000000 ffffffffffffffff ff0f0e0d0c0b0a09
YMM03=0000000000000000 0000000000000000 0000000000000000 000055f800716d2f
YMM04=0000000000000000 0000000000000000 2f2f2f2f2f2f2f2f 2f2f2f2f2f2f2f2f
YMM05=0000000000000000 0000000000000000 000055f83c649860 000055f83c489e70
YMM06=0000000000000000 0000000000000000 000055f83c48b120 0000000300000000
YMM07=0000000000000000 0000000000000000 0000000000000000 0000000000000000
YMM08=0000000000000000 0000000000000000 3a212d2b007b3d0d 0a0920002c0d0a09
YMM09=0000000000000000 0000000000000000 0000000000000000 0000000000000000
YMM10=0000000000000000 0000000000000000 0000000000200000 0000000000200000
YMM11=0000000000000000 0000000000000000 0000000000000000 0000000000000000
YMM12=0000000000000000 0000000000000000 0000000000000000 0000000000000000
YMM13=0000000000000000 0000000000000000 0000000000000000 0000000000000000
YMM14=0000000000000000 0000000000000000 0000000000000000 0000000000000000
YMM15=0000000000000000 0000000000000000 0000000000000000 0000000000000000
info registers vcpu 1
RAX=000000000002fb6b RBX=0000000000000001 RCX=ffffffff8b07bf49 RDX=0000000000000000
RSI=0000000000000001 RDI=0000000000000000 RBP=dffffc0000000000 RSP=ffffc9000017fe00
R8 =0000000000000001 R9 =ffffed1026bc7035 R10=ffff888135e381ab R11=0000000000000000
R12=0000000000000001 R13=ffffffff903eb3d0 R14=0000000000000000 R15=0000000000000000
RIP=ffffffff8b07d8be RFL=00000202 [-------] CPL=0 II=0 A20=1 SMM=0 HLT=1
ES =0000 0000000000000000 00000000 00000000
CS =0010 0000000000000000 ffffffff 00a09b00 DPL=0 CS64 [-RA]
SS =0018 0000000000000000 ffffffff 00c09300 DPL=0 DS   [-WA]
DS =0000 0000000000000000 00000000 00000000
FS =0000 0000000000000000 00000000 00000000
GS =0000 ffff888135e00000 00000000 00000000
LDT=0000 fffffe0000000000 00000000 00000000
TR =0040 fffffe000004a000 00004087 00008b00 DPL=0 TSS64-busy
GDT=     fffffe0000048000 0000007f
IDT=     fffffe0000000000 00000fff
CR0=80050033 CR2=00007fa3102f2990 CR3=000000000dd7e000 CR4=00350ef0
DR0=0000000000000000 DR1=0000000000000000 DR2=0000000000000000 DR3=0000000000000000 
DR6=00000000ffff0ff0 DR7=0000000000000400
EFER=0000000000001d01
FCW=037f FSW=0000 [ST=0] FTW=00 MXCSR=00001f80
FPR0=0000000000000000 0000 FPR1=0000000000000000 0000
FPR2=0000000000000000 0000 FPR3=0000000000000000 0000
FPR4=0000000000000000 0000 FPR5=0000000000000000 0000
FPR6=0000000000000000 0000 FPR7=0000000000000000 0000
YMM00=0000000000000000 0000000000000000 332a9b7fcf95599d bb17c6f218368094
YMM01=0000000000000000 0000000000000000 934be99ade0efa12 b41182235775a8fa
YMM02=0000000000000000 0000000000000000 6d0de7cc9abc71ec 29e540d5e99aa542
YMM03=0000000000000000 0000000000000000 a5de0273cc521ed4 90bd24d78a971f65
YMM04=0000000000000000 0000000000000000 0000000000000000 0000000000000030
YMM05=0000000000000000 0000000000000000 0000000000000000 41ffefe94968eee0
YMM06=0000000000000000 0000000000000000 0000000000000000 0000000041ffefe9
YMM07=0000000000000000 0000000000000000 41ffefe94968eee0 00000030011c3ed2
YMM08=0000000000000000 0000000000000000 c8000000e6000000 8a000000ea000000
YMM09=0000000000000000 0000000000000000 0000000000000000 0000000000000000
YMM10=0000000000000000 0000000000000000 6446f63834565e48 f335d4a2f4e97fa0
YMM11=0000000000000000 0000000000000000 fe4a0b50f51291eb aebcb9b33665b229
YMM12=0000000000000000 0000000000000000 0d0c0f0e09080b0a 0504070601000302
YMM13=0000000000000000 0000000000000000 0c0f0e0d080b0a09 0407060500030201
YMM14=0000000000000000 0000000000000000 0000000000000000 0000000000002500
YMM15=0000000000000000 0000000000000000 0000000000000000 0000000000000040
info registers vcpu 2
RAX=0000000000025159 RBX=0000000000000002 RCX=ffffffff8b07bf49 RDX=0000000000000000
RSI=0000000000000001 RDI=0000000000000000 RBP=dffffc0000000000 RSP=ffffc9000018fe00
R8 =0000000000000001 R9 =ffffed100c517035 R10=ffff8880628b81ab R11=0000000000000000
R12=0000000000000002 R13=ffffffff903eb3d0 R14=0000000000000000 R15=0000000000000000
RIP=ffffffff8b07d8be RFL=00000206 [-----P-] CPL=0 II=0 A20=1 SMM=0 HLT=1
ES =0000 0000000000000000 00000000 00000000
CS =0010 0000000000000000 ffffffff 00a09b00 DPL=0 CS64 [-RA]
SS =0018 0000000000000000 ffffffff 00c09300 DPL=0 DS   [-WA]
DS =0000 0000000000000000 00000000 00000000
FS =0000 0000000000000000 00000000 00000000
GS =0000 ffff888062880000 00000000 00000000
LDT=0000 fffffe0000000000 00000000 00000000
TR =0040 fffffe0000091000 00004087 00008b00 DPL=0 TSS64-busy
GDT=     fffffe000008f000 0000007f
IDT=     fffffe0000000000 00000fff
CR0=80050033 CR2=000055555ff37d68 CR3=0000000048834000 CR4=00350ef0
DR0=0000000000000000 DR1=0000000000000000 DR2=0000000000000000 DR3=0000000000000000 
DR6=00000000ffff0ff0 DR7=0000000000000400
EFER=0000000000001d01
FCW=037f FSW=0000 [ST=0] FTW=00 MXCSR=00001f80
FPR0=0000000000000000 0000 FPR1=0000000000000000 0000
FPR2=0000000000000000 0000 FPR3=0000000000000000 0000
FPR4=0000000000000000 0000 FPR5=0000000000000000 0000
FPR6=0000000000000000 0000 FPR7=0000000000000000 0000
YMM00=0000000000000000 0000000000000000 0000000000989680 0000000000000000
YMM01=0000000000000000 0000000000000000 0000000000000000 0000000000989680
YMM02=0000000000000000 0000000000000000 00007f083819eb00 00007f083819eb00
YMM03=0000000000000000 0000000000000000 00007ffe767ff650 00007ffe767ff650
YMM04=0000000000000000 0000000000000000 0000000000000000 00007ffe767ff68f
YMM05=0000000000000000 0000000000000000 0000000000000000 00007f08381934d0
YMM06=0000000000000000 0000000000000000 0000000000000000 0000000000000000
YMM07=0000000000000000 0000000000000000 0000000000000000 0000000000000000
YMM08=0000000000000000 0000000000000000 36396f7369007265 6c6c616b7a797300
YMM09=0000000000000000 0000000000000000 0000000000000000 0000000000000000
YMM10=0000000000000000 0000000000000000 0000000000000000 0000000000000000
YMM11=0000000000000000 0000000000000000 0000000000000000 0000000000000000
YMM12=0000000000000000 0000000000000000 0000000000000000 0000000000000000
YMM13=0000000000000000 0000000000000000 0000000000000000 0000000000000000
YMM14=0000000000000000 0000000000000000 0000000000000000 0000000000000000
YMM15=0000000000000000 0000000000000000 0000000000000000 0000000000000000
info registers vcpu 3
RAX=0000000000000001 RBX=1ffff92000007f07 RCX=1ffff92000007eee RDX=1ffff1100385715b
RSI=0000000000000001 RDI=ffffffff8b4ce020 RBP=0000000000000000 RSP=ffffc9000003f808
R8 =0000000000000000 R9 =fffffbfff2d82998 R10=ffffffff96c14cc7 R11=0000000000000000
R12=0000000000000000 R13=0000000000000000 R14=0000000000000000 R15=ffffffff9a81a6c0
RIP=ffffffff8169d5a2 RFL=00000082 [--S----] CPL=0 II=0 A20=1 SMM=0 HLT=0
ES =0000 0000000000000000 00000000 00000000
CS =0010 0000000000000000 ffffffff 00a09b00 DPL=0 CS64 [-RA]
SS =0018 0000000000000000 ffffffff 00c09300 DPL=0 DS   [-WA]
DS =0000 0000000000000000 00000000 00000000
FS =0000 00007f48a4638900 00000000 00000000
GS =0000 ffff888135e80000 00000000 00000000
LDT=0000 fffffe0000000000 00000000 00000000
TR =0040 fffffe00000d8000 00004087 00008b00 DPL=0 TSS64-busy
GDT=     fffffe00000d6000 0000007f
IDT=     fffffe0000000000 00000fff
CR0=80050033 CR2=0000556879759208 CR3=000000002f58c000 CR4=00350ef0
DR0=0000000000000000 DR1=0000000000000000 DR2=0000000000000000 DR3=0000000000000000 
DR6=00000000ffff0ff0 DR7=0000000000000400
EFER=0000000000001d01
FCW=037f FSW=0000 [ST=0] FTW=00 MXCSR=00001f80
FPR0=0000000000000000 0000 FPR1=0000000000000000 0000
FPR2=0000000000000000 0000 FPR3=0000000000000000 0000
FPR4=0000000000000000 0000 FPR5=0000000000000000 0000
FPR6=0000000000000000 0000 FPR7=0000000000000000 0000
YMM00=0000000000000000 0000000000000000 2c2c2c2c2c2c2c2c 2c2c2c2c2c2c2c2c
YMM01=0000000000000000 0000000000000000 000000ff00000000 0000000000000000
YMM02=0000000000000000 0000000000000000 000000ff00000000 0000000000000000
YMM03=0000000000000000 0000000000000000 006164732f6b636f 6c622f303a303a30
YMM04=0000000000000000 0000000000000000 2c7665646f6e2c64 6975736f6e2c7772
YMM05=0000000000000000 0000000000000000 006c006164732f6b 636f6c622f303a30
YMM06=0000000000000000 0000000000000000 2f3074736f682f31 6174612f312e3130
YMM07=0000000000000000 0000000000000000 0000000000000000 0000000000000000
YMM08=0000000000000000 0000000000000000 6578450065725074 7261745363657845
YMM09=0000000000000000 0000000000000000 0000000000000000 0000000000000000
YMM10=0000000000000000 0000000000000000 0000000000000000 0000200000000000
YMM11=0000000000000000 0000000000000000 0000000000000000 0000000000000000
YMM12=0000000000000000 0000000000000000 0000000000000000 0000000000000000
YMM13=0000000000000000 0000000000000000 0000000000000000 0000000000000000
YMM14=0000000000000000 0000000000000000 0000000000000000 0000000000000000
YMM15=0000000000000000 0000000000000000 0000000000000000 0000000000000000
info registers vcpu 4
RAX=0000000000024ed3 RBX=0000000000000004 RCX=ffffffff8b07bf49 RDX=0000000000000000
RSI=0000000000000001 RDI=0000000000000000 RBP=dffffc0000000000 RSP=ffffc900001afe00
R8 =0000000000000001 R9 =ffffed100c527035 R10=ffff8880629381ab R11=0000000000000000
R12=0000000000000004 R13=ffffffff903eb3d0 R14=0000000000000000 R15=0000000000000000
RIP=ffffffff8b07d8be RFL=00000202 [-------] CPL=0 II=0 A20=1 SMM=0 HLT=1
ES =0000 0000000000000000 00000000 00000000
CS =0010 0000000000000000 ffffffff 00a09b00 DPL=0 CS64 [-RA]
SS =0018 0000000000000000 ffffffff 00c09300 DPL=0 DS   [-WA]
DS =0000 0000000000000000 00000000 00000000
FS =0000 0000000000000000 00000000 00000000
GS =0000 ffff888062900000 00000000 00000000
LDT=0000 fffffe0000000000 00000000 00000000
TR =0040 fffffe000011f000 00004087 00008b00 DPL=0 TSS64-busy
GDT=     fffffe000011d000 0000007f
IDT=     fffffe0000000000 00000fff
CR0=80050033 CR2=00007f1fd0ad7ac0 CR3=0000000027e20000 CR4=00350ef0
DR0=0000000000000000 DR1=0000000000000000 DR2=0000000000000000 DR3=0000000000000000 
DR6=00000000ffff0ff0 DR7=0000000000000400
EFER=0000000000001d01
FCW=037f FSW=0000 [ST=0] FTW=00 MXCSR=00001f80
FPR0=0000000000000000 0000 FPR1=0000000000000000 0000
FPR2=0000000000000000 0000 FPR3=0000000000000000 0000
FPR4=0000000000000000 0000 FPR5=0000000000000000 0000
FPR6=0000000000000000 0000 FPR7=0000000000000000 0000
YMM00=0000000000000000 0000000000000000 0000000000000000 0000000000000000
YMM01=0000000000000000 0000000000000000 acf8c73371643393 7342675aa26145e8
YMM02=0000000000000000 0000000000000000 22ba204eea562bb6 00000000002c58d8
YMM03=0000000000000000 0000000000000000 80f09f19808d26a3 00000000002c5b18
YMM04=0000000000000000 0000000000000000 2f9cd78c4ff1987b 0000000000451608
YMM05=0000000000000000 0000000000000000 d3fdd5f48436fbd7 00000000002c5980
YMM06=0000000000000000 0000000000000000 600948edd86e1190 00000000002c5838
YMM07=0000000000000000 0000000000000000 a1fcdcf819d7e1e5 00000000002c55d8
YMM08=0000000000000000 0000000000000000 44495f474f4c5359 530069253d595449
YMM09=0000000000000000 0000000000000000 0000000000000000 0000000000000000
YMM10=0000000000000000 0000000000000000 2020000000002020 2020202020200000
YMM11=0000000000000000 0000000000000000 0000000000000000 0000000000000000
YMM12=0000000000000000 0000000000000000 0000000000000000 0000000000000000
YMM13=0000000000000000 0000000000000000 0000000000000000 0000000000000000
YMM14=0000000000000000 0000000000000000 0000000000000000 0000000000000000
YMM15=0000000000000000 0000000000000000 0000000000000000 0000000000000000
info registers vcpu 5
RAX=000000000000002f RBX=00000000000003f8 RCX=0000000000000000 RDX=00000000000003f8
RSI=ffffffff84f88965 RDI=ffffffff9a8d0e40 RBP=ffffffff9a8d0e00 RSP=ffffc90017897628
R8 =0000000000000000 R9 =ffffed1004abf046 R10=0000000000000000 R11=0000000000000000
R12=0000000000000000 R13=000000000000002f R14=ffffffff84f88900 R15=0000000000000000
RIP=ffffffff84f8898f RFL=00000002 [-------] CPL=0 II=0 A20=1 SMM=0 HLT=0
ES =0000 0000000000000000 00000000 00000000
CS =0010 0000000000000000 ffffffff 00a09b00 DPL=0 CS64 [-RA]
SS =0018 0000000000000000 ffffffff 00c09300 DPL=0 DS   [-WA]
DS =0000 0000000000000000 00000000 00000000
FS =0000 000055555ff373c0 00000000 00000000
GS =0000 ffff888135f00000 00000000 00000000
LDT=0000 fffffe0000000000 00000000 00000000
TR =0040 fffffe0000166000 00004087 00008b00 DPL=0 TSS64-busy
GDT=     fffffe0000164000 0000007f
IDT=     fffffe0000000000 00000fff
CR0=80050033 CR2=0000000020000040 CR3=00000000285c8000 CR4=00350ef0
DR0=0000000000000000 DR1=0000000000000000 DR2=0000000000000000 DR3=0000000000000000 
DR6=00000000ffff0ff0 DR7=0000000000000400
EFER=0000000000001d01
FCW=037f FSW=0000 [ST=0] FTW=00 MXCSR=00001f80
FPR0=0000000000000000 0000 FPR1=0000000000000000 0000
FPR2=0000000000000000 0000 FPR3=0000000000000000 0000
FPR4=0000000000000000 0000 FPR5=0000000000000000 0000
FPR6=0000000000000000 0000 FPR7=0000000000000000 0000
YMM00=0000000000000000 0000000000000000 ffffffffffffffff ffffffffff0000ff
YMM01=0000000000000000 0000000000000000 0000000000000000 000000000073666a
YMM02=0000000000000000 0000000000000000 0000000000000000 0000000000000000
YMM03=0000000000000000 0000000000000000 0000000000000000 0000000000000000
YMM04=0000000000000000 0000000000000000 0000000000000000 00007ffe767ff4cf
YMM05=0000000000000000 0000000000000000 39ffebffd7efcaff febffd15fffafff4
YMM06=0000000000000000 0000000000000000 711dff7723680000 007fec5b8f6ffbb9
YMM07=0000000000000000 0000000000000000 0000000000000000 0000000000000000
YMM08=0000000000000000 0000000000000000 36396f7369007265 6c6c616b7a797300
YMM09=0000000000000000 0000000000000000 0000000000000000 0000000000000000
YMM10=0000000000000000 0000000000000000 0000000000000000 0000000000000000
YMM11=0000000000000000 0000000000000000 0000000000000000 0000000000000000
YMM12=0000000000000000 0000000000000000 0000000000000000 0000000000000000
YMM13=0000000000000000 0000000000000000 0000000000000000 0000000000000000
YMM14=0000000000000000 0000000000000000 0000000000000000 0000000000000000
YMM15=0000000000000000 0000000000000000 0000000000000000 0000000000000000
info registers vcpu 6
RAX=000000000002728d RBX=0000000000000006 RCX=ffffffff8b07bf49 RDX=0000000000000000
RSI=0000000000000001 RDI=0000000000000000 RBP=dffffc0000000000 RSP=ffffc900001cfe00
R8 =0000000000000001 R9 =ffffed100c537035 R10=ffff8880629b81ab R11=0000000000000000
R12=0000000000000006 R13=ffffffff903eb3d0 R14=0000000000000000 R15=0000000000000000
RIP=ffffffff8b07d8be RFL=00000206 [-----P-] CPL=0 II=0 A20=1 SMM=0 HLT=1
ES =0000 0000000000000000 00000000 00000000
CS =0010 0000000000000000 ffffffff 00a09b00 DPL=0 CS64 [-RA]
SS =0018 0000000000000000 ffffffff 00c09300 DPL=0 DS   [-WA]
DS =0000 0000000000000000 00000000 00000000
FS =0000 0000000000000000 00000000 00000000
GS =0000 ffff888062980000 00000000 00000000
LDT=0000 fffffe0000000000 00000000 00000000
TR =0040 fffffe00001ad000 00004087 00008b00 DPL=0 TSS64-busy
GDT=     fffffe00001ab000 0000007f
IDT=     fffffe0000000000 00000fff
CR0=80050033 CR2=00007ffcf67e2ff8 CR3=0000000021ce6000 CR4=00350ef0
DR0=0000000000000000 DR1=0000000000000000 DR2=0000000000000000 DR3=0000000000000000 
DR6=00000000ffff0ff0 DR7=0000000000000400
EFER=0000000000001d01
FCW=037f FSW=0000 [ST=0] FTW=00 MXCSR=00001f80
FPR0=0000000000000000 0000 FPR1=0000000000000000 0000
FPR2=0000000000000000 0000 FPR3=0000000000000000 0000
FPR4=0000000000000000 0000 FPR5=0000000000000000 0000
FPR6=0000000000000000 0000 FPR7=0000000000000000 0000
YMM00=0000000000000000 0000000000000000 0000000000000000 0000000000000000
YMM01=0000000000000000 0000000000000000 68d06438d92bbcde 27e195d6dd726ca1
YMM02=0000000000000000 0000000000000000 ad2b9072491b1c19 2934f944d5b501f5
YMM03=0000000000000000 0000000000000000 6cbd9f7477d42776 2991c2bafe114b05
YMM04=0000000000000000 0000000000000000 0000000000000000 0000000000000000
YMM05=0000000000000000 0000000000000000 0000000000000000 0000000000000000
YMM06=0000000000000000 0000000000000000 0d0c0f0e09080b0a 0504070601000302
YMM07=0000000000000000 0000000000000000 0e0d0c0f0a09080b 0605040702010003
YMM08=0000000000000000 0000000000000000 636578655f6f6400 745f647074667300
YMM09=0000000000000000 0000000000000000 0000000000000000 0000000000000000
YMM10=0000000000000000 0000000000000000 0000000000000000 0000000000000000
YMM11=0000000000000000 0000000000000000 0000000000000000 0000000000000000
YMM12=0000000000000000 0000000000000000 0000000000000000 0000000000000000
YMM13=0000000000000000 0000000000000000 0000000000000000 0000000000000000
YMM14=0000000000000000 0000000000000000 0000000000000000 0000000000000000
YMM15=0000000000000000 0000000000000000 0000000000000000 0000000000000000
info registers vcpu 7
RAX=000000000002950b RBX=0000000000000007 RCX=ffffffff8b07bf49 RDX=0000000000000000
RSI=0000000000000001 RDI=0000000000000000 RBP=dffffc0000000000 RSP=ffffc900001dfe00
R8 =0000000000000001 R9 =ffffed1026bf7035 R10=ffff888135fb81ab R11=0000000000000000
R12=0000000000000007 R13=ffffffff903eb3d0 R14=0000000000000000 R15=0000000000000000
RIP=ffffffff8b07d8be RFL=00000202 [-------] CPL=0 II=0 A20=1 SMM=0 HLT=1
ES =0000 0000000000000000 00000000 00000000
CS =0010 0000000000000000 ffffffff 00a09b00 DPL=0 CS64 [-RA]
SS =0018 0000000000000000 ffffffff 00c09300 DPL=0 DS   [-WA]
DS =0000 0000000000000000 00000000 00000000
FS =0000 0000000000000000 00000000 00000000
GS =0000 ffff888135f80000 00000000 00000000
LDT=0000 fffffe0000000000 00000000 00000000
TR =0040 fffffe00001f4000 00004087 00008b00 DPL=0 TSS64-busy
GDT=     fffffe00001f2000 0000007f
IDT=     fffffe0000000000 00000fff
CR0=80050033 CR2=00007f38514b1990 CR3=00000000255bc000 CR4=00350ef0
DR0=0000000000000000 DR1=0000000000000000 DR2=0000000000000000 DR3=0000000000000000 
DR6=00000000ffff0ff0 DR7=0000000000000400
EFER=0000000000001d01
FCW=037f FSW=0000 [ST=0] FTW=00 MXCSR=00001f80
FPR0=0000000000000000 0000 FPR1=0000000000000000 0000
FPR2=0000000000000000 0000 FPR3=0000000000000000 0000
FPR4=0000000000000000 0000 FPR5=0000000000000000 0000
FPR6=0000000000000000 0000 FPR7=0000000000000000 0000
YMM00=0000000000000000 0000000000000000 0000000000000000 0000000000000000
YMM01=0000000000000000 0000000000000000 0000000000000000 00000000000000ff
YMM02=0000000000000000 0000000000000000 0000000000000000 00000000000000ff
YMM03=0000000000000000 0000000000000000 5d3230363954205b 5d3637373739342e
YMM04=0000000000000000 0000000000000000 205b5d3035353834 312e35372020205b
YMM05=0000000000000000 0000000000000000 636f72703d737361 6c63742033323031
YMM06=0000000000000000 0000000000000000 69666e6f636e753a 725f64656e69666e
YMM07=0000000000000000 0000000000000000 0000000000000000 0000000000000000
YMM08=0000000000000000 0000000000000000 6d63657865207b20 206465696e656400
YMM09=0000000000000000 0000000000000000 0000000000000000 0000000000000000
YMM10=0000000000000000 0000000000000000 0000000000000000 0000000000000000
YMM11=0000000000000000 0000000000000000 0000000000000000 0000000000000000
YMM12=0000000000000000 0000000000000000 0000000000000000 0000000000000000
YMM13=0000000000000000 0000000000000000 0000000000000000 0000000000000000
YMM14=0000000000000000 0000000000000000 0000000000000000 0000000000000000
YMM15=0000000000000000 0000000000000000 0000000000000000 0000000000000000
