Warning: Permanently added '[localhost]:61158' (ED25519) to the list of known hosts.
executing program
syzkaller login: [   34.871978][ T8339] loop0: detected capacity change from 0 to 32768
[   34.879558][ T8339] =======================================================
[   34.879558][ T8339] WARNING: The mand mount option has been deprecated and
[   34.879558][ T8339]          and is ignored by this kernel. Remove the mand
[   34.879558][ T8339]          option from the mount to silence this warning.
[   34.879558][ T8339] =======================================================
[   34.936972][ T8339] bcachefs (loop0): starting version 1.7: mi_btree_bitmap opts=metadata_checksum=none,data_checksum=none,compression=lz4,nojournal_transaction_names
[   34.937792][ T8339] bcachefs (loop0): recovering from clean shutdown, journal seq 13
[   34.938240][ T8339] bcachefs (loop0): Doing compatible version upgrade from 1.7: mi_btree_bitmap to 1.12: rebalance_work_acct_fix
[   34.938240][ T8339]   running recovery passes: check_allocations
[   34.947574][ T8339] bcachefs (loop0): flagging btree backpointers lost data
[   34.949519][ T8339] error reading btree root backpointers l=0: btree_node_read_error, shutting down
[   34.950255][ T8339] bcachefs (loop0): inconsistency detected - emergency read only at journal seq 13
[   34.950725][ T8339] bcachefs (loop0): bch2_fs_recovery(): error fsck_errors_not_fixed
[   34.951083][ T8339] bcachefs (loop0): bch2_fs_start(): error starting filesystem fsck_errors_not_fixed
[   34.951526][ T8339] bcachefs (loop0): shutting down
[   34.956990][ T8339] bcachefs (loop0): shutdown complete
[   34.958305][ T8339] Oops: general protection fault, probably for non-canonical address 0xd5546b70ccd2aace: 0000 [#1] PREEMPT SMP KASAN NOPTI
[   34.958911][ T8339] CPU: 0 UID: 0 PID: 8339 Comm: syz-executor279 Not tainted 6.11.0-rc5-00081-gd5d547aa7b51 #1
[   34.959372][ T8339] Hardware name: QEMU Standard PC (i440FX + PIIX, 1996), BIOS 1.15.0-1 04/01/2014
[   34.959852][ T8339] RIP: 0010:qlist_move_cache+0x6b/0x120
[   34.960326][ T8339] Code: 26 49 83 3e 00 0f 84 bb 00 00 00 49 8b 46 08 4c 89 28 4d 89 6e 08 49 c7 45 00 00 00 00 00 49 01 56 10 4d 85 ff 74 6a 4d 89 fd <4d> 8b 3f 4c 89 ef e8 5a 53 58 ff 48 c1 e8 0c 48 c1 e0 06 4c 01 e0
[   34.961225][ T8339] RSP: 0018:ffffc900094bf990 EFLAGS: 00010082
[   34.961514][ T8339] RAX: ffff8880186de600 RBX: ffffc900094bf9c8 RCX: ffffffff813d99ef
[   34.961886][ T8339] RDX: 0000000000002000 RSI: ffffffff813d99f9 RDI: 0000000000000007
[   34.962258][ T8339] RBP: ffff888021e93000 R08: 0000000000000001 R09: fffff52001297f27
[   34.962633][ T8339] R10: 0000000000000000 R11: 0000000000000000 R12: ffffea0000000000
[   34.963005][ T8339] R13: d5546b70ccd2aace R14: ffffffff94c448c0 R15: d5546b70ccd2aace
[   34.963377][ T8339] FS:  000055558e0b7480(0000) GS:ffff88802c400000(0000) knlGS:0000000000000000
[   34.963795][ T8339] CS:  0010 DS: 0000 ES: 0000 CR0: 0000000080050033
[   34.964106][ T8339] CR2: 00007fed0ce5f020 CR3: 0000000049202000 CR4: 0000000000750ef0
[   34.964479][ T8339] PKRU: 55555554
[   34.964650][ T8339] Call Trace:
[   34.964809][ T8339]  <TASK>
[   34.964951][ T8339]  ? show_regs+0x93/0xa0
[   34.965162][ T8339]  ? die_addr+0x50/0xd0
[   34.965362][ T8339]  ? exc_general_protection+0x1a3/0x320
[   34.965632][ T8339]  ? asm_exc_general_protection+0x26/0x30
[   34.965906][ T8339]  ? __phys_addr+0xbf/0x150
[   34.966125][ T8339]  ? __phys_addr+0xc9/0x150
[   34.966344][ T8339]  ? qlist_move_cache+0x6b/0x120
[   34.966590][ T8339]  kasan_quarantine_remove_cache+0x102/0x190
[   34.966880][ T8339]  kmem_cache_destroy+0x58/0x1b0
[   34.967120][ T8339]  bioset_exit+0x2ff/0x5b0
[   34.967341][ T8339]  ? __genradix_free+0xba/0x110
[   34.967575][ T8339]  bch2_fs_fs_io_direct_exit+0x19/0x30
[   34.967836][ T8339]  bch2_fs_release+0xad/0x8e0
[   34.968063][ T8339]  kobject_put+0x1af/0x4c0
[   34.968281][ T8339]  bch2_fs_get_tree+0x1002/0x1330
[   34.968525][ T8339]  ? __pfx_bch2_fs_get_tree+0x10/0x10
[   34.968787][ T8339]  ? bpf_lsm_sb_eat_lsm_opts+0x9/0x10
[   34.969047][ T8339]  ? safesetid_security_capable+0xc4/0x1e0
[   34.969330][ T8339]  ? bpf_lsm_capable+0x9/0x10
[   34.969559][ T8339]  ? security_capable+0x99/0xc0
[   34.969798][ T8339]  vfs_get_tree+0x94/0x380
[   34.970014][ T8339]  path_mount+0x6b2/0x1ea0
[   34.970232][ T8339]  ? __pfx_path_mount+0x10/0x10
[   34.970468][ T8339]  ? putname+0x12a/0x170
[   34.970677][ T8339]  ? putname+0x12a/0x170
[   34.970887][ T8339]  __x64_sys_mount+0x284/0x310
[   34.971119][ T8339]  ? __pfx___x64_sys_mount+0x10/0x10
[   34.971375][ T8339]  do_syscall_64+0xcb/0x250
[   34.971593][ T8339]  entry_SYSCALL_64_after_hwframe+0x77/0x7f
[   34.971875][ T8339] RIP: 0033:0x7fafb9d9f63e
[   34.972091][ T8339] Code: 48 c7 c0 ff ff ff ff eb aa e8 ce 09 00 00 66 2e 0f 1f 84 00 00 00 00 00 0f 1f 40 00 f3 0f 1e fa 49 89 ca b8 a5 00 00 00 0f 05 <48> 3d 01 f0 ff ff 73 01 c3 48 c7 c1 b8 ff ff ff f7 d8 64 89 01 48
[   34.972989][ T8339] RSP: 002b:00007ffd55630a18 EFLAGS: 00000282 ORIG_RAX: 00000000000000a5
[   34.973383][ T8339] RAX: ffffffffffffffda RBX: 000055558e0b7438 RCX: 00007fafb9d9f63e
[   34.973756][ T8339] RDX: 000000002000f640 RSI: 000000002000f680 RDI: 00007ffd55630a30
[   34.974128][ T8339] RBP: 00007ffd55630a30 R08: 00007ffd55630a70 R09: 000000000000f619
[   34.974502][ T8339] R10: 0000000001200040 R11: 0000000000000282 R12: 0000000001200040
[   34.974874][ T8339] R13: 00007ffd55630a70 R14: 0000000000000003 R15: 0000000000000000
[   34.975249][ T8339]  </TASK>
[   34.975397][ T8339] Modules linked in:
[   34.975586][ T8339] ---[ end trace 0000000000000000 ]---
[   34.975843][ T8339] RIP: 0010:qlist_move_cache+0x6b/0x120
[   34.976110][ T8339] Code: 26 49 83 3e 00 0f 84 bb 00 00 00 49 8b 46 08 4c 89 28 4d 89 6e 08 49 c7 45 00 00 00 00 00 49 01 56 10 4d 85 ff 74 6a 4d 89 fd <4d> 8b 3f 4c 89 ef e8 5a 53 58 ff 48 c1 e8 0c 48 c1 e0 06 4c 01 e0
[   34.977008][ T8339] RSP: 0018:ffffc900094bf990 EFLAGS: 00010082
[   34.977295][ T8339] RAX: ffff8880186de600 RBX: ffffc900094bf9c8 RCX: ffffffff813d99ef
[   34.977668][ T8339] RDX: 0000000000002000 RSI: ffffffff813d99f9 RDI: 0000000000000007
[   34.978039][ T8339] RBP: ffff888021e93000 R08: 0000000000000001 R09: fffff52001297f27
[   34.978413][ T8339] R10: 0000000000000000 R11: 0000000000000000 R12: ffffea0000000000
[   34.978785][ T8339] R13: d5546b70ccd2aace R14: ffffffff94c448c0 R15: d5546b70ccd2aace
[   34.979158][ T8339] FS:  000055558e0b7480(0000) GS:ffff88802c400000(0000) knlGS:0000000000000000
[   34.979577][ T8339] CS:  0010 DS: 0000 ES: 0000 CR0: 0000000080050033
[   34.979888][ T8339] CR2: 00007fed0ce5f020 CR3: 0000000049202000 CR4: 0000000000750ef0
[   34.980262][ T8339] PKRU: 55555554
[   34.980433][ T8339] Kernel panic - not syncing: Fatal exception
[   34.980927][ T8339] Kernel Offset: disabled
[   34.981132][ T8339] Rebooting in 86400 seconds..

VM DIAGNOSIS:
10:47:21  Registers:
info registers vcpu 0
RAX=0000000000000039 RBX=00000000000003f8 RCX=0000000000000000 RDX=00000000000003f8
RSI=ffffffff84e93ce5 RDI=ffffffff94ea7de0 RBP=ffffffff94ea7da0 RSP=ffffc900094bf340
R8 =0000000000000000 R9 =ffffed1003610046 R10=0000000000000000 R11=000000003a504952
R12=0000000000000000 R13=0000000000000039 R14=ffffffff84e93c80 R15=0000000000000000
RIP=ffffffff84e93d0f RFL=00000002 [-------] CPL=0 II=0 A20=1 SMM=0 HLT=0
ES =0000 0000000000000000 ffffffff 00c00000
CS =0010 0000000000000000 ffffffff 00a09b00 DPL=0 CS64 [-RA]
SS =0018 0000000000000000 ffffffff 00c09300 DPL=0 DS   [-WA]
DS =0000 0000000000000000 ffffffff 00c00000
FS =0000 000055558e0b7480 ffffffff 00c00000
GS =0000 ffff88802c400000 ffffffff 00c00000
LDT=0000 0000000000000000 ffffffff 00c00000
TR =0040 fffffe0000003000 00004087 00008b00 DPL=0 TSS64-busy
GDT=     fffffe0000001000 0000007f
IDT=     fffffe0000000000 00000fff
CR0=80050033 CR2=00007fed0ce5f020 CR3=0000000049202000 CR4=00750ef0
DR0=0000000000000000 DR1=0000000000000000 DR2=0000000000000000 DR3=0000000000000000 
DR6=00000000ffff0ff0 DR7=0000000000000400
EFER=0000000000000d01
FCW=037f FSW=0000 [ST=0] FTW=00 MXCSR=00001f80
FPR0=0000000000000000 0000 FPR1=0000000000000000 0000
FPR2=0000000000000000 0000 FPR3=0000000000000000 0000
FPR4=0000000000000000 0000 FPR5=0000000000000000 0000
FPR6=0000000000000000 0000 FPR7=0000000000000000 0000
YMM00=0000000000000000 0000000000000000 0000000000989680 0000000000000000
YMM01=0000000000000000 0000000000000000 0000000000000000 0000000000989680
YMM02=0000000000000000 0000000000000000 00007fafb9e39b60 00007fafb9e39b60
YMM03=0000000000000000 0000000000000000 00007ffd55630d10 00007ffd55630d10
YMM04=0000000000000000 0000000000000000 0000000000000000 00007ffd55630d4f
YMM05=0000000000000000 0000000000000000 0000000000000000 0000000000000000
YMM06=0000000000000000 0000000000000000 0000000000000000 0000000000000000
YMM07=0000000000000000 0000000000000000 0000000000000000 0000000000000000
YMM08=0000000000000000 0000000000000000 36396f7369007265 6c6c616b7a797300
YMM09=0000000000000000 0000000000000000 0000000000000000 0000000000000000
YMM10=0000000000000000 0000000000000000 0000000000000000 0000000000000000
YMM11=0000000000000000 0000000000000000 0000000000000000 0000000000000000
YMM12=0000000000000000 0000000000000000 0000000000000000 0000000000000000
YMM13=0000000000000000 0000000000000000 0000000000000000 0000000000000000
YMM14=0000000000000000 0000000000000000 0000000000000000 0000000000000000
YMM15=0000000000000000 0000000000000000 0000000000000000 0000000000000000
info registers vcpu 1
RAX=0000000000013114 RBX=0000000000000001 RCX=ffffffff8aeba899 RDX=ffffed100fd86fda
RSI=0000000000000000 RDI=ffffffff81628b48 RBP=dffffc0000000000 RSP=ffffc9000046fe00
R8 =0000000000000000 R9 =ffffed100fd86fd9 R10=ffff88807ec37ecb R11=0000000000000000
R12=0000000000000001 R13=ffffffff8fef1ed8 R14=0000000000000000 R15=0000000000000000
RIP=ffffffff8aebc23e RFL=00000246 [---Z-P-] CPL=0 II=0 A20=1 SMM=0 HLT=1
ES =0000 0000000000000000 ffffffff 00c00000
CS =0010 0000000000000000 ffffffff 00a09b00 DPL=0 CS64 [-RA]
SS =0018 0000000000000000 ffffffff 00c09300 DPL=0 DS   [-WA]
DS =0000 0000000000000000 ffffffff 00c00000
FS =0000 0000000000000000 ffffffff 00c00000
GS =0000 ffff88807ec00000 ffffffff 00c00000
LDT=0000 0000000000000000 ffffffff 00c00000
TR =0040 fffffe000004a000 00004087 00008b00 DPL=0 TSS64-busy
GDT=     fffffe0000048000 0000007f
IDT=     fffffe0000000000 00000fff
CR0=80050033 CR2=000056366f059ed0 CR3=0000000040f98000 CR4=00750ef0
DR0=0000000000000000 DR1=0000000000000000 DR2=0000000000000000 DR3=0000000000000000 
DR6=00000000ffff0ff0 DR7=0000000000000400
EFER=0000000000000d01
FCW=037f FSW=0000 [ST=0] FTW=00 MXCSR=00001f80
FPR0=0000000000000000 0000 FPR1=0000000000000000 0000
FPR2=0000000000000000 0000 FPR3=0000000000000000 0000
FPR4=0000000000000000 0000 FPR5=0000000000000000 0000
FPR6=0000000000000000 0000 FPR7=0000000000000000 0000
YMM00=0000000000000000 0000000000000000 0000000000000000 0000000000000000
YMM01=0000000000000000 0000000000000000 6576652d7372656b 726f772d6c6c696b
YMM02=0000000000000000 0000000000000000 ffffff0f0e0d0c0b 0a09080706050403
YMM03=0000000000000000 0000000000000000 696e656420737365 636341002f737973
YMM04=0000000000000000 0000000000000000 ffff0000ff000000 0000000000000000
YMM05=0000000000000000 0000000000000000 ffffffffffffff00 ffffffffffffff00
YMM06=0000000000000000 0000000000000000 ffff0000ff000000 0000000000000000
YMM07=0000000000000000 0000000000000000 0000000000000000 0000000000000000
YMM08=0000000000000000 0000000000000000 3c20706f20262620 30203d3e20706f00
YMM09=0000000000000000 0000000000000000 0000000000000000 0000000000000000
YMM10=0000000000000000 0000000000000000 6464646464646445 9b9b9b9b64640701
YMM11=0000000000000000 0000000000000000 0000000000000000 0000000000000000
YMM12=0000000000000000 0000000000000000 0000000000000000 0000000000000000
YMM13=0000000000000000 0000000000000000 0000000000000000 0000000000000000
YMM14=0000000000000000 0000000000000000 0000000000000000 0000000000000000
YMM15=0000000000000000 0000000000000000 0000000000000000 0000000000000000
